#
# There is insufficient memory for the Java Runtime Environment to continue.
# Native memory allocation (mmap) failed to map 46137344 bytes for committing reserved memory.
# Possible reasons:
#   The system is out of physical RAM or swap space
#   The process is running with CompressedOops enabled, and the Java Heap may be blocking the growth of the native heap
# Possible solutions:
#   Reduce memory load on the system
#   Increase physical memory or swap space
#   Check if swap backing store is full
#   Decrease Java heap size (-Xmx/-Xms)
#   Decrease number of Java threads
#   Decrease Java thread stack sizes (-Xss)
#   Set larger code cache with -XX:ReservedCodeCacheSize=
#   JVM is running with Unscaled Compressed Oops mode in which the Java heap is
#     placed in the first 4GB address space. The Java Heap base address is the
#     maximum limit for the native heap growth. Please use -XX:HeapBaseMinAddress
#     to set the Java Heap base and to place the Java Heap above 4GB virtual address.
# This output file may be truncated or incomplete.
#
#  Out of Memory Error (os_linux.cpp:2754), pid=16545, tid=0x00007fd41e43f700
#
# JRE version: OpenJDK Runtime Environment (8.0_242) (build 1.8.0_242-release-1644-b3-6222593)
# Java VM: OpenJDK 64-Bit Server VM (25.242-b3-6222593 mixed mode linux-amd64 compressed oops)
# Failed to write core dump. Core dumps have been disabled. To enable core dumping, try "ulimit -c unlimited" before starting Java again
#

---------------  T H R E A D  ---------------

Current thread (0x00007fd438078000):  VMThread [stack: 0x00007fd41e340000,0x00007fd41e440000] [id=16553]

Stack: [0x00007fd41e340000,0x00007fd41e440000],  sp=0x00007fd41e43e470,  free space=1017k
Native frames: (J=compiled Java code, j=interpreted, Vv=VM code, C=native code)
V  [libjvm.so+0xa1317d]  VMError::report_and_die()+0x15d
V  [libjvm.so+0x4d7bca]  report_vm_out_of_memory(char const*, int, unsigned long, VMErrorType, char const*)+0x8a
V  [libjvm.so+0x878fb8]  os::pd_commit_memory(char*, unsigned long, unsigned long, bool)+0xd8
V  [libjvm.so+0x87088f]  os::commit_memory(char*, unsigned long, unsigned long, bool)+0x1f
V  [libjvm.so+0x8ea5fb]  PSVirtualSpace::expand_by(unsigned long)+0x5b
V  [libjvm.so+0x8db36b]  PSOldGen::expand_by(unsigned long) [clone .part.109]+0x1b
V  [libjvm.so+0x8db52b]  PSOldGen::expand(unsigned long) [clone .part.111]+0xdb
V  [libjvm.so+0x8dbe08]  PSOldGen::resize(unsigned long)+0x188
V  [libjvm.so+0x8e14ac]  PSParallelCompact::invoke_no_policy(bool)+0x98c
V  [libjvm.so+0x8e17b9]  PSParallelCompact::invoke(bool)+0x59
V  [libjvm.so+0x464503]  CollectedHeap::collect_as_vm_thread(GCCause::Cause)+0x143
V  [libjvm.so+0xa14641]  VM_CollectForMetadataAllocation::doit()+0x141
V  [libjvm.so+0xa191b7]  VM_Operation::evaluate()+0x47
V  [libjvm.so+0xa17b98]  VMThread::evaluate_operation(VM_Operation*)+0x218
V  [libjvm.so+0xa17ff9]  VMThread::loop()+0x219
V  [libjvm.so+0xa18453]  VMThread::run()+0x83
V  [libjvm.so+0x8760c2]  java_start(Thread*)+0xf2

VM_Operation (0x00007fd41c3bb8c0): CollectForMetadataAllocation, mode: safepoint, requested by thread 0x00007fd3dc009000


---------------  P R O C E S S  ---------------

Java Threads: ( => current thread )
  0x00007fd3c9304800 JavaThread "Cache worker for file content cache (/home/peter/.gradle/caches/6.5/fileContent)" [_thread_blocked, id=16588, stack(0x00007fd3a75fc000,0x00007fd3a76fd000)]
  0x00007fd3c92cd800 JavaThread "jar transforms" [_thread_blocked, id=16587, stack(0x00007fd3a76fd000,0x00007fd3a77fe000)]
  0x00007fd3c9137800 JavaThread "Cache worker for execution history cache (/home/peter/.gradle/caches/6.5/executionHistory)" [_thread_blocked, id=16586, stack(0x00007fd3a7dfe000,0x00007fd3a7eff000)]
  0x00007fd3c90ff800 JavaThread "Cache worker for cache directory md-rule (/home/peter/.gradle/caches/6.5/md-rule)" [_thread_blocked, id=16585, stack(0x00007fd3a7eff000,0x00007fd3a8000000)]
  0x00007fd3c90a4800 JavaThread "Cache worker for cache directory md-supplier (/home/peter/.gradle/caches/6.5/md-supplier)" [_thread_blocked, id=16584, stack(0x00007fd414031000,0x00007fd414132000)]
  0x00007fd3c9074800 JavaThread "Cache worker for checksums cache (/home/peter/AndroidStudioProjects/Toliet/.gradle/checksums)" [_thread_blocked, id=16583, stack(0x00007fd4145f9000,0x00007fd4146fa000)]
  0x00007fd3c8f89800 JavaThread "Cache worker for file hash cache (/home/peter/AndroidStudioProjects/Toliet/.gradle/6.5/fileHashes)" [_thread_blocked, id=16582, stack(0x00007fd4146fa000,0x00007fd4147fb000)]
  0x00007fd3c82c1000 JavaThread "Cache worker for file hash cache (/home/peter/.gradle/caches/6.5/fileHashes)" [_thread_blocked, id=16581, stack(0x00007fd4149fb000,0x00007fd414afc000)]
  0x00007fd3c8174800 JavaThread "File lock request listener" [_thread_in_native, id=16579, stack(0x00007fd414afc000,0x00007fd414bfd000)]
  0x00007fd3c816d800 JavaThread "Cache worker for journal cache (/home/peter/.gradle/caches/journal-1)" [_thread_blocked, id=16578, stack(0x00007fd414bfd000,0x00007fd414cfe000)]
  0x00007fd3c8016000 JavaThread "Thread-9" [_thread_blocked, id=16577, stack(0x00007fd414efe000,0x00007fd414fff000)]
  0x00007fd3c800a000 JavaThread "Stdin handler" [_thread_blocked, id=16576, stack(0x00007fd41c0c3000,0x00007fd41c1c4000)]
  0x00007fd3c8008800 JavaThread "Asynchronous log dispatcher for DefaultDaemonConnection: socket connection from /127.0.0.1:43809 to /127.0.0.1:39854" [_thread_blocked, id=16575, stack(0x00007fd41c1c4000,0x00007fd41c2c5000)]
  0x00007fd3dc009000 JavaThread "Daemon worker" [_thread_blocked, id=16572, stack(0x00007fd41c2c5000,0x00007fd41c3c6000)]
  0x00007fd3dc007000 JavaThread "Cancel handler" [_thread_blocked, id=16571, stack(0x00007fd41c3c6000,0x00007fd41c4c7000)]
  0x00007fd3dc004000 JavaThread "Handler for socket connection from /127.0.0.1:43809 to /127.0.0.1:39854" [_thread_in_native, id=16570, stack(0x00007fd41c6c7000,0x00007fd41c7c8000)]
  0x00007fd3e402d000 JavaThread "Daemon" [_thread_blocked, id=16569, stack(0x00007fd41c7c8000,0x00007fd41c8c9000)]
  0x00007fd43928b800 JavaThread "Daemon periodic checks" [_thread_blocked, id=16568, stack(0x00007fd41c8c9000,0x00007fd41c9ca000)]
  0x00007fd438270800 JavaThread "Incoming local TCP Connector on port 43809" [_thread_in_native, id=16567, stack(0x00007fd41c9d1000,0x00007fd41cad2000)]
  0x00007fd43841f000 JavaThread "Daemon health stats" [_thread_blocked, id=16566, stack(0x00007fd41cad7000,0x00007fd41cbd8000)]
  0x00007fd4380c0000 JavaThread "Service Thread" daemon [_thread_blocked, id=16560, stack(0x00007fd41d953000,0x00007fd41da54000)]
  0x00007fd4380bd000 JavaThread "C1 CompilerThread2" daemon [_thread_blocked, id=16559, stack(0x00007fd41da55000,0x00007fd41db55000)]
  0x00007fd4380bb000 JavaThread "C2 CompilerThread1" daemon [_thread_in_native, id=16558, stack(0x00007fd41db56000,0x00007fd41dc56000)]
  0x00007fd4380b8000 JavaThread "C2 CompilerThread0" daemon [_thread_blocked, id=16557, stack(0x00007fd41dc57000,0x00007fd41dd57000)]
  0x00007fd4380b6000 JavaThread "Signal Dispatcher" daemon [_thread_blocked, id=16556, stack(0x00007fd41dd57000,0x00007fd41de58000)]
  0x00007fd438086000 JavaThread "Finalizer" daemon [_thread_blocked, id=16555, stack(0x00007fd41e13d000,0x00007fd41e23e000)]
  0x00007fd438081800 JavaThread "Reference Handler" daemon [_thread_blocked, id=16554, stack(0x00007fd41e23e000,0x00007fd41e33f000)]
  0x00007fd43800a800 JavaThread "main" [_thread_blocked, id=16548, stack(0x00007fd43c234000,0x00007fd43c334000)]

Other Threads:
=>0x00007fd438078000 VMThread [stack: 0x00007fd41e340000,0x00007fd41e440000] [id=16553]
  0x00007fd4380c2800 WatcherThread [stack: 0x00007fd41d853000,0x00007fd41d953000] [id=16561]

VM state:at safepoint (normal execution)

VM Mutex/Monitor currently owned by a thread:  ([mutex/lock_event])
[0x00007fd438007890] ExpandHeap_lock - owner thread: 0x00007fd438078000
[0x00007fd438007f10] Threads_lock - owner thread: 0x00007fd438078000
[0x00007fd438008410] Heap_lock - owner thread: 0x00007fd3dc009000

heap address: 0x0000000080000000, size: 2048 MB, Compressed Oops mode: 32-bit
Narrow klass base: 0x0000000000000000, Narrow klass shift: 3
Compressed class space size: 1073741824 Address: 0x0000000100000000

Heap:
 PSYoungGen      total 139776K, used 0K [0x00000000d5580000, 0x00000000e1000000, 0x0000000100000000)
  eden space 128000K, 0% used [0x00000000d5580000,0x00000000d5580000,0x00000000dd280000)
  from space 11776K, 0% used [0x00000000dd280000,0x00000000dd280000,0x00000000dde00000)
  to   space 13824K, 0% used [0x00000000e0280000,0x00000000e0280000,0x00000000e1000000)
 ParOldGen       total 60928K, used 17982K [0x0000000080000000, 0x0000000083b80000, 0x00000000d5580000)
  object space 60928K, 29% used [0x0000000080000000,0x000000008118f930,0x0000000083b80000)
 Metaspace       used 34296K, capacity 35410K, committed 35496K, reserved 1079296K
  class space    used 4719K, capacity 5004K, committed 5040K, reserved 1048576K

Card table byte_map: [0x00007fd42883f000,0x00007fd428c40000] byte_map_base: 0x00007fd42843f000

Marking Bits: (ParMarkBitMap*) 0x00007fd43d1cc7e0
 Begin Bits: [0x00007fd424291000, 0x00007fd426291000)
 End Bits:   [0x00007fd426291000, 0x00007fd428291000)

Polling page: 0x00007fd43d406000

CodeCache: size=245760Kb used=10320Kb max_used=10327Kb free=235439Kb
 bounds [0x00007fd429000000, 0x00007fd429a20000, 0x00007fd438000000]
 total_blobs=3285 nmethods=2607 adapters=592
 compilation: enabled

Compilation events (10 events):
Event: 4.156 Thread 0x00007fd4380b8000 nmethod 2608 0x00007fd429a02790 code [0x00007fd429a028c0, 0x00007fd429a02918]
Event: 4.156 Thread 0x00007fd4380b8000 2609       4       sun.security.provider.MD5::II (31 bytes)
Event: 4.157 Thread 0x00007fd4380b8000 nmethod 2609 0x00007fd429a03e10 code [0x00007fd429a03f40, 0x00007fd429a03fb8]
Event: 4.164 Thread 0x00007fd4380b8000 2610       4       java.util.HashMap::getNode (148 bytes)
Event: 4.167 Thread 0x00007fd4380b8000 nmethod 2610 0x00007fd429a07790 code [0x00007fd429a07900, 0x00007fd429a07b18]
Event: 4.174 Thread 0x00007fd4380b8000 2611   !   4       java.security.SecureClassLoader::getProtectionDomain (114 bytes)
Event: 4.185 Thread 0x00007fd4380bd000 2613       3       jdk.internal.org.objectweb.asm.AnnotationWriter::put (109 bytes)
Event: 4.185 Thread 0x00007fd4380bd000 nmethod 2613 0x00007fd429a06e90 code [0x00007fd429a07040, 0x00007fd429a074f8]
Event: 4.187 Thread 0x00007fd4380bd000 2614       3       java.lang.invoke.AbstractValidatingLambdaMetafactory::isAdaptableTo (126 bytes)
Event: 4.188 Thread 0x00007fd4380bd000 nmethod 2614 0x00007fd429a09410 code [0x00007fd429a09680, 0x00007fd429a0a568]

GC Heap History (10 events):
Event: 2.206 GC heap after
Heap after GC invocations=4 (full 0):
 PSYoungGen      total 70656K, used 5088K [0x00000000d5580000, 0x00000000ddd80000, 0x0000000100000000)
  eden space 65536K, 0% used [0x00000000d5580000,0x00000000d5580000,0x00000000d9580000)
  from space 5120K, 99% used [0x00000000d9a80000,0x00000000d9f78050,0x00000000d9f80000)
  to   space 5120K, 0% used [0x00000000d9580000,0x00000000d9580000,0x00000000d9a80000)
 ParOldGen       total 86016K, used 7720K [0x0000000080000000, 0x0000000085400000, 0x00000000d5580000)
  object space 86016K, 8% used [0x0000000080000000,0x000000008078a030,0x0000000085400000)
 Metaspace       used 18572K, capacity 19240K, committed 19456K, reserved 1067008K
  class space    used 2554K, capacity 2742K, committed 2816K, reserved 1048576K
}
Event: 2.466 GC heap before
{Heap before GC invocations=5 (full 0):
 PSYoungGen      total 70656K, used 34356K [0x00000000d5580000, 0x00000000ddd80000, 0x0000000100000000)
  eden space 65536K, 44% used [0x00000000d5580000,0x00000000d7215060,0x00000000d9580000)
  from space 5120K, 99% used [0x00000000d9a80000,0x00000000d9f78050,0x00000000d9f80000)
  to   space 5120K, 0% used [0x00000000d9580000,0x00000000d9580000,0x00000000d9a80000)
 ParOldGen       total 86016K, used 7720K [0x0000000080000000, 0x0000000085400000, 0x00000000d5580000)
  object space 86016K, 8% used [0x0000000080000000,0x000000008078a030,0x0000000085400000)
 Metaspace       used 20583K, capacity 21204K, committed 21296K, reserved 1067008K
  class space    used 2884K, capacity 3074K, committed 3120K, reserved 1048576K
Event: 2.472 GC heap after
Heap after GC invocations=5 (full 0):
 PSYoungGen      total 70656K, used 5092K [0x00000000d5580000, 0x00000000dec80000, 0x0000000100000000)
  eden space 65536K, 0% used [0x00000000d5580000,0x00000000d5580000,0x00000000d9580000)
  from space 5120K, 99% used [0x00000000d9580000,0x00000000d9a79060,0x00000000d9a80000)
  to   space 11776K, 0% used [0x00000000de100000,0x00000000de100000,0x00000000dec80000)
 ParOldGen       total 86016K, used 10260K [0x0000000080000000, 0x0000000085400000, 0x00000000d5580000)
  object space 86016K, 11% used [0x0000000080000000,0x0000000080a052c8,0x0000000085400000)
 Metaspace       used 20583K, capacity 21204K, committed 21296K, reserved 1067008K
  class space    used 2884K, capacity 3074K, committed 3120K, reserved 1048576K
}
Event: 2.472 GC heap before
{Heap before GC invocations=6 (full 1):
 PSYoungGen      total 70656K, used 5092K [0x00000000d5580000, 0x00000000dec80000, 0x0000000100000000)
  eden space 65536K, 0% used [0x00000000d5580000,0x00000000d5580000,0x00000000d9580000)
  from space 5120K, 99% used [0x00000000d9580000,0x00000000d9a79060,0x00000000d9a80000)
  to   space 11776K, 0% used [0x00000000de100000,0x00000000de100000,0x00000000dec80000)
 ParOldGen       total 86016K, used 10260K [0x0000000080000000, 0x0000000085400000, 0x00000000d5580000)
  object space 86016K, 11% used [0x0000000080000000,0x0000000080a052c8,0x0000000085400000)
 Metaspace       used 20583K, capacity 21204K, committed 21296K, reserved 1067008K
  class space    used 2884K, capacity 3074K, committed 3120K, reserved 1048576K
Event: 2.501 GC heap after
Heap after GC invocations=6 (full 1):
 PSYoungGen      total 70656K, used 0K [0x00000000d5580000, 0x00000000dec80000, 0x0000000100000000)
  eden space 65536K, 0% used [0x00000000d5580000,0x00000000d5580000,0x00000000d9580000)
  from space 5120K, 0% used [0x00000000d9580000,0x00000000d9580000,0x00000000d9a80000)
  to   space 11776K, 0% used [0x00000000de100000,0x00000000de100000,0x00000000dec80000)
 ParOldGen       total 60928K, used 8465K [0x0000000080000000, 0x0000000083b80000, 0x00000000d5580000)
  object space 60928K, 13% used [0x0000000080000000,0x0000000080844750,0x0000000083b80000)
 Metaspace       used 20583K, capacity 21204K, committed 21296K, reserved 1067008K
  class space    used 2884K, capacity 3074K, committed 3120K, reserved 1048576K
}
Event: 3.343 GC heap before
{Heap before GC invocations=7 (full 1):
 PSYoungGen      total 70656K, used 65536K [0x00000000d5580000, 0x00000000dec80000, 0x0000000100000000)
  eden space 65536K, 100% used [0x00000000d5580000,0x00000000d9580000,0x00000000d9580000)
  from space 5120K, 0% used [0x00000000d9580000,0x00000000d9580000,0x00000000d9a80000)
  to   space 11776K, 0% used [0x00000000de100000,0x00000000de100000,0x00000000dec80000)
 ParOldGen       total 60928K, used 8465K [0x0000000080000000, 0x0000000083b80000, 0x00000000d5580000)
  object space 60928K, 13% used [0x0000000080000000,0x0000000080844750,0x0000000083b80000)
 Metaspace       used 28732K, capacity 29552K, committed 29616K, reserved 1075200K
  class space    used 3982K, capacity 4227K, committed 4272K, reserved 1048576K
Event: 3.355 GC heap after
Heap after GC invocations=7 (full 1):
 PSYoungGen      total 112128K, used 8397K [0x00000000d5580000, 0x00000000de980000, 0x0000000100000000)
  eden space 103424K, 0% used [0x00000000d5580000,0x00000000d5580000,0x00000000dba80000)
  from space 8704K, 96% used [0x00000000de100000,0x00000000de9335c8,0x00000000de980000)
  to   space 11776K, 0% used [0x00000000dd280000,0x00000000dd280000,0x00000000dde00000)
 ParOldGen       total 60928K, used 8473K [0x0000000080000000, 0x0000000083b80000, 0x00000000d5580000)
  object space 60928K, 13% used [0x0000000080000000,0x0000000080846750,0x0000000083b80000)
 Metaspace       used 28732K, capacity 29552K, committed 29616K, reserved 1075200K
  class space    used 3982K, capacity 4227K, committed 4272K, reserved 1048576K
}
Event: 4.197 GC heap before
{Heap before GC invocations=8 (full 1):
 PSYoungGen      total 112128K, used 111541K [0x00000000d5580000, 0x00000000de980000, 0x0000000100000000)
  eden space 103424K, 99% used [0x00000000d5580000,0x00000000dba39fb8,0x00000000dba80000)
  from space 8704K, 96% used [0x00000000de100000,0x00000000de9335c8,0x00000000de980000)
  to   space 11776K, 0% used [0x00000000dd280000,0x00000000dd280000,0x00000000dde00000)
 ParOldGen       total 60928K, used 8473K [0x0000000080000000, 0x0000000083b80000, 0x00000000d5580000)
  object space 60928K, 13% used [0x0000000080000000,0x0000000080846750,0x0000000083b80000)
 Metaspace       used 34296K, capacity 35410K, committed 35496K, reserved 1079296K
  class space    used 4719K, capacity 5004K, committed 5040K, reserved 1048576K
Event: 4.214 GC heap after
Heap after GC invocations=8 (full 1):
 PSYoungGen      total 139776K, used 11764K [0x00000000d5580000, 0x00000000e1000000, 0x0000000100000000)
  eden space 128000K, 0% used [0x00000000d5580000,0x00000000d5580000,0x00000000dd280000)
  from space 11776K, 99% used [0x00000000dd280000,0x00000000dddfd2d0,0x00000000dde00000)
  to   space 13824K, 0% used [0x00000000e0280000,0x00000000e0280000,0x00000000e1000000)
 ParOldGen       total 60928K, used 8547K [0x0000000080000000, 0x0000000083b80000, 0x00000000d5580000)
  object space 60928K, 14% used [0x0000000080000000,0x0000000080858f70,0x0000000083b80000)
 Metaspace       used 34296K, capacity 35410K, committed 35496K, reserved 1079296K
  class space    used 4719K, capacity 5004K, committed 5040K, reserved 1048576K
}
Event: 4.214 GC heap before
{Heap before GC invocations=9 (full 2):
 PSYoungGen      total 139776K, used 11764K [0x00000000d5580000, 0x00000000e1000000, 0x0000000100000000)
  eden space 128000K, 0% used [0x00000000d5580000,0x00000000d5580000,0x00000000dd280000)
  from space 11776K, 99% used [0x00000000dd280000,0x00000000dddfd2d0,0x00000000dde00000)
  to   space 13824K, 0% used [0x00000000e0280000,0x00000000e0280000,0x00000000e1000000)
 ParOldGen       total 60928K, used 8547K [0x0000000080000000, 0x0000000083b80000, 0x00000000d5580000)
  object space 60928K, 14% used [0x0000000080000000,0x0000000080858f70,0x0000000083b80000)
 Metaspace       used 34296K, capacity 35410K, committed 35496K, reserved 1079296K
  class space    used 4719K, capacity 5004K, committed 5040K, reserved 1048576K

Deoptimization events (10 events):
Event: 3.705 Thread 0x00007fd3dc009000 Uncommon trap: reason=unstable_if action=reinterpret pc=0x00007fd42966fc8c method=org.objectweb.asm.ByteVector.putShort(I)Lorg/objectweb/asm/ByteVector; @ 13
Event: 3.793 Thread 0x00007fd3dc009000 Uncommon trap: reason=unstable_if action=reinterpret pc=0x00007fd429865310 method=java.net.URLClassLoader.defineClass(Ljava/lang/String;Lsun/misc/Resource;)Ljava/lang/Class; @ 21
Event: 3.799 Thread 0x00007fd3dc009000 Uncommon trap: reason=unstable_if action=reinterpret pc=0x00007fd4298b711c method=java.net.URLClassLoader.defineClass(Ljava/lang/String;Lsun/misc/Resource;)Ljava/lang/Class; @ 21
Event: 4.004 Thread 0x00007fd3dc009000 Uncommon trap: reason=class_check action=maybe_recompile pc=0x00007fd4299d39e0 method=org.codehaus.groovy.runtime.metaclass.MetaMethodIndex.addMethodToList(Ljava/lang/Object;Lgroovy/lang/MetaMethod;)Ljava/lang/Object; @ 240
Event: 4.004 Thread 0x00007fd3dc009000 Uncommon trap: reason=class_check action=maybe_recompile pc=0x00007fd4299d39e0 method=org.codehaus.groovy.runtime.metaclass.MetaMethodIndex.addMethodToList(Ljava/lang/Object;Lgroovy/lang/MetaMethod;)Ljava/lang/Object; @ 240
Event: 4.004 Thread 0x00007fd3dc009000 Uncommon trap: reason=class_check action=maybe_recompile pc=0x00007fd4299d39e0 method=org.codehaus.groovy.runtime.metaclass.MetaMethodIndex.addMethodToList(Ljava/lang/Object;Lgroovy/lang/MetaMethod;)Ljava/lang/Object; @ 240
Event: 4.009 Thread 0x00007fd3dc009000 Uncommon trap: reason=class_check action=maybe_recompile pc=0x00007fd4299d39e0 method=org.codehaus.groovy.runtime.metaclass.MetaMethodIndex.addMethodToList(Ljava/lang/Object;Lgroovy/lang/MetaMethod;)Ljava/lang/Object; @ 240
Event: 4.017 Thread 0x00007fd3dc009000 Uncommon trap: reason=unstable_if action=reinterpret pc=0x00007fd42929433c method=java.net.URI.match(CJJ)Z @ 45
Event: 4.018 Thread 0x00007fd3dc009000 Uncommon trap: reason=unstable_if action=reinterpret pc=0x00007fd4291c4c6c method=java.net.URI.match(CJJ)Z @ 19
Event: 4.018 Thread 0x00007fd3dc009000 Uncommon trap: reason=unstable_if action=reinterpret pc=0x00007fd4291c792c method=java.net.URI.match(CJJ)Z @ 19

Classes redefined (0 events):
No events

Internal exceptions (10 events):
Event: 3.989 Thread 0x00007fd3dc009000 Exception <a 'java/lang/ClassNotFoundException': org/gradle/api/internal/artifacts/dsl/dependencies/DefaultDependencyHandlerCustomizer> (0x00000000da0ffee0) thrown at [/buildbot/src/googleplex-android/openjdk/out/hotspot/src/share/vm/classfile/systemDicti
Event: 3.993 Thread 0x00007fd3dc009000 Exception <a 'java/lang/ClassNotFoundException': org/gradle/api/internal/artifacts/dsl/dependencies/DefaultDependencyHandler_DecoratedCustomizer> (0x00000000da18afa0) thrown at [/buildbot/src/googleplex-android/openjdk/out/hotspot/src/share/vm/classfile/s
Event: 4.005 Thread 0x00007fd3dc009000 Exception <a 'java/lang/ClassNotFoundException': groovy/lang/GString$1BeanInfo> (0x00000000da379868) thrown at [/buildbot/src/googleplex-android/openjdk/out/hotspot/src/share/vm/classfile/systemDictionary.cpp, line 210]
Event: 4.005 Thread 0x00007fd3dc009000 Exception <a 'java/lang/ClassNotFoundException': groovy/lang/GStringBeanInfo> (0x00000000da39acd8) thrown at [/buildbot/src/googleplex-android/openjdk/out/hotspot/src/share/vm/classfile/systemDictionary.cpp, line 210]
Event: 4.006 Thread 0x00007fd3dc009000 Exception <a 'java/lang/ClassNotFoundException': groovy/lang/GStringCustomizer> (0x00000000da3bccc0) thrown at [/buildbot/src/googleplex-android/openjdk/out/hotspot/src/share/vm/classfile/systemDictionary.cpp, line 210]
Event: 4.007 Thread 0x00007fd3dc009000 Exception <a 'java/lang/ClassNotFoundException': groovy/lang/GString$1Customizer> (0x00000000da3eb068) thrown at [/buildbot/src/googleplex-android/openjdk/out/hotspot/src/share/vm/classfile/systemDictionary.cpp, line 210]
Event: 4.011 Thread 0x00007fd3dc009000 Exception <a 'java/lang/ClassNotFoundException': org/codehaus/groovy/runtime/GStringImplBeanInfo> (0x00000000da499db8) thrown at [/buildbot/src/googleplex-android/openjdk/out/hotspot/src/share/vm/classfile/systemDictionary.cpp, line 210]
Event: 4.011 Thread 0x00007fd3dc009000 Exception <a 'java/lang/ClassNotFoundException': org/codehaus/groovy/runtime/GStringImplCustomizer> (0x00000000da4c5e20) thrown at [/buildbot/src/googleplex-android/openjdk/out/hotspot/src/share/vm/classfile/systemDictionary.cpp, line 210]
Event: 4.061 Thread 0x00007fd3dc009000 Exception <a 'java/lang/NoSuchMethodError': java.lang.Object.lambda$static$0(Lorg/gradle/api/internal/artifacts/configurations/MutationValidator$MutationType;)V> (0x00000000daa90948) thrown at [/buildbot/src/googleplex-android/openjdk/out/hotspot/src/shar
Event: 4.187 Thread 0x00007fd3dc009000 Exception <a 'java/lang/NoSuchMethodError': java.lang.Object.lambda$static$0(Lorg/gradle/internal/component/model/DependencyMetadata;)Lorg/gradle/api/internal/artifacts/ivyservice/dependencysubstitution/DependencySubstitutionApplicator$SubstitutionResult;

Events (10 events):
Event: 4.186 loading class org/gradle/api/internal/artifacts/ivyservice/dependencysubstitution/DependencySubstitutionApplicator$SubstitutionResult done
Event: 4.187 loading class org/gradle/internal/component/model/DependencyMetadata
Event: 4.187 loading class org/gradle/internal/component/model/DependencyMetadata done
Event: 4.187 loading class org/gradle/api/internal/artifacts/ivyservice/dependencysubstitution/DependencySubstitutionApplicator
Event: 4.187 loading class org/gradle/api/internal/artifacts/ivyservice/dependencysubstitution/DependencySubstitutionApplicator done
Event: 4.187 loading class org/gradle/api/internal/artifacts/ivyservice/resolveengine/graph/builder/DependencyGraphBuilder
Event: 4.187 loading class org/gradle/api/internal/artifacts/ivyservice/resolveengine/graph/builder/DependencyGraphBuilder done
Event: 4.189 loading class org/gradle/api/internal/artifacts/ivyservice/resolveengine/graph/builder/NodeState
Event: 4.189 loading class org/gradle/api/internal/artifacts/ivyservice/resolveengine/graph/builder/NodeState done
Event: 4.195 Executing VM operation: CollectForMetadataAllocation


Dynamic libraries:
00400000-00401000 r-xp 00000000 08:01 2767188                            /home/peter/IDEs/android-studio/jre/bin/java
00401000-00402000 r--p 00000000 08:01 2767188                            /home/peter/IDEs/android-studio/jre/bin/java
00402000-00403000 rw-p 00001000 08:01 2767188                            /home/peter/IDEs/android-studio/jre/bin/java
01c65000-01c86000 rw-p 00000000 00:00 0                                  [heap]
80000000-83b80000 rw-p 00000000 00:00 0 
86780000-d5580000 ---p 00000000 00:00 0 
d5580000-e1000000 rw-p 00000000 00:00 0 
e1000000-100000000 ---p 00000000 00:00 0 
100000000-1004ec000 rw-p 00000000 00:00 0 
1004ec000-140000000 ---p 00000000 00:00 0 
7fd3a0000000-7fd3a0021000 rw-p 00000000 00:00 0 
7fd3a0021000-7fd3a4000000 ---p 00000000 00:00 0 
7fd3a71fc000-7fd3a73ba000 rw-p 00000000 00:00 0 
7fd3a73ba000-7fd3a73fc000 ---p 00000000 00:00 0 
7fd3a73fc000-7fd3a75fc000 rw-p 00000000 00:00 0 
7fd3a75fc000-7fd3a75ff000 ---p 00000000 00:00 0 
7fd3a75ff000-7fd3a76fd000 rw-p 00000000 00:00 0 
7fd3a76fd000-7fd3a7700000 ---p 00000000 00:00 0 
7fd3a7700000-7fd3a79fe000 rw-p 00000000 00:00 0 
7fd3a79fe000-7fd3a7bfe000 rw-p 00000000 00:00 0 
7fd3a7bfe000-7fd3a7dfe000 rw-p 00000000 00:00 0 
7fd3a7dfe000-7fd3a7e01000 ---p 00000000 00:00 0 
7fd3a7e01000-7fd3a7eff000 rw-p 00000000 00:00 0 
7fd3a7eff000-7fd3a7f02000 ---p 00000000 00:00 0 
7fd3a7f02000-7fd3a8000000 rw-p 00000000 00:00 0 
7fd3a8000000-7fd3a8021000 rw-p 00000000 00:00 0 
7fd3a8021000-7fd3ac000000 ---p 00000000 00:00 0 
7fd3ac000000-7fd3ac021000 rw-p 00000000 00:00 0 
7fd3ac021000-7fd3b0000000 ---p 00000000 00:00 0 
7fd3b0000000-7fd3b0021000 rw-p 00000000 00:00 0 
7fd3b0021000-7fd3b4000000 ---p 00000000 00:00 0 
7fd3b4000000-7fd3b4021000 rw-p 00000000 00:00 0 
7fd3b4021000-7fd3b8000000 ---p 00000000 00:00 0 
7fd3b8000000-7fd3b8021000 rw-p 00000000 00:00 0 
7fd3b8021000-7fd3bc000000 ---p 00000000 00:00 0 
7fd3bc000000-7fd3bc021000 rw-p 00000000 00:00 0 
7fd3bc021000-7fd3c0000000 ---p 00000000 00:00 0 
7fd3c0000000-7fd3c0021000 rw-p 00000000 00:00 0 
7fd3c0021000-7fd3c4000000 ---p 00000000 00:00 0 
7fd3c4000000-7fd3c4021000 rw-p 00000000 00:00 0 
7fd3c4021000-7fd3c8000000 ---p 00000000 00:00 0 
7fd3c8000000-7fd3c95f6000 rw-p 00000000 00:00 0 
7fd3c95f6000-7fd3cc000000 ---p 00000000 00:00 0 
7fd3cc000000-7fd3cc3e0000 rw-p 00000000 00:00 0 
7fd3cc3e0000-7fd3d0000000 ---p 00000000 00:00 0 
7fd3d0000000-7fd3d0021000 rw-p 00000000 00:00 0 
7fd3d0021000-7fd3d4000000 ---p 00000000 00:00 0 
7fd3d4000000-7fd3d4021000 rw-p 00000000 00:00 0 
7fd3d4021000-7fd3d8000000 ---p 00000000 00:00 0 
7fd3d8000000-7fd3d8021000 rw-p 00000000 00:00 0 
7fd3d8021000-7fd3dc000000 ---p 00000000 00:00 0 
7fd3dc000000-7fd3dc021000 rw-p 00000000 00:00 0 
7fd3dc021000-7fd3e0000000 ---p 00000000 00:00 0 
7fd3e0000000-7fd3e0021000 rw-p 00000000 00:00 0 
7fd3e0021000-7fd3e4000000 ---p 00000000 00:00 0 
7fd3e4000000-7fd3e406a000 rw-p 00000000 00:00 0 
7fd3e406a000-7fd3e8000000 ---p 00000000 00:00 0 
7fd3e8000000-7fd3e8021000 rw-p 00000000 00:00 0 
7fd3e8021000-7fd3ec000000 ---p 00000000 00:00 0 
7fd3ec000000-7fd3ec021000 rw-p 00000000 00:00 0 
7fd3ec021000-7fd3f0000000 ---p 00000000 00:00 0 
7fd3f0000000-7fd3f1724000 rw-p 00000000 00:00 0 
7fd3f1724000-7fd3f4000000 ---p 00000000 00:00 0 
7fd3f4000000-7fd3f4a6d000 rw-p 00000000 00:00 0 
7fd3f4a6d000-7fd3f8000000 ---p 00000000 00:00 0 
7fd3f8000000-7fd3f8021000 rw-p 00000000 00:00 0 
7fd3f8021000-7fd3fc000000 ---p 00000000 00:00 0 
7fd3fc000000-7fd3fdd11000 rw-p 00000000 00:00 0 
7fd3fdd11000-7fd400000000 ---p 00000000 00:00 0 
7fd400000000-7fd400021000 rw-p 00000000 00:00 0 
7fd400021000-7fd404000000 ---p 00000000 00:00 0 
7fd404000000-7fd404021000 rw-p 00000000 00:00 0 
7fd404021000-7fd408000000 ---p 00000000 00:00 0 
7fd408000000-7fd408021000 rw-p 00000000 00:00 0 
7fd408021000-7fd40c000000 ---p 00000000 00:00 0 
7fd40c000000-7fd40c2ba000 rw-p 00000000 00:00 0 
7fd40c2ba000-7fd410000000 ---p 00000000 00:00 0 
7fd410000000-7fd410021000 rw-p 00000000 00:00 0 
7fd410021000-7fd414000000 ---p 00000000 00:00 0 
7fd414031000-7fd414034000 ---p 00000000 00:00 0 
7fd414034000-7fd414332000 rw-p 00000000 00:00 0 
7fd414332000-7fd414532000 rw-p 00000000 00:00 0 
7fd4145f9000-7fd4145fc000 ---p 00000000 00:00 0 
7fd4145fc000-7fd4146fa000 rw-p 00000000 00:00 0 
7fd4146fa000-7fd4146fd000 ---p 00000000 00:00 0 
7fd4146fd000-7fd4149fb000 rw-p 00000000 00:00 0 
7fd4149fb000-7fd4149fe000 ---p 00000000 00:00 0 
7fd4149fe000-7fd414afc000 rw-p 00000000 00:00 0 
7fd414afc000-7fd414aff000 ---p 00000000 00:00 0 
7fd414aff000-7fd414bfd000 rw-p 00000000 00:00 0 
7fd414bfd000-7fd414c00000 ---p 00000000 00:00 0 
7fd414c00000-7fd414efe000 rw-p 00000000 00:00 0 
7fd414efe000-7fd414f01000 ---p 00000000 00:00 0 
7fd414f01000-7fd418000000 rw-p 00000000 00:00 0 
7fd418000000-7fd418025000 rw-p 00000000 00:00 0 
7fd418025000-7fd41c000000 ---p 00000000 00:00 0 
7fd41c047000-7fd41c048000 r--s 00003000 08:01 3425143                    /home/peter/.gradle/caches/jars-8/1ad54ea8c4c6737c4e0184316ee99c8a/cp_proj.jar
7fd41c048000-7fd41c049000 r--s 00000000 08:01 3425058                    /home/peter/.gradle/caches/jars-8/c50bffaf6ff86efa05b2b6ed2bf5c05d/settings.jar
7fd41c049000-7fd41c0c3000 r--s 01104000 08:01 2766991                    /home/peter/IDEs/android-studio/jre/lib/tools.jar
7fd41c0c3000-7fd41c0c6000 ---p 00000000 00:00 0 
7fd41c0c6000-7fd41c1c4000 rw-p 00000000 00:00 0 
7fd41c1c4000-7fd41c1c7000 ---p 00000000 00:00 0 
7fd41c1c7000-7fd41c2c5000 rw-p 00000000 00:00 0 
7fd41c2c5000-7fd41c2c8000 ---p 00000000 00:00 0 
7fd41c2c8000-7fd41c3c6000 rw-p 00000000 00:00 0 
7fd41c3c6000-7fd41c3c9000 ---p 00000000 00:00 0 
7fd41c3c9000-7fd41c6c7000 rw-p 00000000 00:00 0 
7fd41c6c7000-7fd41c6ca000 ---p 00000000 00:00 0 
7fd41c6ca000-7fd41c7c8000 rw-p 00000000 00:00 0 
7fd41c7c8000-7fd41c7cb000 ---p 00000000 00:00 0 
7fd41c7cb000-7fd41c8c9000 rw-p 00000000 00:00 0 
7fd41c8c9000-7fd41c8cc000 ---p 00000000 00:00 0 
7fd41c8cc000-7fd41c9ca000 rw-p 00000000 00:00 0 
7fd41c9ca000-7fd41c9d1000 r--s 00000000 08:01 2758390                    /usr/lib/x86_64-linux-gnu/gconv/gconv-modules.cache
7fd41c9d1000-7fd41c9d4000 ---p 00000000 00:00 0 
7fd41c9d4000-7fd41cad2000 rw-p 00000000 00:00 0 
7fd41cad2000-7fd41cad7000 r--s 000a3000 08:01 2767018                    /home/peter/IDEs/android-studio/jre/jre/lib/jsse.jar
7fd41cad7000-7fd41cada000 ---p 00000000 00:00 0 
7fd41cada000-7fd41cdd8000 rw-p 00000000 00:00 0 
7fd41cdd8000-7fd41cde0000 r-xp 00000000 08:01 2767111                    /home/peter/IDEs/android-studio/jre/jre/lib/amd64/libmanagement.so
7fd41cde0000-7fd41cde1000 r--p 00007000 08:01 2767111                    /home/peter/IDEs/android-studio/jre/jre/lib/amd64/libmanagement.so
7fd41cde1000-7fd41cde2000 rw-p 00008000 08:01 2767111                    /home/peter/IDEs/android-studio/jre/jre/lib/amd64/libmanagement.so
7fd41cde2000-7fd41cde4000 r--s 00010000 08:01 2109450                    /home/peter/.gradle/wrapper/dists/gradle-6.5-bin/6nifqtx7604sqp1q6g8wikw7p/gradle-6.5/lib/plugins/gradle-tooling-api-builders-6.5.jar
7fd41cde4000-7fd41cdf8000 r--s 0014c000 08:01 2109434                    /home/peter/.gradle/wrapper/dists/gradle-6.5-bin/6nifqtx7604sqp1q6g8wikw7p/gradle-6.5/lib/plugins/gradle-instant-execution-6.5.jar
7fd41cdf8000-7fd41cdf9000 r--s 00005000 08:01 2109426                    /home/peter/.gradle/wrapper/dists/gradle-6.5-bin/6nifqtx7604sqp1q6g8wikw7p/gradle-6.5/lib/plugins/gradle-build-profile-6.5.jar
7fd41cdf9000-7fd41cdfb000 r--s 00003000 08:01 2109430                    /home/peter/.gradle/wrapper/dists/gradle-6.5-bin/6nifqtx7604sqp1q6g8wikw7p/gradle-6.5/lib/plugins/gradle-tooling-native-6.5.jar
7fd41cdfb000-7fd41cdff000 r--s 00017000 08:01 2109435                    /home/peter/.gradle/wrapper/dists/gradle-6.5-bin/6nifqtx7604sqp1q6g8wikw7p/gradle-6.5/lib/plugins/gradle-testing-native-6.5.jar
7fd41cdff000-7fd41ce00000 r--s 00001000 08:01 2109545                    /home/peter/.gradle/wrapper/dists/gradle-6.5-bin/6nifqtx7604sqp1q6g8wikw7p/gradle-6.5/lib/plugins/opentest4j-1.2.0.jar
7fd41ce00000-7fd41ce03000 r--s 0001b000 08:01 2109517                    /home/peter/.gradle/wrapper/dists/gradle-6.5-bin/6nifqtx7604sqp1q6g8wikw7p/gradle-6.5/lib/plugins/junit-platform-launcher-1.6.0.jar
7fd41ce03000-7fd41ce08000 r--s 00026000 08:01 2109515                    /home/peter/.gradle/wrapper/dists/gradle-6.5-bin/6nifqtx7604sqp1q6g8wikw7p/gradle-6.5/lib/plugins/junit-platform-engine-1.6.0.jar
7fd41ce08000-7fd41ce0a000 r--s 00016000 08:01 2109516                    /home/peter/.gradle/wrapper/dists/gradle-6.5-bin/6nifqtx7604sqp1q6g8wikw7p/gradle-6.5/lib/plugins/junit-platform-commons-1.6.0.jar
7fd41ce0a000-7fd41ce0b000 r--s 00000000 08:01 2109544                    /home/peter/.gradle/wrapper/dists/gradle-6.5-bin/6nifqtx7604sqp1q6g8wikw7p/gradle-6.5/lib/plugins/apiguardian-api-1.1.0.jar
7fd41ce0b000-7fd41ce0c000 r--s 00003000 08:01 2109449                    /home/peter/.gradle/wrapper/dists/gradle-6.5-bin/6nifqtx7604sqp1q6g8wikw7p/gradle-6.5/lib/plugins/gradle-testing-junit-platform-6.5.jar
7fd41ce0c000-7fd41ce0f000 r--s 00009000 08:01 2109444                    /home/peter/.gradle/wrapper/dists/gradle-6.5-bin/6nifqtx7604sqp1q6g8wikw7p/gradle-6.5/lib/plugins/gradle-signing-6.5.jar
7fd41ce0f000-7fd41ce11000 r--s 0000a000 08:01 2109319                    /home/peter/.gradle/wrapper/dists/gradle-6.5-bin/6nifqtx7604sqp1q6g8wikw7p/gradle-6.5/lib/plugins/gradle-scala-6.5.jar
7fd41ce11000-7fd41ce12000 r--s 00004000 08:01 2109469                    /home/peter/.gradle/wrapper/dists/gradle-6.5-bin/6nifqtx7604sqp1q6g8wikw7p/gradle-6.5/lib/plugins/gradle-resources-sftp-6.5.jar
7fd41ce12000-7fd41ce14000 r--s 00005000 08:01 2109504                    /home/peter/.gradle/wrapper/dists/gradle-6.5-bin/6nifqtx7604sqp1q6g8wikw7p/gradle-6.5/lib/plugins/jmespath-java-1.11.633.jar
7fd41ce14000-7fd41ce1e000 r--s 00081000 08:01 2109543                    /home/peter/.gradle/wrapper/dists/gradle-6.5-bin/6nifqtx7604sqp1q6g8wikw7p/gradle-6.5/lib/plugins/ion-java-1.0.2.jar
7fd41ce1e000-7fd41ce35000 r--s 000e1000 08:01 2109477                    /home/peter/.gradle/wrapper/dists/gradle-6.5-bin/6nifqtx7604sqp1q6g8wikw7p/gradle-6.5/lib/plugins/aws-java-sdk-s3-1.11.633.jar
7fd41ce35000-7fd41ce40000 r--s 00074000 08:01 2109478                    /home/peter/.gradle/wrapper/dists/gradle-6.5-bin/6nifqtx7604sqp1q6g8wikw7p/gradle-6.5/lib/plugins/aws-java-sdk-kms-1.11.633.jar
7fd41ce40000-7fd41ce57000 r--s 000d5000 08:01 2109479                    /home/peter/.gradle/wrapper/dists/gradle-6.5-bin/6nifqtx7604sqp1q6g8wikw7p/gradle-6.5/lib/plugins/aws-java-sdk-core-1.11.633.jar
7fd41ce57000-7fd41ce59000 r--s 00004000 08:01 2109466                    /home/peter/.gradle/wrapper/dists/gradle-6.5-bin/6nifqtx7604sqp1q6g8wikw7p/gradle-6.5/lib/plugins/gradle-resources-s3-6.5.jar
7fd41ce59000-7fd41ce69000 r--s 0008d000 08:01 2109508                    /home/peter/.gradle/wrapper/dists/gradle-6.5-bin/6nifqtx7604sqp1q6g8wikw7p/gradle-6.5/lib/plugins/joda-time-2.10.4.jar
7fd41ce69000-7fd41ce7e000 r--s 00142000 08:01 2109505                    /home/peter/.gradle/wrapper/dists/gradle-6.5-bin/6nifqtx7604sqp1q6g8wikw7p/gradle-6.5/lib/plugins/jackson-databind-2.10.2.jar
7fd41ce7e000-7fd41ce83000 r--s 00051000 08:01 2109506                    /home/peter/.gradle/wrapper/dists/gradle-6.5-bin/6nifqtx7604sqp1q6g8wikw7p/gradle-6.5/lib/plugins/jackson-core-2.10.2.jar
7fd41ce83000-7fd41ce86000 r--s 0000e000 08:01 2109507                    /home/peter/.gradle/wrapper/dists/gradle-6.5-bin/6nifqtx7604sqp1q6g8wikw7p/gradle-6.5/lib/plugins/jackson-annotations-2.10.2.jar
7fd41ce86000-7fd41ce89000 r--s 0000d000 08:01 2109480                    /home/peter/.gradle/wrapper/dists/gradle-6.5-bin/6nifqtx7604sqp1q6g8wikw7p/gradle-6.5/lib/plugins/google-oauth-client-1.25.0.jar
7fd41ce89000-7fd41ce8a000 r--s 00001000 08:01 2109481                    /home/peter/.gradle/wrapper/dists/gradle-6.5-bin/6nifqtx7604sqp1q6g8wikw7p/gradle-6.5/lib/plugins/google-http-client-jackson2-1.25.0.jar
7fd41ce8a000-7fd41ce94000 r--s 00056000 08:01 2109482                    /home/peter/.gradle/wrapper/dists/gradle-6.5-bin/6nifqtx7604sqp1q6g8wikw7p/gradle-6.5/lib/plugins/google-http-client-1.25.0.jar
7fd41ce94000-7fd41ce98000 r--s 0001d000 08:01 2109475                    /home/peter/.gradle/wrapper/dists/gradle-6.5-bin/6nifqtx7604sqp1q6g8wikw7p/gradle-6.5/lib/plugins/google-api-services-storage-v1-rev136-1.25.0.jar
7fd41ce98000-7fd41ce9d000 r--s 0002d000 08:01 2109476                    /home/peter/.gradle/wrapper/dists/gradle-6.5-bin/6nifqtx7604sqp1q6g8wikw7p/gradle-6.5/lib/plugins/google-api-client-1.25.0.jar
7fd41ce9d000-7fd41ce9f000 r--s 00003000 08:01 2109465                    /home/peter/.gradle/wrapper/dists/gradle-6.5-bin/6nifqtx7604sqp1q6g8wikw7p/gradle-6.5/lib/plugins/gradle-resources-gcs-6.5.jar
7fd41ce9f000-7fd41cea6000 r--s 00030000 08:01 2109441                    /home/peter/.gradle/wrapper/dists/gradle-6.5-bin/6nifqtx7604sqp1q6g8wikw7p/gradle-6.5/lib/plugins/gradle-platform-play-6.5.jar
7fd41cea6000-7fd41ceb8000 r--s 00078000 08:01 2109455                    /home/peter/.gradle/wrapper/dists/gradle-6.5-bin/6nifqtx7604sqp1q6g8wikw7p/gradle-6.5/lib/plugins/gradle-platform-native-6.5.jar
7fd41ceb8000-7fd41cebb000 r--s 0000f000 08:01 2109448                    /home/peter/.gradle/wrapper/dists/gradle-6.5-bin/6nifqtx7604sqp1q6g8wikw7p/gradle-6.5/lib/plugins/gradle-language-scala-6.5.jar
7fd41cebb000-7fd41cec7000 r--s 00053000 08:01 2109436                    /home/peter/.gradle/wrapper/dists/gradle-6.5-bin/6nifqtx7604sqp1q6g8wikw7p/gradle-6.5/lib/plugins/gradle-language-native-6.5.jar
7fd41cec7000-7fd41cece000 r--s 00035000 08:01 2109497                    /home/peter/.gradle/wrapper/dists/gradle-6.5-bin/6nifqtx7604sqp1q6g8wikw7p/gradle-6.5/lib/plugins/simple-4.1.21.jar
7fd41cece000-7fd41cedb000 r--s 00125000 08:01 2109496                    /home/peter/.gradle/wrapper/dists/gradle-6.5-bin/6nifqtx7604sqp1q6g8wikw7p/gradle-6.5/lib/plugins/rhino-1.7.10.jar
7fd41cedb000-7fd41cedf000 r--s 00012000 08:01 2109443                    /home/peter/.gradle/wrapper/dists/gradle-6.5-bin/6nifqtx7604sqp1q6g8wikw7p/gradle-6.5/lib/plugins/gradle-javascript-6.5.jar
7fd41cedf000-7fd41cee2000 r--s 00011000 08:01 2109440                    /home/peter/.gradle/wrapper/dists/gradle-6.5-bin/6nifqtx7604sqp1q6g8wikw7p/gradle-6.5/lib/plugins/gradle-jacoco-6.5.jar
7fd41cee2000-7fd41cee4000 r--s 00002000 08:01 2109429                    /home/peter/.gradle/wrapper/dists/gradle-6.5-bin/6nifqtx7604sqp1q6g8wikw7p/gradle-6.5/lib/plugins/gradle-ide-play-6.5.jar
7fd41cee4000-7fd41cee6000 r--s 00011000 08:01 2109495                    /home/peter/.gradle/wrapper/dists/gradle-6.5-bin/6nifqtx7604sqp1q6g8wikw7p/gradle-6.5/lib/plugins/dd-plist-1.21.jar
7fd41cee6000-7fd41ceed000 r--s 00035000 08:01 2109428                    /home/peter/.gradle/wrapper/dists/gradle-6.5-bin/6nifqtx7604sqp1q6g8wikw7p/gradle-6.5/lib/plugins/gradle-ide-native-6.5.jar
7fd41ceed000-7fd41cef8000 r--s 00064000 08:01 2109431                    /home/peter/.gradle/wrapper/dists/gradle-6.5-bin/6nifqtx7604sqp1q6g8wikw7p/gradle-6.5/lib/plugins/gradle-ide-6.5.jar
7fd41cef8000-7fd41cefa000 r--s 00007000 08:01 2109432                    /home/peter/.gradle/wrapper/dists/gradle-6.5-bin/6nifqtx7604sqp1q6g8wikw7p/gradle-6.5/lib/plugins/gradle-ear-6.5.jar
7fd41cefa000-7fd41cefd000 r--s 00019000 08:01 2109427                    /home/peter/.gradle/wrapper/dists/gradle-6.5-bin/6nifqtx7604sqp1q6g8wikw7p/gradle-6.5/lib/plugins/gradle-code-quality-6.5.jar
7fd41cefd000-7fd41ceff000 r--s 0000b000 08:01 2109486                    /home/peter/.gradle/wrapper/dists/gradle-6.5-bin/6nifqtx7604sqp1q6g8wikw7p/gradle-6.5/lib/plugins/maven-plugin-api-3.0.5.jar
7fd41ceff000-7fd41cf05000 r--s 0003f000 08:01 2109485                    /home/peter/.gradle/wrapper/dists/gradle-6.5-bin/6nifqtx7604sqp1q6g8wikw7p/gradle-6.5/lib/plugins/maven-compat-3.0.5.jar
7fd41cf05000-7fd41cf0e000 r--s 0003b000 08:01 2109425                    /home/peter/.gradle/wrapper/dists/gradle-6.5-bin/6nifqtx7604sqp1q6g8wikw7p/gradle-6.5/lib/plugins/gradle-build-init-6.5.jar
7fd41cf0e000-7fd41cf0f000 r--s 00003000 08:01 2109424                    /home/peter/.gradle/wrapper/dists/gradle-6.5-bin/6nifqtx7604sqp1q6g8wikw7p/gradle-6.5/lib/plugins/gradle-build-cache-http-6.5.jar
7fd41cf0f000-7fd41cf11000 r--s 00009000 08:01 2109423                    /home/peter/.gradle/wrapper/dists/gradle-6.5-bin/6nifqtx7604sqp1q6g8wikw7p/gradle-6.5/lib/plugins/gradle-antlr-6.5.jar
7fd41cf11000-7fd41cf14000 r--s 0001c000 08:01 2109433                    /home/peter/.gradle/wrapper/dists/gradle-6.5-bin/6nifqtx7604sqp1q6g8wikw7p/gradle-6.5/lib/plugins/gradle-kotlin-dsl-tooling-builders-6.5.jar
7fd41cf14000-7fd41cf18000 r--s 00021000 08:01 2109542                    /home/peter/.gradle/wrapper/dists/gradle-6.5-bin/6nifqtx7604sqp1q6g8wikw7p/gradle-6.5/lib/plugins/xbean-reflect-3.7.jar
7fd41cf18000-7fd41cf1a000 r--s 0000c000 08:01 2109540                    /home/peter/.gradle/wrapper/dists/gradle-6.5-bin/6nifqtx7604sqp1q6g8wikw7p/gradle-6.5/lib/plugins/wagon-provider-api-3.0.0.jar
7fd41cf1a000-7fd41cf1b000 r--s 00008000 08:01 2109474                    /home/peter/.gradle/wrapper/dists/gradle-6.5-bin/6nifqtx7604sqp1q6g8wikw7p/gradle-6.5/lib/plugins/wagon-http-shared-3.0.0.jar
7fd41cf1b000-7fd41cf1c000 r--s 00002000 08:01 2109473                    /home/peter/.gradle/wrapper/dists/gradle-6.5-bin/6nifqtx7604sqp1q6g8wikw7p/gradle-6.5/lib/plugins/wagon-http-3.0.0.jar
7fd41cf1c000-7fd41cf1d000 r--s 00002000 08:01 2109500                    /home/peter/.gradle/wrapper/dists/gradle-6.5-bin/6nifqtx7604sqp1q6g8wikw7p/gradle-6.5/lib/plugins/wagon-file-3.0.0.jar
7fd41cf1d000-7fd41cf20000 r--s 0000c000 08:01 2109499                    /home/peter/.gradle/wrapper/dists/gradle-6.5-bin/6nifqtx7604sqp1q6g8wikw7p/gradle-6.5/lib/plugins/pmaven-groovy-0.8-20100325.jar
7fd41cf20000-7fd41cf21000 r--s 00004000 08:01 2109498                    /home/peter/.gradle/wrapper/dists/gradle-6.5-bin/6nifqtx7604sqp1q6g8wikw7p/gradle-6.5/lib/plugins/pmaven-common-0.8-20100325.jar
7fd41cf21000-7fd41cf28000 r--s 00032000 08:01 2109484                    /home/peter/.gradle/wrapper/dists/gradle-6.5-bin/6nifqtx7604sqp1q6g8wikw7p/gradle-6.5/lib/plugins/plexus-container-default-1.7.1.jar
7fd41cf28000-7fd41cf2b000 r--s 0000a000 08:01 2109537                    /home/peter/.gradle/wrapper/dists/gradle-6.5-bin/6nifqtx7604sqp1q6g8wikw7p/gradle-6.5/lib/plugins/plexus-classworlds-2.5.1.jar
7fd41cf2b000-7fd41cf2d000 r--s 00006000 08:01 2109501                    /home/peter/.gradle/wrapper/dists/gradle-6.5-bin/6nifqtx7604sqp1q6g8wikw7p/gradle-6.5/lib/plugins/aether-connector-wagon-1.13.1.jar
7fd41cf2d000-7fd41cf34000 r--s 00030000 08:01 2109445                    /home/peter/.gradle/wrapper/dists/gradle-6.5-bin/6nifqtx7604sqp1q6g8wikw7p/gradle-6.5/lib/plugins/gradle-maven-6.5.jar
7fd41cf34000-7fd41cf36000 r--s 0000b000 08:01 2109460                    /home/peter/.gradle/wrapper/dists/gradle-6.5-bin/6nifqtx7604sqp1q6g8wikw7p/gradle-6.5/lib/plugins/gradle-publish-6.5.jar
7fd41cf36000-7fd41cf3f000 r--s 00089000 08:01 2109502                    /home/peter/.gradle/wrapper/dists/gradle-6.5-bin/6nifqtx7604sqp1q6g8wikw7p/gradle-6.5/lib/plugins/testng-6.3.1.jar
7fd41cf3f000-7fd41cf45000 r--s 0003d000 08:01 2109503                    /home/peter/.gradle/wrapper/dists/gradle-6.5-bin/6nifqtx7604sqp1q6g8wikw7p/gradle-6.5/lib/plugins/snakeyaml-1.17.jar
7fd41cf45000-7fd41cf4f000 r--s 00054000 08:01 2109514                    /home/peter/.gradle/wrapper/dists/gradle-6.5-bin/6nifqtx7604sqp1q6g8wikw7p/gradle-6.5/lib/plugins/junit-4.13.jar
7fd41cf4f000-7fd41cf51000 r--s 0000f000 08:01 2109527                    /home/peter/.gradle/wrapper/dists/gradle-6.5-bin/6nifqtx7604sqp1q6g8wikw7p/gradle-6.5/lib/plugins/jcommander-1.72.jar
7fd41cf51000-7fd41cf53000 r--s 00009000 08:01 2109525                    /home/peter/.gradle/wrapper/dists/gradle-6.5-bin/6nifqtx7604sqp1q6g8wikw7p/gradle-6.5/lib/plugins/hamcrest-core-1.3.jar
7fd41cf53000-7fd41cf58000 r--s 0005a000 08:01 2109518                    /home/peter/.gradle/wrapper/dists/gradle-6.5-bin/6nifqtx7604sqp1q6g8wikw7p/gradle-6.5/lib/plugins/bsh-2.0b6.jar
7fd41cf58000-7fd41cf5c000 r--s 0001d000 08:01 2109451                    /home/peter/.gradle/wrapper/dists/gradle-6.5-bin/6nifqtx7604sqp1q6g8wikw7p/gradle-6.5/lib/plugins/gradle-testing-jvm-6.5.jar
7fd41cf5c000-7fd41cf64000 r--s 00035000 08:01 2109457                    /home/peter/.gradle/wrapper/dists/gradle-6.5-bin/6nifqtx7604sqp1q6g8wikw7p/gradle-6.5/lib/plugins/gradle-testing-base-6.5.jar
7fd41cf64000-7fd41cf68000 r--s 0001d000 08:01 2109454                    /home/peter/.gradle/wrapper/dists/gradle-6.5-bin/6nifqtx7604sqp1q6g8wikw7p/gradle-6.5/lib/plugins/gradle-platform-jvm-6.5.jar
7fd41cf68000-7fd41cf6a000 r--s 00006000 08:01 2109453                    /home/peter/.gradle/wrapper/dists/gradle-6.5-bin/6nifqtx7604sqp1q6g8wikw7p/gradle-6.5/lib/plugins/gradle-language-jvm-6.5.jar
7fd41cf6a000-7fd41cf6b000 r--s 00001000 08:01 2109366                    /home/peter/.gradle/wrapper/dists/gradle-6.5-bin/6nifqtx7604sqp1q6g8wikw7p/gradle-6.5/lib/gradle-java-compiler-plugin-6.5.jar
7fd41cf6b000-7fd41cf74000 r--s 00047000 08:01 2109452                    /home/peter/.gradle/wrapper/dists/gradle-6.5-bin/6nifqtx7604sqp1q6g8wikw7p/gradle-6.5/lib/plugins/gradle-language-java-6.5.jar
7fd41cf74000-7fd41cf76000 r--s 0000f000 08:01 2109447                    /home/peter/.gradle/wrapper/dists/gradle-6.5-bin/6nifqtx7604sqp1q6g8wikw7p/gradle-6.5/lib/plugins/gradle-language-groovy-6.5.jar
7fd41cf76000-7fd41cf79000 r--s 0000f000 08:01 2109464                    /home/peter/.gradle/wrapper/dists/gradle-6.5-bin/6nifqtx7604sqp1q6g8wikw7p/gradle-6.5/lib/plugins/gradle-reporting-6.5.jar
7fd41cf79000-7fd41cf80000 r--s 00029000 08:01 2109458                    /home/peter/.gradle/wrapper/dists/gradle-6.5-bin/6nifqtx7604sqp1q6g8wikw7p/gradle-6.5/lib/plugins/gradle-platform-base-6.5.jar
7fd41cf80000-7fd41cf82000 r--s 00006000 08:01 2109494                    /home/peter/.gradle/wrapper/dists/gradle-6.5-bin/6nifqtx7604sqp1q6g8wikw7p/gradle-6.5/lib/plugins/jatl-0.2.3.jar
7fd41cf82000-7fd41cf88000 r--s 0003a000 08:01 2109456                    /home/peter/.gradle/wrapper/dists/gradle-6.5-bin/6nifqtx7604sqp1q6g8wikw7p/gradle-6.5/lib/plugins/gradle-diagnostics-6.5.jar
7fd41cf88000-7fd41cf8e000 r--s 00042000 08:01 2109442                    /home/peter/.gradle/wrapper/dists/gradle-6.5-bin/6nifqtx7604sqp1q6g8wikw7p/gradle-6.5/lib/plugins/gradle-plugins-6.5.jar
7fd41cf8e000-7fd41cf91000 r--s 00015000 08:01 2109439                    /home/peter/.gradle/wrapper/dists/gradle-6.5-bin/6nifqtx7604sqp1q6g8wikw7p/gradle-6.5/lib/plugins/gradle-ivy-6.5.jar
7fd41cf91000-7fd41cf94000 r--s 00012000 08:01 2109438                    /home/peter/.gradle/wrapper/dists/gradle-6.5-bin/6nifqtx7604sqp1q6g8wikw7p/gradle-6.5/lib/plugins/gradle-plugin-development-6.5.jar
7fd41cf94000-7fd41cf98000 r--s 00024000 08:01 2109437                    /home/peter/.gradle/wrapper/dists/gradle-6.5-bin/6nifqtx7604sqp1q6g8wikw7p/gradle-6.5/lib/plugins/gradle-kotlin-dsl-provider-plugins-6.5.jar
7fd41cf98000-7fd41cf9c000 r--s 0003c000 08:01 2109541                    /home/peter/.gradle/wrapper/dists/gradle-6.5-bin/6nifqtx7604sqp1q6g8wikw7p/gradle-6.5/lib/plugins/plexus-utils-3.1.0.jar
7fd41cf9c000-7fd41cf9d000 r--s 00006000 08:01 2109535                    /home/peter/.gradle/wrapper/dists/gradle-6.5-bin/6nifqtx7604sqp1q6g8wikw7p/gradle-6.5/lib/plugins/plexus-sec-dispatcher-1.3.jar
7fd41cf9d000-7fd41cf9f000 r--s 0000d000 08:01 2109539                    /home/peter/.gradle/wrapper/dists/gradle-6.5-bin/6nifqtx7604sqp1q6g8wikw7p/gradle-6.5/lib/plugins/plexus-interpolation-1.14.jar
7fd41cf9f000-7fd41cfa1000 r--s 00000000 08:01 2109538                    /home/peter/.gradle/wrapper/dists/gradle-6.5-bin/6nifqtx7604sqp1q6g8wikw7p/gradle-6.5/lib/plugins/plexus-component-annotations-1.5.5.jar
7fd41cfa1000-7fd41cfa3000 r--s 00002000 08:01 2109536                    /home/peter/.gradle/wrapper/dists/gradle-6.5-bin/6nifqtx7604sqp1q6g8wikw7p/gradle-6.5/lib/plugins/plexus-cipher-1.7.jar
7fd41cfa3000-7fd41cfa6000 r--s 00008000 08:01 2109533                    /home/peter/.gradle/wrapper/dists/gradle-6.5-bin/6nifqtx7604sqp1q6g8wikw7p/gradle-6.5/lib/plugins/maven-settings-builder-3.0.5.jar
7fd41cfa6000-7fd41cfa8000 r--s 0000a000 08:01 2109534                    /home/peter/.gradle/wrapper/dists/gradle-6.5-bin/6nifqtx7604sqp1q6g8wikw7p/gradle-6.5/lib/plugins/maven-settings-3.0.5.jar
7fd41cfa8000-7fd41cfaa000 r--s 00006000 08:01 2109532                    /home/peter/.gradle/wrapper/dists/gradle-6.5-bin/6nifqtx7604sqp1q6g8wikw7p/gradle-6.5/lib/plugins/maven-repository-metadata-3.0.5.jar
7fd41cfaa000-7fd41cfae000 r--s 00021000 08:01 2109530                    /home/peter/.gradle/wrapper/dists/gradle-6.5-bin/6nifqtx7604sqp1q6g8wikw7p/gradle-6.5/lib/plugins/maven-model-builder-3.0.5.jar
7fd41cfae000-7fd41cfb0000 r--s 00026000 08:01 2109531                    /home/peter/.gradle/wrapper/dists/gradle-6.5-bin/6nifqtx7604sqp1q6g8wikw7p/gradle-6.5/lib/plugins/maven-model-3.0.5.jar
7fd41cfb0000-7fd41cfbc000 r--s 0007d000 08:01 2109490                    /home/peter/.gradle/wrapper/dists/gradle-6.5-bin/6nifqtx7604sqp1q6g8wikw7p/gradle-6.5/lib/plugins/maven-core-3.0.5.jar
7fd41cfbc000-7fd41cfbe000 r--s 0000b000 08:01 2109529                    /home/peter/.gradle/wrapper/dists/gradle-6.5-bin/6nifqtx7604sqp1q6g8wikw7p/gradle-6.5/lib/plugins/maven-artifact-3.0.5.jar
7fd41cfbe000-7fd41cfc0000 r--s 0000c000 08:01 2109520                    /home/peter/.gradle/wrapper/dists/gradle-6.5-bin/6nifqtx7604sqp1q6g8wikw7p/gradle-6.5/lib/plugins/maven-aether-provider-3.0.5.jar
7fd41cfc0000-7fd41cfd5000 r--s 00116000 08:01 2109489                    /home/peter/.gradle/wrapper/dists/gradle-6.5-bin/6nifqtx7604sqp1q6g8wikw7p/gradle-6.5/lib/plugins/ivy-2.3.0.jar
7fd41cfd5000-7fd41cfda000 r--s 00036000 08:01 2109488                    /home/peter/.gradle/wrapper/dists/gradle-6.5-bin/6nifqtx7604sqp1q6g8wikw7p/gradle-6.5/lib/plugins/gson-2.8.5.jar
7fd41cfda000-7fd41cfdb000 r--s 00014000 08:01 2109487                    /home/peter/.gradle/wrapper/dists/gradle-6.5-bin/6nifqtx7604sqp1q6g8wikw7p/gradle-6.5/lib/plugins/asm-util-7.3.1.jar
7fd41cfdb000-7fd41cfdf000 r--s 0001c000 08:01 2109522                    /home/peter/.gradle/wrapper/dists/gradle-6.5-bin/6nifqtx7604sqp1q6g8wikw7p/gradle-6.5/lib/plugins/aether-util-1.13.1.jar
7fd41cfdf000-7fd41cfe0000 r--s 00003000 08:01 2109523                    /home/peter/.gradle/wrapper/dists/gradle-6.5-bin/6nifqtx7604sqp1q6g8wikw7p/gradle-6.5/lib/plugins/aether-spi-1.13.1.jar
7fd41cfe0000-7fd41cfe3000 r--s 0001d000 08:01 2109521                    /home/peter/.gradle/wrapper/dists/gradle-6.5-bin/6nifqtx7604sqp1q6g8wikw7p/gradle-6.5/lib/plugins/aether-impl-1.13.1.jar
7fd41cfe3000-7fd41cfe6000 r--s 00013000 08:01 2109524                    /home/peter/.gradle/wrapper/dists/gradle-6.5-bin/6nifqtx7604sqp1q6g8wikw7p/gradle-6.5/lib/plugins/aether-api-1.13.1.jar
7fd41cfe6000-7fd41d020000 r--s 00231000 08:01 2109462                    /home/peter/.gradle/wrapper/dists/gradle-6.5-bin/6nifqtx7604sqp1q6g8wikw7p/gradle-6.5/lib/plugins/gradle-dependency-management-6.5.jar
7fd41d020000-7fd41d021000 r--s 00000000 08:01 2109368                    /home/peter/.gradle/wrapper/dists/gradle-6.5-bin/6nifqtx7604sqp1q6g8wikw7p/gradle-6.5/lib/gradle-runtime-api-info-6.5.jar
7fd41d021000-7fd41d024000 r--s 0000d000 08:01 2109463                    /home/peter/.gradle/wrapper/dists/gradle-6.5-bin/6nifqtx7604sqp1q6g8wikw7p/gradle-6.5/lib/plugins/gradle-composite-builds-6.5.jar
7fd41d024000-7fd41d049000 r--s 00281000 08:01 2109472                    /home/peter/.gradle/wrapper/dists/gradle-6.5-bin/6nifqtx7604sqp1q6g8wikw7p/gradle-6.5/lib/plugins/org.eclipse.jgit-5.5.0.201909110433-r.jar
7fd41d049000-7fd41d04b000 r--s 00010000 08:01 2109528                    /home/peter/.gradle/wrapper/dists/gradle-6.5-bin/6nifqtx7604sqp1q6g8wikw7p/gradle-6.5/lib/plugins/jzlib-1.1.3.jar
7fd41d04b000-7fd41d04f000 r--s 00041000 08:01 2109513                    /home/peter/.gradle/wrapper/dists/gradle-6.5-bin/6nifqtx7604sqp1q6g8wikw7p/gradle-6.5/lib/plugins/jsch-0.1.55.jar
7fd41d04f000-7fd41d063000 r--s 000c0000 08:01 2109492                    /home/peter/.gradle/wrapper/dists/gradle-6.5-bin/6nifqtx7604sqp1q6g8wikw7p/gradle-6.5/lib/plugins/bcpkix-jdk15on-1.61.jar
7fd41d063000-7fd41d066000 r--s 0000c000 08:01 2109461                    /home/peter/.gradle/wrapper/dists/gradle-6.5-bin/6nifqtx7604sqp1q6g8wikw7p/gradle-6.5/lib/plugins/gradle-version-control-6.5.jar
7fd41d066000-7fd41d067000 r--s 00000000 08:01 2109365                    /home/peter/.gradle/wrapper/dists/gradle-6.5-bin/6nifqtx7604sqp1q6g8wikw7p/gradle-6.5/lib/gradle-installation-beacon-6.5.jar
7fd41d067000-7fd41d0c8000 r--s 0042c000 08:01 2109493                    /home/peter/.gradle/wrapper/dists/gradle-6.5-bin/6nifqtx7604sqp1q6g8wikw7p/gradle-6.5/lib/plugins/bcprov-jdk15on-1.64.jar
7fd41d0c8000-7fd41d0d0000 r--s 00049000 08:01 2109491                    /home/peter/.gradle/wrapper/dists/gradle-6.5-bin/6nifqtx7604sqp1q6g8wikw7p/gradle-6.5/lib/plugins/bcpg-jdk15on-1.64.jar
7fd41d0d0000-7fd41d0d2000 r--s 00009000 08:01 2109467                    /home/peter/.gradle/wrapper/dists/gradle-6.5-bin/6nifqtx7604sqp1q6g8wikw7p/gradle-6.5/lib/plugins/gradle-security-6.5.jar
7fd41d0d2000-7fd41d0eb000 r--s 0013a000 08:01 2109511                    /home/peter/.gradle/wrapper/dists/gradle-6.5-bin/6nifqtx7604sqp1q6g8wikw7p/gradle-6.5/lib/plugins/xercesImpl-2.12.0.jar
7fd41d0eb000-7fd41d0ed000 r--s 0001d000 08:01 2109510                    /home/peter/.gradle/wrapper/dists/gradle-6.5-bin/6nifqtx7604sqp1q6g8wikw7p/gradle-6.5/lib/plugins/nekohtml-1.9.22.jar
7fd41d0ed000-7fd41d0f3000 r--s 0005b000 08:01 2109509                    /home/peter/.gradle/wrapper/dists/gradle-6.5-bin/6nifqtx7604sqp1q6g8wikw7p/gradle-6.5/lib/plugins/jcifs-1.3.17.jar
7fd41d0f3000-7fd41d0fb000 r--s 00049000 08:01 2109526                    /home/peter/.gradle/wrapper/dists/gradle-6.5-bin/6nifqtx7604sqp1q6g8wikw7p/gradle-6.5/lib/plugins/httpcore-4.4.12.jar
7fd41d0fb000-7fd41d108000 r--s 000b1000 08:01 2109483                    /home/peter/.gradle/wrapper/dists/gradle-6.5-bin/6nifqtx7604sqp1q6g8wikw7p/gradle-6.5/lib/plugins/httpclient-4.5.10.jar
7fd41d108000-7fd41d10f000 r--s 0004e000 08:01 2109519                    /home/peter/.gradle/wrapper/dists/gradle-6.5-bin/6nifqtx7604sqp1q6g8wikw7p/gradle-6.5/lib/plugins/commons-codec-1.13.jar
7fd41d10f000-7fd41d111000 r--s 0000f000 08:01 2109468                    /home/peter/.gradle/wrapper/dists/gradle-6.5-bin/6nifqtx7604sqp1q6g8wikw7p/gradle-6.5/lib/plugins/gradle-resources-http-6.5.jar
7fd41d111000-7fd41d114000 r--s 0000b000 08:01 2109459                    /home/peter/.gradle/wrapper/dists/gradle-6.5-bin/6nifqtx7604sqp1q6g8wikw7p/gradle-6.5/lib/plugins/gradle-plugin-use-6.5.jar
7fd41d114000-7fd41d118000 r--s 0001d000 08:01 2109471                    /home/peter/.gradle/wrapper/dists/gradle-6.5-bin/6nifqtx7604sqp1q6g8wikw7p/gradle-6.5/lib/plugins/gradle-workers-6.5.jar
7fd41d118000-7fd41d11d000 r-xp 00000000 08:01 2373224                    /home/peter/.gradle/native/f6784746aeab05261644944871eae4fe03e0ef1612fff0a4a95f87b438bc6780/linux-amd64/libnative-platform.so
7fd41d11d000-7fd41d31d000 ---p 00005000 08:01 2373224                    /home/peter/.gradle/native/f6784746aeab05261644944871eae4fe03e0ef1612fff0a4a95f87b438bc6780/linux-amd64/libnative-platform.so
7fd41d31d000-7fd41d31e000 r--p 00005000 08:01 2373224                    /home/peter/.gradle/native/f6784746aeab05261644944871eae4fe03e0ef1612fff0a4a95f87b438bc6780/linux-amd64/libnative-platform.so
7fd41d31e000-7fd41d31f000 rw-p 00006000 08:01 2373224                    /home/peter/.gradle/native/f6784746aeab05261644944871eae4fe03e0ef1612fff0a4a95f87b438bc6780/linux-amd64/libnative-platform.so
7fd41d31f000-7fd41d322000 r--s 00008000 08:01 2109332                    /home/peter/.gradle/wrapper/dists/gradle-6.5-bin/6nifqtx7604sqp1q6g8wikw7p/gradle-6.5/lib/gradle-build-events-6.5.jar
7fd41d322000-7fd41d32d000 r--s 00081000 08:01 2109393                    /home/peter/.gradle/wrapper/dists/gradle-6.5-bin/6nifqtx7604sqp1q6g8wikw7p/gradle-6.5/lib/trove4j-1.0.20181211.jar
7fd41d32d000-7fd41d32f000 r--s 00009000 08:01 2109391                    /home/peter/.gradle/wrapper/dists/gradle-6.5-bin/6nifqtx7604sqp1q6g8wikw7p/gradle-6.5/lib/kotlin-script-runtime-1.3.72.jar
7fd41d32f000-7fd41d369000 r--s 00284000 08:01 2109387                    /home/peter/.gradle/wrapper/dists/gradle-6.5-bin/6nifqtx7604sqp1q6g8wikw7p/gradle-6.5/lib/kotlin-reflect-1.3.72.jar
7fd41d369000-7fd41d380000 r--s 00108000 08:01 2109392                    /home/peter/.gradle/wrapper/dists/gradle-6.5-bin/6nifqtx7604sqp1q6g8wikw7p/gradle-6.5/lib/kotlin-daemon-embeddable-1.3.72.jar
7fd41d380000-7fd41d5db000 r--s 023fe000 08:01 2109367                    /home/peter/.gradle/wrapper/dists/gradle-6.5-bin/6nifqtx7604sqp1q6g8wikw7p/gradle-6.5/lib/kotlin-compiler-embeddable-1.3.72-patched-for-gradle-6.5.jar
7fd41d5db000-7fd41d5dc000 r--s 00007000 08:01 2109362                    /home/peter/.gradle/wrapper/dists/gradle-6.5-bin/6nifqtx7604sqp1q6g8wikw7p/gradle-6.5/lib/gradle-wrapper-6.5.jar
7fd41d5dc000-7fd41d5ec000 r--s 00050000 08:01 2109334                    /home/peter/.gradle/wrapper/dists/gradle-6.5-bin/6nifqtx7604sqp1q6g8wikw7p/gradle-6.5/lib/gradle-tooling-api-6.5.jar
7fd41d5ec000-7fd41d5ed000 r--s 00000000 08:01 2109359                    /home/peter/.gradle/wrapper/dists/gradle-6.5-bin/6nifqtx7604sqp1q6g8wikw7p/gradle-6.5/lib/gradle-kotlin-dsl-tooling-models-6.5.jar
7fd41d5ed000-7fd41d5fd000 r--s 0026b000 08:01 2109400                    /home/peter/.gradle/wrapper/dists/gradle-6.5-bin/6nifqtx7604sqp1q6g8wikw7p/gradle-6.5/lib/kotlinx-metadata-jvm-0.1.0.jar
7fd41d5fd000-7fd41d5fe000 r--s 00003000 08:01 2109388                    /home/peter/.gradle/wrapper/dists/gradle-6.5-bin/6nifqtx7604sqp1q6g8wikw7p/gradle-6.5/lib/kotlin-stdlib-jdk8-1.3.72.jar
7fd41d5fe000-7fd41d5ff000 r--s 00000000 08:01 2109389                    /home/peter/.gradle/wrapper/dists/gradle-6.5-bin/6nifqtx7604sqp1q6g8wikw7p/gradle-6.5/lib/kotlin-stdlib-jdk7-1.3.72.jar
7fd41d5ff000-7fd41d602000 r--s 00019000 08:01 2109396                    /home/peter/.gradle/wrapper/dists/gradle-6.5-bin/6nifqtx7604sqp1q6g8wikw7p/gradle-6.5/lib/kotlin-scripting-jvm-host-embeddable-1.3.72.jar
7fd41d602000-7fd41d606000 r--s 00027000 08:01 2109395                    /home/peter/.gradle/wrapper/dists/gradle-6.5-bin/6nifqtx7604sqp1q6g8wikw7p/gradle-6.5/lib/kotlin-scripting-jvm-1.3.72.jar
7fd41d606000-7fd41d60c000 r--s 00045000 08:01 2109398                    /home/peter/.gradle/wrapper/dists/gradle-6.5-bin/6nifqtx7604sqp1q6g8wikw7p/gradle-6.5/lib/kotlin-scripting-compiler-impl-embeddable-1.3.72.jar
7fd41d60c000-7fd41d614000 r--s 0004b000 08:01 2109397                    /home/peter/.gradle/wrapper/dists/gradle-6.5-bin/6nifqtx7604sqp1q6g8wikw7p/gradle-6.5/lib/kotlin-scripting-compiler-embeddable-1.3.72.jar
7fd41d614000-7fd41d619000 r--s 00026000 08:01 2109394                    /home/peter/.gradle/wrapper/dists/gradle-6.5-bin/6nifqtx7604sqp1q6g8wikw7p/gradle-6.5/lib/kotlin-scripting-common-1.3.72.jar
7fd41d619000-7fd41d61a000 r--s 00002000 08:01 2109399                    /home/peter/.gradle/wrapper/dists/gradle-6.5-bin/6nifqtx7604sqp1q6g8wikw7p/gradle-6.5/lib/kotlin-sam-with-receiver-compiler-plugin-1.3.72.jar
7fd41d61a000-7fd41d633000 r--s 0013f000 08:01 2109333                    /home/peter/.gradle/wrapper/dists/gradle-6.5-bin/6nifqtx7604sqp1q6g8wikw7p/gradle-6.5/lib/gradle-kotlin-dsl-6.5.jar
7fd41d633000-7fd41d635000 r--s 00005000 08:01 2109345                    /home/peter/.gradle/wrapper/dists/gradle-6.5-bin/6nifqtx7604sqp1q6g8wikw7p/gradle-6.5/lib/gradle-worker-processes-6.5.jar
7fd41d635000-7fd41d637000 r--s 00005000 08:01 2109360                    /home/peter/.gradle/wrapper/dists/gradle-6.5-bin/6nifqtx7604sqp1q6g8wikw7p/gradle-6.5/lib/gradle-normalization-java-6.5.jar
7fd41d637000-7fd41d639000 r--s 00007000 08:01 2109339                    /home/peter/.gradle/wrapper/dists/gradle-6.5-bin/6nifqtx7604sqp1q6g8wikw7p/gradle-6.5/lib/gradle-model-groovy-6.5.jar
7fd41d639000-7fd41d63b000 r--s 00000000 08:01 2109343                    /home/peter/.gradle/wrapper/dists/gradle-6.5-bin/6nifqtx7604sqp1q6g8wikw7p/gradle-6.5/lib/gradle-jvm-services-6.5.jar
7fd41d63b000-7fd41d63d000 r--s 0000a000 08:01 2109355                    /home/peter/.gradle/wrapper/dists/gradle-6.5-bin/6nifqtx7604sqp1q6g8wikw7p/gradle-6.5/lib/gradle-file-watching-6.5.jar
7fd41d63d000-7fd41d642000 r--s 00023000 08:01 2109338                    /home/peter/.gradle/wrapper/dists/gradle-6.5-bin/6nifqtx7604sqp1q6g8wikw7p/gradle-6.5/lib/gradle-file-collections-6.5.jar
7fd41d642000-7fd41d64a000 r--s 00024000 08:01 2109409                    /home/peter/.gradle/wrapper/dists/gradle-6.5-bin/6nifqtx7604sqp1q6g8wikw7p/gradle-6.5/lib/kotlin-stdlib-common-1.3.72.jar
7fd41d64a000-7fd41d65e000 r--s 0013d000 08:01 2109390                    /home/peter/.gradle/wrapper/dists/gradle-6.5-bin/6nifqtx7604sqp1q6g8wikw7p/gradle-6.5/lib/kotlin-stdlib-1.3.72.jar
7fd41d65e000-7fd41d660000 r--s 00003000 08:01 2109405                    /home/peter/.gradle/wrapper/dists/gradle-6.5-bin/6nifqtx7604sqp1q6g8wikw7p/gradle-6.5/lib/annotations-13.0.jar
7fd41d660000-7fd41d679000 r--s 000eb000 08:01 2109340                    /home/peter/.gradle/wrapper/dists/gradle-6.5-bin/6nifqtx7604sqp1q6g8wikw7p/gradle-6.5/lib/gradle-model-core-6.5.jar
7fd41d679000-7fd41d680000 r--s 0002d000 08:01 2109336                    /home/peter/.gradle/wrapper/dists/gradle-6.5-bin/6nifqtx7604sqp1q6g8wikw7p/gradle-6.5/lib/gradle-execution-6.5.jar
7fd41d680000-7fd41d681000 r--s 00005000 08:01 2109364                    /home/peter/.gradle/wrapper/dists/gradle-6.5-bin/6nifqtx7604sqp1q6g8wikw7p/gradle-6.5/lib/gradle-docs-6.5.jar
7fd41d681000-7fd41d683000 r--s 00004000 08:01 2109352                    /home/peter/.gradle/wrapper/dists/gradle-6.5-bin/6nifqtx7604sqp1q6g8wikw7p/gradle-6.5/lib/gradle-build-cache-packaging-6.5.jar
7fd41d683000-7fd41d687000 r--s 0001c000 08:01 2109356                    /home/peter/.gradle/wrapper/dists/gradle-6.5-bin/6nifqtx7604sqp1q6g8wikw7p/gradle-6.5/lib/gradle-snapshots-6.5.jar
7fd41d687000-7fd41d689000 r--s 00006000 08:01 2109347                    /home/peter/.gradle/wrapper/dists/gradle-6.5-bin/6nifqtx7604sqp1q6g8wikw7p/gradle-6.5/lib/gradle-process-services-6.5.jar
7fd41d689000-7fd41d68d000 r--s 00016000 08:01 2109348                    /home/peter/.gradle/wrapper/dists/gradle-6.5-bin/6nifqtx7604sqp1q6g8wikw7p/gradle-6.5/lib/gradle-resources-6.5.jar
7fd41d68d000-7fd41d695000 r--s 00036000 08:01 2109344                    /home/peter/.gradle/wrapper/dists/gradle-6.5-bin/6nifqtx7604sqp1q6g8wikw7p/gradle-6.5/lib/gradle-persistent-cache-6.5.jar
7fd41d695000-7fd41d698000 r--s 0000d000 08:01 2109350                    /home/peter/.gradle/wrapper/dists/gradle-6.5-bin/6nifqtx7604sqp1q6g8wikw7p/gradle-6.5/lib/gradle-native-6.5.jar
7fd41d698000-7fd41d69a000 r--s 0000c000 08:01 2109404                    /home/peter/.gradle/wrapper/dists/gradle-6.5-bin/6nifqtx7604sqp1q6g8wikw7p/gradle-6.5/lib/objenesis-2.6.jar
7fd41d69a000-7fd41d69c000 r--s 00000000 08:01 2109407                    /home/peter/.gradle/wrapper/dists/gradle-6.5-bin/6nifqtx7604sqp1q6g8wikw7p/gradle-6.5/lib/minlog-1.2.jar
7fd41d69c000-7fd41d6a2000 r--s 0004d000 08:01 2109403                    /home/peter/.gradle/wrapper/dists/gradle-6.5-bin/6nifqtx7604sqp1q6g8wikw7p/gradle-6.5/lib/kryo-2.24.0.jar
7fd41d6a2000-7fd41d6a8000 r--s 0006d000 08:01 2109402                    /home/peter/.gradle/wrapper/dists/gradle-6.5-bin/6nifqtx7604sqp1q6g8wikw7p/gradle-6.5/lib/fastutil-8.3.0-min.jar
7fd41d6a8000-7fd41d6af000 r--s 00031000 08:01 2109349                    /home/peter/.gradle/wrapper/dists/gradle-6.5-bin/6nifqtx7604sqp1q6g8wikw7p/gradle-6.5/lib/gradle-messaging-6.5.jar
7fd41d6af000-7fd41d6b1000 r--s 00005000 08:01 2109363                    /home/peter/.gradle/wrapper/dists/gradle-6.5-bin/6nifqtx7604sqp1q6g8wikw7p/gradle-6.5/lib/gradle-cli-6.5.jar
7fd41d6b1000-7fd41d6b2000 r--s 00004000 08:01 2109354                    /home/peter/.gradle/wrapper/dists/gradle-6.5-bin/6nifqtx7604sqp1q6g8wikw7p/gradle-6.5/lib/gradle-build-option-6.5.jar
7fd41d6b2000-7fd41d6b4000 r--s 00004000 08:01 2109372                    /home/peter/.gradle/wrapper/dists/gradle-6.5-bin/6nifqtx7604sqp1q6g8wikw7p/gradle-6.5/lib/log4j-over-slf4j-1.7.28.jar
7fd41d6b4000-7fd41d6b6000 r--s 00000000 08:01 2109371                    /home/peter/.gradle/wrapper/dists/gradle-6.5-bin/6nifqtx7604sqp1q6g8wikw7p/gradle-6.5/lib/jul-to-slf4j-1.7.28.jar
7fd41d6b6000-7fd41d6b8000 r--s 00003000 08:01 2109370                    /home/peter/.gradle/wrapper/dists/gradle-6.5-bin/6nifqtx7604sqp1q6g8wikw7p/gradle-6.5/lib/jcl-over-slf4j-1.7.28.jar
7fd41d6b8000-7fd41d6bc000 r--s 00043000 08:01 2109401                    /home/peter/.gradle/wrapper/dists/gradle-6.5-bin/6nifqtx7604sqp1q6g8wikw7p/gradle-6.5/lib/jansi-1.18.jar
7fd41d6bc000-7fd41d6c5000 r--s 0003c000 08:01 2109346                    /home/peter/.gradle/wrapper/dists/gradle-6.5-bin/6nifqtx7604sqp1q6g8wikw7p/gradle-6.5/lib/gradle-logging-6.5.jar
7fd41d6c5000-7fd41d6c7000 r--s 00009000 08:01 2109357                    /home/peter/.gradle/wrapper/dists/gradle-6.5-bin/6nifqtx7604sqp1q6g8wikw7p/gradle-6.5/lib/gradle-files-6.5.jar
7fd41d6c7000-7fd41d6c9000 r--s 00001000 08:01 2109353                    /home/peter/.gradle/wrapper/dists/gradle-6.5-bin/6nifqtx7604sqp1q6g8wikw7p/gradle-6.5/lib/gradle-build-cache-base-6.5.jar
7fd41d6c9000-7fd41d6cd000 r--s 0000c000 08:01 2109337                    /home/peter/.gradle/wrapper/dists/gradle-6.5-bin/6nifqtx7604sqp1q6g8wikw7p/gradle-6.5/lib/gradle-build-cache-6.5.jar
7fd41d6cd000-7fd41d6ce000 r--s 00006000 08:01 2109342                    /home/peter/.gradle/wrapper/dists/gradle-6.5-bin/6nifqtx7604sqp1q6g8wikw7p/gradle-6.5/lib/gradle-base-services-groovy-6.5.jar
7fd41d6ce000-7fd41d6d7000 r--s 0002d000 08:01 2109386                    /home/peter/.gradle/wrapper/dists/gradle-6.5-bin/6nifqtx7604sqp1q6g8wikw7p/gradle-6.5/lib/xml-apis-1.4.01.jar
7fd41d6d7000-7fd41d6d8000 r--s 00078000 08:01 2109417                    /home/peter/.gradle/wrapper/dists/gradle-6.5-bin/6nifqtx7604sqp1q6g8wikw7p/gradle-6.5/lib/native-platform-windows-i386-min-0.22-milestone-3.jar
7fd41d6d8000-7fd41d6d9000 r--s 00078000 08:01 2109416                    /home/peter/.gradle/wrapper/dists/gradle-6.5-bin/6nifqtx7604sqp1q6g8wikw7p/gradle-6.5/lib/native-platform-windows-i386-0.22-milestone-3.jar
7fd41d6d9000-7fd41d6db000 r--s 00092000 08:01 2109415                    /home/peter/.gradle/wrapper/dists/gradle-6.5-bin/6nifqtx7604sqp1q6g8wikw7p/gradle-6.5/lib/native-platform-windows-amd64-min-0.22-milestone-3.jar
7fd41d6db000-7fd41d6dc000 r--s 00093000 08:01 2109414                    /home/peter/.gradle/wrapper/dists/gradle-6.5-bin/6nifqtx7604sqp1q6g8wikw7p/gradle-6.5/lib/native-platform-windows-amd64-0.22-milestone-3.jar
7fd41d6dc000-7fd41d6dd000 r--s 00017000 08:01 2109413                    /home/peter/.gradle/wrapper/dists/gradle-6.5-bin/6nifqtx7604sqp1q6g8wikw7p/gradle-6.5/lib/native-platform-osx-amd64-0.22-milestone-3.jar
7fd41d6dd000-7fd41d6de000 r--s 00001000 08:01 2109421                    /home/peter/.gradle/wrapper/dists/gradle-6.5-bin/6nifqtx7604sqp1q6g8wikw7p/gradle-6.5/lib/native-platform-linux-amd64-ncurses6-0.22-milestone-3.jar
7fd41d6de000-7fd41d6e0000 r--s 00001000 08:01 2109420                    /home/peter/.gradle/wrapper/dists/gradle-6.5-bin/6nifqtx7604sqp1q6g8wikw7p/gradle-6.5/lib/native-platform-linux-amd64-ncurses5-0.22-milestone-3.jar
7fd41d6e0000-7fd41d6e1000 r--s 0005b000 08:01 2109412                    /home/peter/.gradle/wrapper/dists/gradle-6.5-bin/6nifqtx7604sqp1q6g8wikw7p/gradle-6.5/lib/native-platform-linux-amd64-0.22-milestone-3.jar
7fd41d6e1000-7fd41d6e2000 r--s 00002000 08:01 2109419                    /home/peter/.gradle/wrapper/dists/gradle-6.5-bin/6nifqtx7604sqp1q6g8wikw7p/gradle-6.5/lib/native-platform-linux-aarch64-ncurses6-0.22-milestone-3.jar
7fd41d6e2000-7fd41d6e4000 r--s 00001000 08:01 2109418                    /home/peter/.gradle/wrapper/dists/gradle-6.5-bin/6nifqtx7604sqp1q6g8wikw7p/gradle-6.5/lib/native-platform-linux-aarch64-ncurses5-0.22-milestone-3.jar
7fd41d6e4000-7fd41d6e6000 r--s 00059000 08:01 2109411                    /home/peter/.gradle/wrapper/dists/gradle-6.5-bin/6nifqtx7604sqp1q6g8wikw7p/gradle-6.5/lib/native-platform-linux-aarch64-0.22-milestone-3.jar
7fd41d6e6000-7fd41d6e7000 r--s 00004000 08:01 2109410                    /home/peter/.gradle/wrapper/dists/gradle-6.5-bin/6nifqtx7604sqp1q6g8wikw7p/gradle-6.5/lib/native-platform-freebsd-amd64-libcpp-0.22-milestone-3.jar
7fd41d6e7000-7fd41d6ec000 r--s 0001f000 08:01 2109385                    /home/peter/.gradle/wrapper/dists/gradle-6.5-bin/6nifqtx7604sqp1q6g8wikw7p/gradle-6.5/lib/native-platform-0.22-milestone-3.jar
7fd41d6ec000-7fd41d6ed000 r--s 00000000 08:01 2109382                    /home/peter/.gradle/wrapper/dists/gradle-6.5-bin/6nifqtx7604sqp1q6g8wikw7p/gradle-6.5/lib/javax.inject-1.jar
7fd41d6ed000-7fd41d6f9000 r--s 0008b000 08:01 2109383                    /home/peter/.gradle/wrapper/dists/gradle-6.5-bin/6nifqtx7604sqp1q6g8wikw7p/gradle-6.5/lib/commons-compress-1.19.jar
7fd41d6f9000-7fd41d6fb000 r--s 0000b000 08:01 2109379                    /home/peter/.gradle/wrapper/dists/gradle-6.5-bin/6nifqtx7604sqp1q6g8wikw7p/gradle-6.5/lib/asm-tree-7.3.1.jar
7fd41d6fb000-7fd41d6fd000 r--s 00010000 08:01 2109377                    /home/peter/.gradle/wrapper/dists/gradle-6.5-bin/6nifqtx7604sqp1q6g8wikw7p/gradle-6.5/lib/asm-commons-7.3.1.jar
7fd41d6fd000-7fd41d72d000 r--s 0024c000 08:01 2109374                    /home/peter/.gradle/wrapper/dists/gradle-6.5-bin/6nifqtx7604sqp1q6g8wikw7p/gradle-6.5/lib/guava-27.1-android.jar
7fd41d72d000-7fd41d7ad000 r--s 00782000 08:01 2109381                    /home/peter/.gradle/wrapper/dists/gradle-6.5-bin/6nifqtx7604sqp1q6g8wikw7p/gradle-6.5/lib/groovy-all-1.3-2.5.11.jar
7fd41d7ad000-7fd41d7cd000 r--s 00204000 08:01 2109384                    /home/peter/.gradle/wrapper/dists/gradle-6.5-bin/6nifqtx7604sqp1q6g8wikw7p/gradle-6.5/lib/ant-1.10.7.jar
7fd41d7cd000-7fd41d80a000 r--s 0021d000 08:01 2109335                    /home/peter/.gradle/wrapper/dists/gradle-6.5-bin/6nifqtx7604sqp1q6g8wikw7p/gradle-6.5/lib/gradle-core-6.5.jar
7fd41d80a000-7fd41d819000 r--s 00047000 08:01 2109341                    /home/peter/.gradle/wrapper/dists/gradle-6.5-bin/6nifqtx7604sqp1q6g8wikw7p/gradle-6.5/lib/gradle-core-api-6.5.jar
7fd41d819000-7fd41d826000 r--s 00063000 08:01 2109351                    /home/peter/.gradle/wrapper/dists/gradle-6.5-bin/6nifqtx7604sqp1q6g8wikw7p/gradle-6.5/lib/gradle-base-services-6.5.jar
7fd41d826000-7fd41d83d000 r-xp 00000000 08:01 2767091                    /home/peter/IDEs/android-studio/jre/jre/lib/amd64/libnet.so
7fd41d83d000-7fd41d83e000 r--p 00016000 08:01 2767091                    /home/peter/IDEs/android-studio/jre/jre/lib/amd64/libnet.so
7fd41d83e000-7fd41d83f000 rw-p 00017000 08:01 2767091                    /home/peter/IDEs/android-studio/jre/jre/lib/amd64/libnet.so
7fd41d83f000-7fd41d84f000 r-xp 00000000 08:01 2767079                    /home/peter/IDEs/android-studio/jre/jre/lib/amd64/libnio.so
7fd41d84f000-7fd41d850000 ---p 00010000 08:01 2767079                    /home/peter/IDEs/android-studio/jre/jre/lib/amd64/libnio.so
7fd41d850000-7fd41d851000 r--p 00010000 08:01 2767079                    /home/peter/IDEs/android-studio/jre/jre/lib/amd64/libnio.so
7fd41d851000-7fd41d852000 rw-p 00011000 08:01 2767079                    /home/peter/IDEs/android-studio/jre/jre/lib/amd64/libnio.so
7fd41d852000-7fd41d853000 ---p 00000000 00:00 0 
7fd41d853000-7fd41d953000 rw-p 00000000 00:00 0 
7fd41d953000-7fd41d956000 ---p 00000000 00:00 0 
7fd41d956000-7fd41da54000 rw-p 00000000 00:00 0 
7fd41da54000-7fd41da55000 ---p 00000000 00:00 0 
7fd41da55000-7fd41da58000 ---p 00000000 00:00 0 
7fd41da58000-7fd41db55000 rw-p 00000000 00:00 0 
7fd41db55000-7fd41db56000 ---p 00000000 00:00 0 
7fd41db56000-7fd41db59000 ---p 00000000 00:00 0 
7fd41db59000-7fd41dc56000 rw-p 00000000 00:00 0 
7fd41dc56000-7fd41dc57000 ---p 00000000 00:00 0 
7fd41dc57000-7fd41dc5a000 ---p 00000000 00:00 0 
7fd41dc5a000-7fd41dd57000 rw-p 00000000 00:00 0 
7fd41dd57000-7fd41dd5a000 ---p 00000000 00:00 0 
7fd41dd5a000-7fd41de58000 rw-p 00000000 00:00 0 
7fd41de58000-7fd41e13d000 r--p 00000000 08:01 2236915                    /usr/lib/locale/locale-archive
7fd41e13d000-7fd41e140000 ---p 00000000 00:00 0 
7fd41e140000-7fd41e23e000 rw-p 00000000 00:00 0 
7fd41e23e000-7fd41e241000 ---p 00000000 00:00 0 
7fd41e241000-7fd41e33f000 rw-p 00000000 00:00 0 
7fd41e33f000-7fd41e340000 ---p 00000000 00:00 0 
7fd41e340000-7fd420000000 rw-p 00000000 00:00 0 
7fd420000000-7fd420025000 rw-p 00000000 00:00 0 
7fd420025000-7fd424000000 ---p 00000000 00:00 0 
7fd424000000-7fd424002000 r--s 00007000 08:01 2109378                    /home/peter/.gradle/wrapper/dists/gradle-6.5-bin/6nifqtx7604sqp1q6g8wikw7p/gradle-6.5/lib/asm-analysis-7.3.1.jar
7fd424002000-7fd424004000 r--s 00003000 08:01 2109358                    /home/peter/.gradle/wrapper/dists/gradle-6.5-bin/6nifqtx7604sqp1q6g8wikw7p/gradle-6.5/lib/gradle-hashing-6.5.jar
7fd424004000-7fd424006000 r--s 00003000 08:01 2109369                    /home/peter/.gradle/wrapper/dists/gradle-6.5-bin/6nifqtx7604sqp1q6g8wikw7p/gradle-6.5/lib/jsr305-3.0.2.jar
7fd424006000-7fd424048000 rw-p 00000000 00:00 0 
7fd424048000-7fd42421b000 r--s 03cdf000 08:01 2767060                    /home/peter/IDEs/android-studio/jre/jre/lib/rt.jar
7fd42421b000-7fd428291000 rw-p 00000000 00:00 0 
7fd428291000-7fd428292000 ---p 00000000 00:00 0 
7fd428292000-7fd428392000 rw-p 00000000 00:00 0 
7fd428392000-7fd428393000 ---p 00000000 00:00 0 
7fd428393000-7fd428493000 rw-p 00000000 00:00 0 
7fd428493000-7fd428494000 ---p 00000000 00:00 0 
7fd428494000-7fd4285b2000 rw-p 00000000 00:00 0 
7fd4285b2000-7fd42883f000 ---p 00000000 00:00 0 
7fd42883f000-7fd42885d000 rw-p 00000000 00:00 0 
7fd42885d000-7fd428ae9000 ---p 00000000 00:00 0 
7fd428ae9000-7fd428b47000 rw-p 00000000 00:00 0 
7fd428b47000-7fd428c3f000 ---p 00000000 00:00 0 
7fd428c3f000-7fd428c69000 rw-p 00000000 00:00 0 
7fd428c69000-7fd429000000 ---p 00000000 00:00 0 
7fd429000000-7fd429a20000 rwxp 00000000 00:00 0 
7fd429a20000-7fd438000000 ---p 00000000 00:00 0 
7fd438000000-7fd43928d000 rw-p 00000000 00:00 0 
7fd43928d000-7fd43c000000 ---p 00000000 00:00 0 
7fd43c000000-7fd43c002000 r--s 00009000 08:01 2109373                    /home/peter/.gradle/wrapper/dists/gradle-6.5-bin/6nifqtx7604sqp1q6g8wikw7p/gradle-6.5/lib/slf4j-api-1.7.28.jar
7fd43c002000-7fd43c007000 r--s 00041000 08:01 2109375                    /home/peter/.gradle/wrapper/dists/gradle-6.5-bin/6nifqtx7604sqp1q6g8wikw7p/gradle-6.5/lib/commons-lang-2.6.jar
7fd43c007000-7fd43c0b2000 rw-p 00000000 00:00 0 
7fd43c0b2000-7fd43c0b3000 ---p 00000000 00:00 0 
7fd43c0b3000-7fd43c1b3000 rw-p 00000000 00:00 0 
7fd43c1b3000-7fd43c1ce000 r-xp 00000000 08:01 2767106                    /home/peter/IDEs/android-studio/jre/jre/lib/amd64/libzip.so
7fd43c1ce000-7fd43c1cf000 r--p 0001a000 08:01 2767106                    /home/peter/IDEs/android-studio/jre/jre/lib/amd64/libzip.so
7fd43c1cf000-7fd43c1d0000 rw-p 0001b000 08:01 2767106                    /home/peter/IDEs/android-studio/jre/jre/lib/amd64/libzip.so
7fd43c1d0000-7fd43c1d3000 r--p 00000000 08:01 2760381                    /usr/lib/x86_64-linux-gnu/libnss_files-2.28.so
7fd43c1d3000-7fd43c1da000 r-xp 00003000 08:01 2760381                    /usr/lib/x86_64-linux-gnu/libnss_files-2.28.so
7fd43c1da000-7fd43c1dc000 r--p 0000a000 08:01 2760381                    /usr/lib/x86_64-linux-gnu/libnss_files-2.28.so
7fd43c1dc000-7fd43c1dd000 ---p 0000c000 08:01 2760381                    /usr/lib/x86_64-linux-gnu/libnss_files-2.28.so
7fd43c1dd000-7fd43c1de000 r--p 0000c000 08:01 2760381                    /usr/lib/x86_64-linux-gnu/libnss_files-2.28.so
7fd43c1de000-7fd43c1df000 rw-p 0000d000 08:01 2760381                    /usr/lib/x86_64-linux-gnu/libnss_files-2.28.so
7fd43c1df000-7fd43c1e5000 rw-p 00000000 00:00 0 
7fd43c1e5000-7fd43c1e6000 r--s 00000000 08:01 2109361                    /home/peter/.gradle/wrapper/dists/gradle-6.5-bin/6nifqtx7604sqp1q6g8wikw7p/gradle-6.5/lib/gradle-base-annotations-6.5.jar
7fd43c1e6000-7fd43c1ea000 r--s 00031000 08:01 2109376                    /home/peter/.gradle/wrapper/dists/gradle-6.5-bin/6nifqtx7604sqp1q6g8wikw7p/gradle-6.5/lib/commons-io-2.6.jar
7fd43c1ea000-7fd43c1f6000 r--s 00068000 08:01 2109330                    /home/peter/.gradle/wrapper/dists/gradle-6.5-bin/6nifqtx7604sqp1q6g8wikw7p/gradle-6.5/lib/gradle-launcher-6.5.jar
7fd43c1f6000-7fd43c1fe000 rw-s 00000000 08:01 536467                     /tmp/hsperfdata_peter/16545
7fd43c1fe000-7fd43c226000 r-xp 00000000 08:01 2767074                    /home/peter/IDEs/android-studio/jre/jre/lib/amd64/libjava.so
7fd43c226000-7fd43c227000 r--p 00027000 08:01 2767074                    /home/peter/IDEs/android-studio/jre/jre/lib/amd64/libjava.so
7fd43c227000-7fd43c229000 rw-p 00028000 08:01 2767074                    /home/peter/IDEs/android-studio/jre/jre/lib/amd64/libjava.so
7fd43c229000-7fd43c22b000 r--p 00000000 08:01 2760611                    /usr/lib/x86_64-linux-gnu/librt-2.28.so
7fd43c22b000-7fd43c22f000 r-xp 00002000 08:01 2760611                    /usr/lib/x86_64-linux-gnu/librt-2.28.so
7fd43c22f000-7fd43c231000 r--p 00006000 08:01 2760611                    /usr/lib/x86_64-linux-gnu/librt-2.28.so
7fd43c231000-7fd43c232000 r--p 00007000 08:01 2760611                    /usr/lib/x86_64-linux-gnu/librt-2.28.so
7fd43c232000-7fd43c233000 rw-p 00008000 08:01 2760611                    /usr/lib/x86_64-linux-gnu/librt-2.28.so
7fd43c233000-7fd43c234000 ---p 00000000 00:00 0 
7fd43c234000-7fd43c237000 ---p 00000000 00:00 0 
7fd43c237000-7fd43c334000 rw-p 00000000 00:00 0 
7fd43c334000-7fd43c341000 r--p 00000000 08:01 2760225                    /usr/lib/x86_64-linux-gnu/libm-2.28.so
7fd43c341000-7fd43c3e0000 r-xp 0000d000 08:01 2760225                    /usr/lib/x86_64-linux-gnu/libm-2.28.so
7fd43c3e0000-7fd43c4b5000 r--p 000ac000 08:01 2760225                    /usr/lib/x86_64-linux-gnu/libm-2.28.so
7fd43c4b5000-7fd43c4b6000 r--p 00180000 08:01 2760225                    /usr/lib/x86_64-linux-gnu/libm-2.28.so
7fd43c4b6000-7fd43c4b7000 rw-p 00181000 08:01 2760225                    /usr/lib/x86_64-linux-gnu/libm-2.28.so
7fd43c4b7000-7fd43d0e6000 r-xp 00000000 08:01 2767101                    /home/peter/IDEs/android-studio/jre/jre/lib/amd64/server/libjvm.so
7fd43d0e6000-7fd43d18e000 r--p 00c2e000 08:01 2767101                    /home/peter/IDEs/android-studio/jre/jre/lib/amd64/server/libjvm.so
7fd43d18e000-7fd43d1b7000 rw-p 00cd6000 08:01 2767101                    /home/peter/IDEs/android-studio/jre/jre/lib/amd64/server/libjvm.so
7fd43d1b7000-7fd43d1fd000 rw-p 00000000 00:00 0 
7fd43d1fd000-7fd43d21f000 r--p 00000000 08:01 2759494                    /usr/lib/x86_64-linux-gnu/libc-2.28.so
7fd43d21f000-7fd43d367000 r-xp 00022000 08:01 2759494                    /usr/lib/x86_64-linux-gnu/libc-2.28.so
7fd43d367000-7fd43d3b3000 r--p 0016a000 08:01 2759494                    /usr/lib/x86_64-linux-gnu/libc-2.28.so
7fd43d3b3000-7fd43d3b4000 ---p 001b6000 08:01 2759494                    /usr/lib/x86_64-linux-gnu/libc-2.28.so
7fd43d3b4000-7fd43d3b8000 r--p 001b6000 08:01 2759494                    /usr/lib/x86_64-linux-gnu/libc-2.28.so
7fd43d3b8000-7fd43d3ba000 rw-p 001ba000 08:01 2759494                    /usr/lib/x86_64-linux-gnu/libc-2.28.so
7fd43d3ba000-7fd43d3be000 rw-p 00000000 00:00 0 
7fd43d3be000-7fd43d3bf000 r--p 00000000 08:01 2759626                    /usr/lib/x86_64-linux-gnu/libdl-2.28.so
7fd43d3bf000-7fd43d3c0000 r-xp 00001000 08:01 2759626                    /usr/lib/x86_64-linux-gnu/libdl-2.28.so
7fd43d3c0000-7fd43d3c1000 r--p 00002000 08:01 2759626                    /usr/lib/x86_64-linux-gnu/libdl-2.28.so
7fd43d3c1000-7fd43d3c2000 r--p 00002000 08:01 2759626                    /usr/lib/x86_64-linux-gnu/libdl-2.28.so
7fd43d3c2000-7fd43d3c3000 rw-p 00003000 08:01 2759626                    /usr/lib/x86_64-linux-gnu/libdl-2.28.so
7fd43d3c3000-7fd43d3d9000 r-xp 00000000 08:01 2766996                    /home/peter/IDEs/android-studio/jre/lib/amd64/jli/libjli.so
7fd43d3d9000-7fd43d3da000 r--p 00015000 08:01 2766996                    /home/peter/IDEs/android-studio/jre/lib/amd64/jli/libjli.so
7fd43d3da000-7fd43d3db000 rw-p 00016000 08:01 2766996                    /home/peter/IDEs/android-studio/jre/lib/amd64/jli/libjli.so
7fd43d3db000-7fd43d3e1000 r--p 00000000 08:01 2760550                    /usr/lib/x86_64-linux-gnu/libpthread-2.28.so
7fd43d3e1000-7fd43d3f0000 r-xp 00006000 08:01 2760550                    /usr/lib/x86_64-linux-gnu/libpthread-2.28.so
7fd43d3f0000-7fd43d3f6000 r--p 00015000 08:01 2760550                    /usr/lib/x86_64-linux-gnu/libpthread-2.28.so
7fd43d3f6000-7fd43d3f7000 r--p 0001a000 08:01 2760550                    /usr/lib/x86_64-linux-gnu/libpthread-2.28.so
7fd43d3f7000-7fd43d3f8000 rw-p 0001b000 08:01 2760550                    /usr/lib/x86_64-linux-gnu/libpthread-2.28.so
7fd43d3f8000-7fd43d3fe000 rw-p 00000000 00:00 0 
7fd43d3fe000-7fd43d400000 r--s 00000000 08:01 2109408                    /home/peter/.gradle/wrapper/dists/gradle-6.5-bin/6nifqtx7604sqp1q6g8wikw7p/gradle-6.5/lib/failureaccess-1.0.1.jar
7fd43d400000-7fd43d402000 r--s 0001c000 08:01 2109380                    /home/peter/.gradle/wrapper/dists/gradle-6.5-bin/6nifqtx7604sqp1q6g8wikw7p/gradle-6.5/lib/asm-7.3.1.jar
7fd43d402000-7fd43d403000 r--s 00004000 08:01 2109406                    /home/peter/.gradle/wrapper/dists/gradle-6.5-bin/6nifqtx7604sqp1q6g8wikw7p/gradle-6.5/lib/ant-launcher-1.10.7.jar
7fd43d403000-7fd43d405000 r--s 00001000 08:01 2109331                    /home/peter/.gradle/wrapper/dists/gradle-6.5-bin/6nifqtx7604sqp1q6g8wikw7p/gradle-6.5/lib/gradle-bootstrap-6.5.jar
7fd43d405000-7fd43d406000 rw-p 00000000 00:00 0 
7fd43d406000-7fd43d407000 ---p 00000000 00:00 0 
7fd43d407000-7fd43d414000 r-xp 00000000 08:01 2767088                    /home/peter/IDEs/android-studio/jre/jre/lib/amd64/libverify.so
7fd43d414000-7fd43d416000 r--p 0000c000 08:01 2767088                    /home/peter/IDEs/android-studio/jre/jre/lib/amd64/libverify.so
7fd43d416000-7fd43d417000 rw-p 0000e000 08:01 2767088                    /home/peter/IDEs/android-studio/jre/jre/lib/amd64/libverify.so
7fd43d417000-7fd43d418000 r--p 00000000 08:01 2758833                    /usr/lib/x86_64-linux-gnu/ld-2.28.so
7fd43d418000-7fd43d436000 r-xp 00001000 08:01 2758833                    /usr/lib/x86_64-linux-gnu/ld-2.28.so
7fd43d436000-7fd43d43e000 r--p 0001f000 08:01 2758833                    /usr/lib/x86_64-linux-gnu/ld-2.28.so
7fd43d43e000-7fd43d43f000 r--p 00026000 08:01 2758833                    /usr/lib/x86_64-linux-gnu/ld-2.28.so
7fd43d43f000-7fd43d440000 rw-p 00027000 08:01 2758833                    /usr/lib/x86_64-linux-gnu/ld-2.28.so
7fd43d440000-7fd43d441000 rw-p 00000000 00:00 0 
7ffce725e000-7ffce727f000 rw-p 00000000 00:00 0                          [stack]
7ffce731a000-7ffce731d000 r--p 00000000 00:00 0                          [vvar]
7ffce731d000-7ffce731f000 r-xp 00000000 00:00 0                          [vdso]

VM Arguments:
jvm_args: -Xmx2048m -Dfile.encoding=UTF-8 -Duser.country=US -Duser.language=en -Duser.variant 
java_command: org.gradle.launcher.daemon.bootstrap.GradleDaemon 6.5
java_class_path (initial): /home/peter/.gradle/wrapper/dists/gradle-6.5-bin/6nifqtx7604sqp1q6g8wikw7p/gradle-6.5/lib/gradle-launcher-6.5.jar
Launcher Type: SUN_STANDARD

Environment Variables:
PATH=/usr/local/bin:/usr/bin:/bin:/usr/local/games:/usr/games
SHELL=/usr/bin/fish
DISPLAY=:0

Signal Handlers:
SIGSEGV: [libjvm.so+0xa13c80], sa_mask[0]=11111111011111111101111111111110, sa_flags=SA_RESTART|SA_SIGINFO
SIGBUS: [libjvm.so+0xa13c80], sa_mask[0]=11111111011111111101111111111110, sa_flags=SA_RESTART|SA_SIGINFO
SIGFPE: [libjvm.so+0x874670], sa_mask[0]=11111111011111111101111111111110, sa_flags=SA_RESTART|SA_SIGINFO
SIGPIPE: [libjvm.so+0x874670], sa_mask[0]=11111111011111111101111111111110, sa_flags=SA_RESTART|SA_SIGINFO
SIGXFSZ: [libjvm.so+0x874670], sa_mask[0]=11111111011111111101111111111110, sa_flags=SA_RESTART|SA_SIGINFO
SIGILL: [libjvm.so+0x874670], sa_mask[0]=11111111011111111101111111111110, sa_flags=SA_RESTART|SA_SIGINFO
SIGUSR1: SIG_DFL, sa_mask[0]=00000000000000000000000000000000, sa_flags=none
SIGUSR2: [libjvm.so+0x874540], sa_mask[0]=00100000000000000000000000000000, sa_flags=SA_RESTART|SA_SIGINFO
SIGHUP: [libjvm.so+0x874730], sa_mask[0]=11111111011111111101111111111110, sa_flags=SA_RESTART|SA_SIGINFO
SIGINT: [libjvm.so+0x874730], sa_mask[0]=11111111011111111101111111111110, sa_flags=SA_RESTART|SA_SIGINFO
SIGTERM: [libjvm.so+0x874730], sa_mask[0]=11111111011111111101111111111110, sa_flags=SA_RESTART|SA_SIGINFO
SIGQUIT: [libjvm.so+0x874730], sa_mask[0]=11111111011111111101111111111110, sa_flags=SA_RESTART|SA_SIGINFO


---------------  S Y S T E M  ---------------

OS:PRETTY_NAME="Debian GNU/Linux 10 (buster)"
NAME="Debian GNU/Linux"
VERSION_ID="10"
VERSION="10 (buster)"
VERSION_CODENAME=buster
ID=debian
HOME_URL="https://www.debian.org/"
SUPPORT_URL="https://www.debian.org/support"
BUG_REPORT_URL="https://bugs.debian.org/"

uname:Linux 4.19.0-14-amd64 #1 SMP Debian 4.19.171-2 (2021-01-30) x86_64
libc:glibc 2.28 NPTL 2.28 
rlimit: STACK 8192k, CORE 0k, NPROC 31755, NOFILE 1048576, AS infinity
load average:0.79 0.85 0.94

/proc/meminfo:
MemTotal:        8169936 kB
MemFree:          113356 kB
MemAvailable:       8164 kB
Buffers:             472 kB
Cached:           220116 kB
SwapCached:            0 kB
Active:          7613764 kB
Inactive:         215824 kB
Active(anon):    7610772 kB
Inactive(anon):   211156 kB
Active(file):       2992 kB
Inactive(file):     4668 kB
Unevictable:          80 kB
Mlocked:              80 kB
SwapTotal:             0 kB
SwapFree:              0 kB
Dirty:                12 kB
Writeback:             0 kB
AnonPages:       7609276 kB
Mapped:           210312 kB
Shmem:            212732 kB
Slab:             106944 kB
SReclaimable:      51840 kB
SUnreclaim:        55104 kB
KernelStack:       12448 kB
PageTables:        33652 kB
NFS_Unstable:          0 kB
Bounce:                0 kB
WritebackTmp:          0 kB
CommitLimit:     4084968 kB
Committed_AS:    8846536 kB
VmallocTotal:   34359738367 kB
VmallocUsed:           0 kB
VmallocChunk:          0 kB
Percpu:             1440 kB
HardwareCorrupted:     0 kB
AnonHugePages:   4773888 kB
ShmemHugePages:        0 kB
ShmemPmdMapped:        0 kB
HugePages_Total:       0
HugePages_Free:        0
HugePages_Rsvd:        0
HugePages_Surp:        0
Hugepagesize:       2048 kB
Hugetlb:               0 kB
DirectMap4k:      133056 kB
DirectMap2M:     8255488 kB

container (cgroup) information:
container_type: cgroupv1
cpu_cpuset_cpus: 0-3
cpu_memory_nodes: 0
active_processor_count: 4
cpu_quota: -1
cpu_period: 100000
cpu_shares: -1
memory_limit_in_bytes: -1
memory_and_swap_limit_in_bytes: -2
memory_soft_limit_in_bytes: -1
memory_usage_in_bytes: 7869132800
memory_max_usage_in_bytes: 7913930752


CPU:total 4 (initial active 4) (4 cores per cpu, 1 threads per core) family 6 model 158 stepping 10, cmov, cx8, fxsr, mmx, sse, sse2, sse3, ssse3, sse4.1, sse4.2, popcnt, avx, avx2, aes, clmul, 3dnowpref, lzcnt, tsc, tscinvbit

/proc/cpuinfo:
processor	: 0
vendor_id	: GenuineIntel
cpu family	: 6
model		: 158
model name	: Intel(R) Core(TM) i5-8300H CPU @ 2.30GHz
stepping	: 10
cpu MHz		: 2303.998
cache size	: 8192 KB
physical id	: 0
siblings	: 4
core id		: 0
cpu cores	: 4
apicid		: 0
initial apicid	: 0
fpu		: yes
fpu_exception	: yes
cpuid level	: 22
wp		: yes
flags		: fpu vme de pse tsc msr pae mce cx8 apic sep mtrr pge mca cmov pat pse36 clflush mmx fxsr sse sse2 ht syscall nx rdtscp lm constant_tsc rep_good nopl xtopology nonstop_tsc cpuid tsc_known_freq pni pclmulqdq ssse3 cx16 pcid sse4_1 sse4_2 x2apic movbe popcnt aes xsave avx rdrand hypervisor lahf_lm abm 3dnowprefetch invpcid_single pti fsgsbase avx2 invpcid rdseed clflushopt md_clear flush_l1d
bugs		: cpu_meltdown spectre_v1 spectre_v2 spec_store_bypass l1tf mds swapgs itlb_multihit srbds
bogomips	: 4607.99
clflush size	: 64
cache_alignment	: 64
address sizes	: 39 bits physical, 48 bits virtual
power management:

processor	: 1
vendor_id	: GenuineIntel
cpu family	: 6
model		: 158
model name	: Intel(R) Core(TM) i5-8300H CPU @ 2.30GHz
stepping	: 10
cpu MHz		: 2303.998
cache size	: 8192 KB
physical id	: 0
siblings	: 4
core id		: 1
cpu cores	: 4
apicid		: 1
initial apicid	: 1
fpu		: yes
fpu_exception	: yes
cpuid level	: 22
wp		: yes
flags		: fpu vme de pse tsc msr pae mce cx8 apic sep mtrr pge mca cmov pat pse36 clflush mmx fxsr sse sse2 ht syscall nx rdtscp lm constant_tsc rep_good nopl xtopology nonstop_tsc cpuid tsc_known_freq pni pclmulqdq ssse3 cx16 pcid sse4_1 sse4_2 x2apic movbe popcnt aes xsave avx rdrand hypervisor lahf_lm abm 3dnowprefetch invpcid_single pti fsgsbase avx2 invpcid rdseed clflushopt md_clear flush_l1d
bugs		: cpu_meltdown spectre_v1 spectre_v2 spec_store_bypass l1tf mds swapgs itlb_multihit srbds
bogomips	: 4607.99
clflush size	: 64
cache_alignment	: 64
address sizes	: 39 bits physical, 48 bits virtual
power management:

processor	: 2
vendor_id	: GenuineIntel
cpu family	: 6
model		: 158
model name	: Intel(R) Core(TM) i5-8300H CPU @ 2.30GHz
stepping	: 10
cpu MHz		: 2303.998
cache size	: 8192 KB
physical id	: 0
siblings	: 4
core id		: 2
cpu cores	: 4
apicid		: 2
initial apicid	: 2
fpu		: yes
fpu_exception	: yes
cpuid level	: 22
wp		: yes
flags		: fpu vme de pse tsc msr pae mce cx8 apic sep mtrr pge mca cmov pat pse36 clflush mmx fxsr sse sse2 ht syscall nx rdtscp lm constant_tsc rep_good nopl xtopology nonstop_tsc cpuid tsc_known_freq pni pclmulqdq ssse3 cx16 pcid sse4_1 sse4_2 x2apic movbe popcnt aes xsave avx rdrand hypervisor lahf_lm abm 3dnowprefetch invpcid_single pti fsgsbase avx2 invpcid rdseed clflushopt md_clear flush_l1d
bugs		: cpu_meltdown spectre_v1 spectre_v2 spec_store_bypass l1tf mds swapgs itlb_multihit srbds
bogomips	: 4607.99
clflush size	: 64
cache_alignment	: 64
address sizes	: 39 bits physical, 48 bits virtual
power management:

processor	: 3
vendor_id	: GenuineIntel
cpu family	: 6
model		: 158
model name	: Intel(R) Core(TM) i5-8300H CPU @ 2.30GHz
stepping	: 10
cpu MHz		: 2303.998
cache size	: 8192 KB
physical id	: 0
siblings	: 4
core id		: 3
cpu cores	: 4
apicid		: 3
initial apicid	: 3
fpu		: yes
fpu_exception	: yes
cpuid level	: 22
wp		: yes
flags		: fpu vme de pse tsc msr pae mce cx8 apic sep mtrr pge mca cmov pat pse36 clflush mmx fxsr sse sse2 ht syscall nx rdtscp lm constant_tsc rep_good nopl xtopology nonstop_tsc cpuid tsc_known_freq pni pclmulqdq ssse3 cx16 pcid sse4_1 sse4_2 x2apic movbe popcnt aes xsave avx rdrand hypervisor lahf_lm abm 3dnowprefetch invpcid_single pti fsgsbase avx2 invpcid rdseed clflushopt md_clear flush_l1d
bugs		: cpu_meltdown spectre_v1 spectre_v2 spec_store_bypass l1tf mds swapgs itlb_multihit srbds
bogomips	: 4607.99
clflush size	: 64
cache_alignment	: 64
address sizes	: 39 bits physical, 48 bits virtual
power management:



Memory: 4k page, physical 8169936k(110836k free), swap 0k(0k free)

vm_info: OpenJDK 64-Bit Server VM (25.242-b3-6222593) for linux-amd64 JRE (1.8.0_242-release-1644-b3-6222593), built by "android-build" with gcc 4.8

time: Sun Mar 14 18:59:45 2021
timezone: CST
elapsed time: 4 seconds (0d 0h 0m 4s)

