#
# There is insufficient memory for the Java Runtime Environment to continue.
# Native memory allocation (mmap) failed to map 43515904 bytes for committing reserved memory.
# Possible reasons:
#   The system is out of physical RAM or swap space
#   The process is running with CompressedOops enabled, and the Java Heap may be blocking the growth of the native heap
# Possible solutions:
#   Reduce memory load on the system
#   Increase physical memory or swap space
#   Check if swap backing store is full
#   Decrease Java heap size (-Xmx/-Xms)
#   Decrease number of Java threads
#   Decrease Java thread stack sizes (-Xss)
#   Set larger code cache with -XX:ReservedCodeCacheSize=
#   JVM is running with Unscaled Compressed Oops mode in which the Java heap is
#     placed in the first 4GB address space. The Java Heap base address is the
#     maximum limit for the native heap growth. Please use -XX:HeapBaseMinAddress
#     to set the Java Heap base and to place the Java Heap above 4GB virtual address.
# This output file may be truncated or incomplete.
#
#  Out of Memory Error (os_linux.cpp:2754), pid=16595, tid=0x00007f1c610ac700
#
# JRE version: OpenJDK Runtime Environment (8.0_242) (build 1.8.0_242-release-1644-b3-6222593)
# Java VM: OpenJDK 64-Bit Server VM (25.242-b3-6222593 mixed mode linux-amd64 compressed oops)
# Failed to write core dump. Core dumps have been disabled. To enable core dumping, try "ulimit -c unlimited" before starting Java again
#

---------------  T H R E A D  ---------------

Current thread (0x00007f1c5c078000):  VMThread [stack: 0x00007f1c60fad000,0x00007f1c610ad000] [id=16603]

Stack: [0x00007f1c60fad000,0x00007f1c610ad000],  sp=0x00007f1c610ab470,  free space=1017k
Native frames: (J=compiled Java code, j=interpreted, Vv=VM code, C=native code)
V  [libjvm.so+0xa1317d]  VMError::report_and_die()+0x15d
V  [libjvm.so+0x4d7bca]  report_vm_out_of_memory(char const*, int, unsigned long, VMErrorType, char const*)+0x8a
V  [libjvm.so+0x878fb8]  os::pd_commit_memory(char*, unsigned long, unsigned long, bool)+0xd8
V  [libjvm.so+0x87088f]  os::commit_memory(char*, unsigned long, unsigned long, bool)+0x1f
V  [libjvm.so+0x8ea5fb]  PSVirtualSpace::expand_by(unsigned long)+0x5b
V  [libjvm.so+0x8db36b]  PSOldGen::expand_by(unsigned long) [clone .part.109]+0x1b
V  [libjvm.so+0x8db52b]  PSOldGen::expand(unsigned long) [clone .part.111]+0xdb
V  [libjvm.so+0x8dbe08]  PSOldGen::resize(unsigned long)+0x188
V  [libjvm.so+0x8e14ac]  PSParallelCompact::invoke_no_policy(bool)+0x98c
V  [libjvm.so+0x8e17b9]  PSParallelCompact::invoke(bool)+0x59
V  [libjvm.so+0x464503]  CollectedHeap::collect_as_vm_thread(GCCause::Cause)+0x143
V  [libjvm.so+0xa14641]  VM_CollectForMetadataAllocation::doit()+0x141
V  [libjvm.so+0xa191b7]  VM_Operation::evaluate()+0x47
V  [libjvm.so+0xa17b98]  VMThread::evaluate_operation(VM_Operation*)+0x218
V  [libjvm.so+0xa17ff9]  VMThread::loop()+0x219
V  [libjvm.so+0xa18453]  VMThread::run()+0x83
V  [libjvm.so+0x8760c2]  java_start(Thread*)+0xf2

VM_Operation (0x00007f1c3cff48c0): CollectForMetadataAllocation, mode: safepoint, requested by thread 0x00007f1c04009000


---------------  P R O C E S S  ---------------

Java Threads: ( => current thread )
  0x00007f1bf109c800 JavaThread "Cache worker for file content cache (/home/peter/.gradle/caches/6.5/fileContent)" [_thread_blocked, id=16634, stack(0x00007f1bd72fb000,0x00007f1bd73fc000)]
  0x00007f1bf1065800 JavaThread "jar transforms" [_thread_blocked, id=16633, stack(0x00007f1bd73fc000,0x00007f1bd74fd000)]
  0x00007f1bf0ed0000 JavaThread "Cache worker for execution history cache (/home/peter/.gradle/caches/6.5/executionHistory)" [_thread_blocked, id=16631, stack(0x00007f1bd7afd000,0x00007f1bd7bfe000)]
  0x00007f1bf0e98000 JavaThread "Cache worker for cache directory md-rule (/home/peter/.gradle/caches/6.5/md-rule)" [_thread_blocked, id=16630, stack(0x00007f1bd7bfe000,0x00007f1bd7cff000)]
  0x00007f1bf0e3a800 JavaThread "Cache worker for cache directory md-supplier (/home/peter/.gradle/caches/6.5/md-supplier)" [_thread_blocked, id=16629, stack(0x00007f1bd7cff000,0x00007f1bd7e00000)]
  0x00007f1bf0e0c800 JavaThread "Cache worker for checksums cache (/home/peter/AndroidStudioProjects/Toliet/.gradle/checksums)" [_thread_blocked, id=16628, stack(0x00007f1c3c07c000,0x00007f1c3c17d000)]
  0x00007f1bf0d21800 JavaThread "Cache worker for file hash cache (/home/peter/AndroidStudioProjects/Toliet/.gradle/6.5/fileHashes)" [_thread_blocked, id=16627, stack(0x00007f1c3c17d000,0x00007f1c3c27e000)]
  0x00007f1bf026f000 JavaThread "Cache worker for file hash cache (/home/peter/.gradle/caches/6.5/fileHashes)" [_thread_blocked, id=16626, stack(0x00007f1c3c6f8000,0x00007f1c3c7f9000)]
  0x00007f1bf0185800 JavaThread "File lock request listener" [_thread_in_native, id=16625, stack(0x00007f1c3c7f9000,0x00007f1c3c8fa000)]
  0x00007f1bf017d800 JavaThread "Cache worker for journal cache (/home/peter/.gradle/caches/journal-1)" [_thread_blocked, id=16624, stack(0x00007f1c3c8fa000,0x00007f1c3c9fb000)]
  0x00007f1bf0016000 JavaThread "Thread-9" [_thread_blocked, id=16623, stack(0x00007f1c3cbfb000,0x00007f1c3ccfc000)]
  0x00007f1bf000a000 JavaThread "Stdin handler" [_thread_blocked, id=16622, stack(0x00007f1c3ccfc000,0x00007f1c3cdfd000)]
  0x00007f1bf0008800 JavaThread "Asynchronous log dispatcher for DefaultDaemonConnection: socket connection from /127.0.0.1:40745 to /127.0.0.1:41500" [_thread_blocked, id=16621, stack(0x00007f1c3cdfd000,0x00007f1c3cefe000)]
  0x00007f1c04009000 JavaThread "Daemon worker" [_thread_blocked, id=16618, stack(0x00007f1c3cefe000,0x00007f1c3cfff000)]
  0x00007f1c04007000 JavaThread "Cancel handler" [_thread_blocked, id=16617, stack(0x00007f1c4c026000,0x00007f1c4c127000)]
  0x00007f1c04004000 JavaThread "Handler for socket connection from /127.0.0.1:40745 to /127.0.0.1:41500" [_thread_in_native, id=16616, stack(0x00007f1c4c327000,0x00007f1c4c428000)]
  0x00007f1c0c02b000 JavaThread "Daemon" [_thread_blocked, id=16615, stack(0x00007f1c4c428000,0x00007f1c4c529000)]
  0x00007f1c5d241000 JavaThread "Daemon periodic checks" [_thread_blocked, id=16614, stack(0x00007f1c4c529000,0x00007f1c4c62a000)]
  0x00007f1c5d21d800 JavaThread "Incoming local TCP Connector on port 40745" [_thread_in_native, id=16613, stack(0x00007f1c4c631000,0x00007f1c4c732000)]
  0x00007f1c5c437000 JavaThread "Daemon health stats" [_thread_blocked, id=16612, stack(0x00007f1c4c737000,0x00007f1c4c838000)]
  0x00007f1c5c0c8000 JavaThread "Service Thread" daemon [_thread_blocked, id=16610, stack(0x00007f1c605c0000,0x00007f1c606c1000)]
  0x00007f1c5c0bd000 JavaThread "C1 CompilerThread2" daemon [_thread_blocked, id=16609, stack(0x00007f1c606c2000,0x00007f1c607c2000)]
  0x00007f1c5c0bb000 JavaThread "C2 CompilerThread1" daemon [_thread_in_native, id=16608, stack(0x00007f1c607c3000,0x00007f1c608c3000)]
  0x00007f1c5c0b8000 JavaThread "C2 CompilerThread0" daemon [_thread_blocked, id=16607, stack(0x00007f1c608c4000,0x00007f1c609c4000)]
  0x00007f1c5c0b6000 JavaThread "Signal Dispatcher" daemon [_thread_blocked, id=16606, stack(0x00007f1c609c4000,0x00007f1c60ac5000)]
  0x00007f1c5c086000 JavaThread "Finalizer" daemon [_thread_blocked, id=16605, stack(0x00007f1c60daa000,0x00007f1c60eab000)]
  0x00007f1c5c081800 JavaThread "Reference Handler" daemon [_thread_blocked, id=16604, stack(0x00007f1c60eab000,0x00007f1c60fac000)]
  0x00007f1c5c00a800 JavaThread "main" [_thread_blocked, id=16598, stack(0x00007f1c63e94000,0x00007f1c63f94000)]

Other Threads:
=>0x00007f1c5c078000 VMThread [stack: 0x00007f1c60fad000,0x00007f1c610ad000] [id=16603]
  0x00007f1c5c0ca800 WatcherThread [stack: 0x00007f1c604c0000,0x00007f1c605c0000] [id=16611]

VM state:at safepoint (normal execution)

VM Mutex/Monitor currently owned by a thread:  ([mutex/lock_event])
[0x00007f1c5c007890] ExpandHeap_lock - owner thread: 0x00007f1c5c078000
[0x00007f1c5c007f10] Threads_lock - owner thread: 0x00007f1c5c078000
[0x00007f1c5c008410] Heap_lock - owner thread: 0x00007f1c04009000

heap address: 0x0000000080000000, size: 2048 MB, Compressed Oops mode: 32-bit
Narrow klass base: 0x0000000000000000, Narrow klass shift: 3
Compressed class space size: 1073741824 Address: 0x0000000100000000

Heap:
 PSYoungGen      total 139264K, used 0K [0x00000000d5580000, 0x00000000e0d00000, 0x0000000100000000)
  eden space 126976K, 0% used [0x00000000d5580000,0x00000000d5580000,0x00000000dd180000)
  from space 12288K, 0% used [0x00000000dd180000,0x00000000dd180000,0x00000000ddd80000)
  to   space 13824K, 0% used [0x00000000dff80000,0x00000000dff80000,0x00000000e0d00000)
 ParOldGen       total 63488K, used 17989K [0x0000000080000000, 0x0000000083e00000, 0x00000000d5580000)
  object space 63488K, 28% used [0x0000000080000000,0x00000000811914b0,0x0000000083e00000)
 Metaspace       used 34286K, capacity 35422K, committed 35496K, reserved 1079296K
  class space    used 4718K, capacity 5004K, committed 5040K, reserved 1048576K

Card table byte_map: [0x00007f1c63652000,0x00007f1c63a53000] byte_map_base: 0x00007f1c63252000

Marking Bits: (ParMarkBitMap*) 0x00007f1c64e2c7e0
 Begin Bits: [0x00007f1c44000000, 0x00007f1c46000000)
 End Bits:   [0x00007f1c46000000, 0x00007f1c48000000)

Polling page: 0x00007f1c65066000

CodeCache: size=245760Kb used=10045Kb max_used=10045Kb free=235714Kb
 bounds [0x00007f1c4d000000, 0x00007f1c4d9e0000, 0x00007f1c5c000000]
 total_blobs=3251 nmethods=2573 adapters=592
 compilation: enabled

Compilation events (10 events):
Event: 4.323 Thread 0x00007f1c5c0bd000 2576       3       java.lang.invoke.LambdaForm$MH/885284298::linkToTargetMethod (8 bytes)
Event: 4.323 Thread 0x00007f1c5c0bd000 nmethod 2576 0x00007f1c4d9ccd50 code [0x00007f1c4d9ccee0, 0x00007f1c4d9cd298]
Event: 4.324 Thread 0x00007f1c5c0bd000 2580       3       jdk.internal.org.objectweb.asm.FieldWriter::put (472 bytes)
Event: 4.325 Thread 0x00007f1c5c0bd000 nmethod 2580 0x00007f1c4d9cd390 code [0x00007f1c4d9cd740, 0x00007f1c4d9cead8]
Event: 4.358 Thread 0x00007f1c5c0bd000 2581   !   3       java.lang.invoke.MethodHandleNatives::linkMethodHandleConstant (154 bytes)
Event: 4.358 Thread 0x00007f1c5c0bd000 nmethod 2581 0x00007f1c4d9cf410 code [0x00007f1c4d9cf660, 0x00007f1c4d9d0218]
Event: 4.358 Thread 0x00007f1c5c0bd000 2582       3       java.lang.invoke.MethodHandles$Lookup::linkMethodHandleConstant (185 bytes)
Event: 4.359 Thread 0x00007f1c5c0bd000 nmethod 2582 0x00007f1c4d9d0810 code [0x00007f1c4d9d0ac0, 0x00007f1c4d9d1f78]
Event: 4.417 Thread 0x00007f1c5c0bd000 2583       1       org.slf4j.impl.StaticLoggerBinder::getLoggerFactory (5 bytes)
Event: 4.417 Thread 0x00007f1c5c0bd000 nmethod 2583 0x00007f1c4d9d2850 code [0x00007f1c4d9d29a0, 0x00007f1c4d9d2ab0]

GC Heap History (10 events):
Event: 1.851 GC heap after
Heap after GC invocations=4 (full 0):
 PSYoungGen      total 70656K, used 5104K [0x00000000d5580000, 0x00000000d9f80000, 0x0000000100000000)
  eden space 65536K, 0% used [0x00000000d5580000,0x00000000d5580000,0x00000000d9580000)
  from space 5120K, 99% used [0x00000000d9a80000,0x00000000d9f7c040,0x00000000d9f80000)
  to   space 5120K, 0% used [0x00000000d9580000,0x00000000d9580000,0x00000000d9a80000)
 ParOldGen       total 86016K, used 4294K [0x0000000080000000, 0x0000000085400000, 0x00000000d5580000)
  object space 86016K, 4% used [0x0000000080000000,0x0000000080431b78,0x0000000085400000)
 Metaspace       used 16198K, capacity 16820K, committed 17024K, reserved 1064960K
  class space    used 2167K, capacity 2366K, committed 2432K, reserved 1048576K
}
Event: 2.569 GC heap before
{Heap before GC invocations=5 (full 0):
 PSYoungGen      total 70656K, used 65715K [0x00000000d5580000, 0x00000000d9f80000, 0x0000000100000000)
  eden space 65536K, 92% used [0x00000000d5580000,0x00000000d90b0c98,0x00000000d9580000)
  from space 5120K, 99% used [0x00000000d9a80000,0x00000000d9f7c040,0x00000000d9f80000)
  to   space 5120K, 0% used [0x00000000d9580000,0x00000000d9580000,0x00000000d9a80000)
 ParOldGen       total 86016K, used 4294K [0x0000000080000000, 0x0000000085400000, 0x00000000d5580000)
  object space 86016K, 4% used [0x0000000080000000,0x0000000080431b78,0x0000000085400000)
 Metaspace       used 20587K, capacity 21216K, committed 21296K, reserved 1067008K
  class space    used 2883K, capacity 3074K, committed 3120K, reserved 1048576K
Event: 2.578 GC heap after
Heap after GC invocations=5 (full 0):
 PSYoungGen      total 70656K, used 5104K [0x00000000d5580000, 0x00000000dec80000, 0x0000000100000000)
  eden space 65536K, 0% used [0x00000000d5580000,0x00000000d5580000,0x00000000d9580000)
  from space 5120K, 99% used [0x00000000d9580000,0x00000000d9a7c050,0x00000000d9a80000)
  to   space 11776K, 0% used [0x00000000de100000,0x00000000de100000,0x00000000dec80000)
 ParOldGen       total 86016K, used 10108K [0x0000000080000000, 0x0000000085400000, 0x00000000d5580000)
  object space 86016K, 11% used [0x0000000080000000,0x00000000809df130,0x0000000085400000)
 Metaspace       used 20587K, capacity 21216K, committed 21296K, reserved 1067008K
  class space    used 2883K, capacity 3074K, committed 3120K, reserved 1048576K
}
Event: 2.578 GC heap before
{Heap before GC invocations=6 (full 1):
 PSYoungGen      total 70656K, used 5104K [0x00000000d5580000, 0x00000000dec80000, 0x0000000100000000)
  eden space 65536K, 0% used [0x00000000d5580000,0x00000000d5580000,0x00000000d9580000)
  from space 5120K, 99% used [0x00000000d9580000,0x00000000d9a7c050,0x00000000d9a80000)
  to   space 11776K, 0% used [0x00000000de100000,0x00000000de100000,0x00000000dec80000)
 ParOldGen       total 86016K, used 10108K [0x0000000080000000, 0x0000000085400000, 0x00000000d5580000)
  object space 86016K, 11% used [0x0000000080000000,0x00000000809df130,0x0000000085400000)
 Metaspace       used 20587K, capacity 21216K, committed 21296K, reserved 1067008K
  class space    used 2883K, capacity 3074K, committed 3120K, reserved 1048576K
Event: 2.609 GC heap after
Heap after GC invocations=6 (full 1):
 PSYoungGen      total 70656K, used 0K [0x00000000d5580000, 0x00000000dec80000, 0x0000000100000000)
  eden space 65536K, 0% used [0x00000000d5580000,0x00000000d5580000,0x00000000d9580000)
  from space 5120K, 0% used [0x00000000d9580000,0x00000000d9580000,0x00000000d9a80000)
  to   space 11776K, 0% used [0x00000000de100000,0x00000000de100000,0x00000000dec80000)
 ParOldGen       total 63488K, used 10613K [0x0000000080000000, 0x0000000083e00000, 0x00000000d5580000)
  object space 63488K, 16% used [0x0000000080000000,0x0000000080a5d680,0x0000000083e00000)
 Metaspace       used 20587K, capacity 21216K, committed 21296K, reserved 1067008K
  class space    used 2883K, capacity 3074K, committed 3120K, reserved 1048576K
}
Event: 3.571 GC heap before
{Heap before GC invocations=7 (full 1):
 PSYoungGen      total 70656K, used 65536K [0x00000000d5580000, 0x00000000dec80000, 0x0000000100000000)
  eden space 65536K, 100% used [0x00000000d5580000,0x00000000d9580000,0x00000000d9580000)
  from space 5120K, 0% used [0x00000000d9580000,0x00000000d9580000,0x00000000d9a80000)
  to   space 11776K, 0% used [0x00000000de100000,0x00000000de100000,0x00000000dec80000)
 ParOldGen       total 63488K, used 10613K [0x0000000080000000, 0x0000000083e00000, 0x00000000d5580000)
  object space 63488K, 16% used [0x0000000080000000,0x0000000080a5d680,0x0000000083e00000)
 Metaspace       used 28728K, capacity 29564K, committed 29616K, reserved 1075200K
  class space    used 3978K, capacity 4227K, committed 4272K, reserved 1048576K
Event: 3.579 GC heap after
Heap after GC invocations=7 (full 1):
 PSYoungGen      total 110080K, used 8419K [0x00000000d5580000, 0x00000000de980000, 0x0000000100000000)
  eden space 101376K, 0% used [0x00000000d5580000,0x00000000d5580000,0x00000000db880000)
  from space 8704K, 96% used [0x00000000de100000,0x00000000de938c38,0x00000000de980000)
  to   space 12288K, 0% used [0x00000000dd180000,0x00000000dd180000,0x00000000ddd80000)
 ParOldGen       total 63488K, used 10621K [0x0000000080000000, 0x0000000083e00000, 0x00000000d5580000)
  object space 63488K, 16% used [0x0000000080000000,0x0000000080a5f680,0x0000000083e00000)
 Metaspace       used 28728K, capacity 29564K, committed 29616K, reserved 1075200K
  class space    used 3978K, capacity 4227K, committed 4272K, reserved 1048576K
}
Event: 4.453 GC heap before
{Heap before GC invocations=8 (full 1):
 PSYoungGen      total 110080K, used 109795K [0x00000000d5580000, 0x00000000de980000, 0x0000000100000000)
  eden space 101376K, 100% used [0x00000000d5580000,0x00000000db880000,0x00000000db880000)
  from space 8704K, 96% used [0x00000000de100000,0x00000000de938c38,0x00000000de980000)
  to   space 12288K, 0% used [0x00000000dd180000,0x00000000dd180000,0x00000000ddd80000)
 ParOldGen       total 63488K, used 10621K [0x0000000080000000, 0x0000000083e00000, 0x00000000d5580000)
  object space 63488K, 16% used [0x0000000080000000,0x0000000080a5f680,0x0000000083e00000)
 Metaspace       used 34286K, capacity 35422K, committed 35496K, reserved 1079296K
  class space    used 4718K, capacity 5004K, committed 5040K, reserved 1048576K
Event: 4.479 GC heap after
Heap after GC invocations=8 (full 1):
 PSYoungGen      total 139264K, used 11869K [0x00000000d5580000, 0x00000000e0d00000, 0x0000000100000000)
  eden space 126976K, 0% used [0x00000000d5580000,0x00000000d5580000,0x00000000dd180000)
  from space 12288K, 96% used [0x00000000dd180000,0x00000000ddd175f0,0x00000000ddd80000)
  to   space 13824K, 0% used [0x00000000dff80000,0x00000000dff80000,0x00000000e0d00000)
 ParOldGen       total 63488K, used 10629K [0x0000000080000000, 0x0000000083e00000, 0x00000000d5580000)
  object space 63488K, 16% used [0x0000000080000000,0x0000000080a61680,0x0000000083e00000)
 Metaspace       used 34286K, capacity 35422K, committed 35496K, reserved 1079296K
  class space    used 4718K, capacity 5004K, committed 5040K, reserved 1048576K
}
Event: 4.479 GC heap before
{Heap before GC invocations=9 (full 2):
 PSYoungGen      total 139264K, used 11869K [0x00000000d5580000, 0x00000000e0d00000, 0x0000000100000000)
  eden space 126976K, 0% used [0x00000000d5580000,0x00000000d5580000,0x00000000dd180000)
  from space 12288K, 96% used [0x00000000dd180000,0x00000000ddd175f0,0x00000000ddd80000)
  to   space 13824K, 0% used [0x00000000dff80000,0x00000000dff80000,0x00000000e0d00000)
 ParOldGen       total 63488K, used 10629K [0x0000000080000000, 0x0000000083e00000, 0x00000000d5580000)
  object space 63488K, 16% used [0x0000000080000000,0x0000000080a61680,0x0000000083e00000)
 Metaspace       used 34286K, capacity 35422K, committed 35496K, reserved 1079296K
  class space    used 4718K, capacity 5004K, committed 5040K, reserved 1048576K

Deoptimization events (10 events):
Event: 3.902 Thread 0x00007f1c04009000 Uncommon trap: reason=unstable_if action=reinterpret pc=0x00007f1c4d8b1910 method=org.gradle.internal.reflect.PropertyAccessorType.isGetGetterName(Ljava/lang/String;)Z @ 14
Event: 3.927 Thread 0x00007f1c04009000 Uncommon trap: reason=unstable_if action=reinterpret pc=0x00007f1c4d64fc0c method=org.objectweb.asm.ByteVector.putShort(I)Lorg/objectweb/asm/ByteVector; @ 13
Event: 4.017 Thread 0x00007f1c04009000 Uncommon trap: reason=unstable_if action=reinterpret pc=0x00007f1c4d871654 method=java.net.URLClassLoader.defineClass(Ljava/lang/String;Lsun/misc/Resource;)Ljava/lang/Class; @ 21
Event: 4.023 Thread 0x00007f1c04009000 Uncommon trap: reason=unstable_if action=reinterpret pc=0x00007f1c4d8534b4 method=java.net.URLClassLoader.defineClass(Ljava/lang/String;Lsun/misc/Resource;)Ljava/lang/Class; @ 21
Event: 4.251 Thread 0x00007f1c04009000 Uncommon trap: reason=class_check action=maybe_recompile pc=0x00007f1c4d985cc8 method=org.codehaus.groovy.runtime.metaclass.MetaMethodIndex.addMethodToList(Ljava/lang/Object;Lgroovy/lang/MetaMethod;)Ljava/lang/Object; @ 240
Event: 4.251 Thread 0x00007f1c04009000 Uncommon trap: reason=class_check action=maybe_recompile pc=0x00007f1c4d985cc8 method=org.codehaus.groovy.runtime.metaclass.MetaMethodIndex.addMethodToList(Ljava/lang/Object;Lgroovy/lang/MetaMethod;)Ljava/lang/Object; @ 240
Event: 4.251 Thread 0x00007f1c04009000 Uncommon trap: reason=class_check action=maybe_recompile pc=0x00007f1c4d985cc8 method=org.codehaus.groovy.runtime.metaclass.MetaMethodIndex.addMethodToList(Ljava/lang/Object;Lgroovy/lang/MetaMethod;)Ljava/lang/Object; @ 240
Event: 4.256 Thread 0x00007f1c04009000 Uncommon trap: reason=class_check action=maybe_recompile pc=0x00007f1c4d985cc8 method=org.codehaus.groovy.runtime.metaclass.MetaMethodIndex.addMethodToList(Ljava/lang/Object;Lgroovy/lang/MetaMethod;)Ljava/lang/Object; @ 240
Event: 4.265 Thread 0x00007f1c04009000 Uncommon trap: reason=unstable_if action=reinterpret pc=0x00007f1c4d2973fc method=java.net.URI.match(CJJ)Z @ 45
Event: 4.265 Thread 0x00007f1c04009000 Uncommon trap: reason=unstable_if action=reinterpret pc=0x00007f1c4d1e112c method=java.net.URI.match(CJJ)Z @ 19

Classes redefined (0 events):
No events

Internal exceptions (10 events):
Event: 4.236 Thread 0x00007f1c04009000 Exception <a 'java/lang/ClassNotFoundException': org/gradle/api/internal/artifacts/dsl/dependencies/DefaultDependencyHandlerCustomizer> (0x00000000da0286c0) thrown at [/buildbot/src/googleplex-android/openjdk/out/hotspot/src/share/vm/classfile/systemDicti
Event: 4.238 Thread 0x00007f1c04009000 Exception <a 'java/lang/ClassNotFoundException': org/gradle/api/internal/artifacts/dsl/dependencies/DefaultDependencyHandler_DecoratedCustomizer> (0x00000000da0b37a0) thrown at [/buildbot/src/googleplex-android/openjdk/out/hotspot/src/share/vm/classfile/s
Event: 4.253 Thread 0x00007f1c04009000 Exception <a 'java/lang/ClassNotFoundException': groovy/lang/GString$1BeanInfo> (0x00000000da2a1ef0) thrown at [/buildbot/src/googleplex-android/openjdk/out/hotspot/src/share/vm/classfile/systemDictionary.cpp, line 210]
Event: 4.253 Thread 0x00007f1c04009000 Exception <a 'java/lang/ClassNotFoundException': groovy/lang/GStringBeanInfo> (0x00000000da2c3360) thrown at [/buildbot/src/googleplex-android/openjdk/out/hotspot/src/share/vm/classfile/systemDictionary.cpp, line 210]
Event: 4.254 Thread 0x00007f1c04009000 Exception <a 'java/lang/ClassNotFoundException': groovy/lang/GStringCustomizer> (0x00000000da2e5348) thrown at [/buildbot/src/googleplex-android/openjdk/out/hotspot/src/share/vm/classfile/systemDictionary.cpp, line 210]
Event: 4.255 Thread 0x00007f1c04009000 Exception <a 'java/lang/ClassNotFoundException': groovy/lang/GString$1Customizer> (0x00000000da3136f0) thrown at [/buildbot/src/googleplex-android/openjdk/out/hotspot/src/share/vm/classfile/systemDictionary.cpp, line 210]
Event: 4.258 Thread 0x00007f1c04009000 Exception <a 'java/lang/ClassNotFoundException': org/codehaus/groovy/runtime/GStringImplBeanInfo> (0x00000000da3c2428) thrown at [/buildbot/src/googleplex-android/openjdk/out/hotspot/src/share/vm/classfile/systemDictionary.cpp, line 210]
Event: 4.258 Thread 0x00007f1c04009000 Exception <a 'java/lang/ClassNotFoundException': org/codehaus/groovy/runtime/GStringImplCustomizer> (0x00000000da3ee490) thrown at [/buildbot/src/googleplex-android/openjdk/out/hotspot/src/share/vm/classfile/systemDictionary.cpp, line 210]
Event: 4.322 Thread 0x00007f1c04009000 Exception <a 'java/lang/NoSuchMethodError': java.lang.Object.lambda$static$0(Lorg/gradle/api/internal/artifacts/configurations/MutationValidator$MutationType;)V> (0x00000000da9b8f48) thrown at [/buildbot/src/googleplex-android/openjdk/out/hotspot/src/shar
Event: 4.446 Thread 0x00007f1c04009000 Exception <a 'java/lang/NoSuchMethodError': java.lang.Object.lambda$static$0(Lorg/gradle/internal/component/model/DependencyMetadata;)Lorg/gradle/api/internal/artifacts/ivyservice/dependencysubstitution/DependencySubstitutionApplicator$SubstitutionResult;

Events (10 events):
Event: 4.444 loading class org/gradle/api/internal/artifacts/ivyservice/dependencysubstitution/DependencySubstitutionApplicator$SubstitutionResult done
Event: 4.445 loading class org/gradle/internal/component/model/DependencyMetadata
Event: 4.445 loading class org/gradle/internal/component/model/DependencyMetadata done
Event: 4.446 loading class org/gradle/api/internal/artifacts/ivyservice/dependencysubstitution/DependencySubstitutionApplicator
Event: 4.446 loading class org/gradle/api/internal/artifacts/ivyservice/dependencysubstitution/DependencySubstitutionApplicator done
Event: 4.446 loading class org/gradle/api/internal/artifacts/ivyservice/resolveengine/graph/builder/DependencyGraphBuilder
Event: 4.446 loading class org/gradle/api/internal/artifacts/ivyservice/resolveengine/graph/builder/DependencyGraphBuilder done
Event: 4.449 loading class org/gradle/api/internal/artifacts/ivyservice/resolveengine/graph/builder/NodeState
Event: 4.449 loading class org/gradle/api/internal/artifacts/ivyservice/resolveengine/graph/builder/NodeState done
Event: 4.452 Executing VM operation: CollectForMetadataAllocation


Dynamic libraries:
00400000-00401000 r-xp 00000000 08:01 2767188                            /home/peter/IDEs/android-studio/jre/bin/java
00401000-00402000 r--p 00000000 08:01 2767188                            /home/peter/IDEs/android-studio/jre/bin/java
00402000-00403000 rw-p 00001000 08:01 2767188                            /home/peter/IDEs/android-studio/jre/bin/java
00beb000-00c0c000 rw-p 00000000 00:00 0                                  [heap]
80000000-83e00000 rw-p 00000000 00:00 0 
86780000-d5580000 ---p 00000000 00:00 0 
d5580000-e0d00000 rw-p 00000000 00:00 0 
e0d00000-100000000 ---p 00000000 00:00 0 
100000000-1004ec000 rw-p 00000000 00:00 0 
1004ec000-140000000 ---p 00000000 00:00 0 
7f1bc4000000-7f1bc4021000 rw-p 00000000 00:00 0 
7f1bc4021000-7f1bc8000000 ---p 00000000 00:00 0 
7f1bcc000000-7f1bcc021000 rw-p 00000000 00:00 0 
7f1bcc021000-7f1bd0000000 ---p 00000000 00:00 0 
7f1bd0000000-7f1bd0021000 rw-p 00000000 00:00 0 
7f1bd0021000-7f1bd4000000 ---p 00000000 00:00 0 
7f1bd6efb000-7f1bd70b9000 rw-p 00000000 00:00 0 
7f1bd70b9000-7f1bd70fb000 ---p 00000000 00:00 0 
7f1bd70fb000-7f1bd72fb000 rw-p 00000000 00:00 0 
7f1bd72fb000-7f1bd72fe000 ---p 00000000 00:00 0 
7f1bd72fe000-7f1bd73fc000 rw-p 00000000 00:00 0 
7f1bd73fc000-7f1bd73ff000 ---p 00000000 00:00 0 
7f1bd73ff000-7f1bd76fd000 rw-p 00000000 00:00 0 
7f1bd76fd000-7f1bd78fd000 rw-p 00000000 00:00 0 
7f1bd78fd000-7f1bd7afd000 rw-p 00000000 00:00 0 
7f1bd7afd000-7f1bd7b00000 ---p 00000000 00:00 0 
7f1bd7b00000-7f1bd7bfe000 rw-p 00000000 00:00 0 
7f1bd7bfe000-7f1bd7c01000 ---p 00000000 00:00 0 
7f1bd7c01000-7f1bd7cff000 rw-p 00000000 00:00 0 
7f1bd7cff000-7f1bd7d02000 ---p 00000000 00:00 0 
7f1bd7d02000-7f1bd8000000 rw-p 00000000 00:00 0 
7f1bd8000000-7f1bd8021000 rw-p 00000000 00:00 0 
7f1bd8021000-7f1bdc000000 ---p 00000000 00:00 0 
7f1bdc000000-7f1bdc021000 rw-p 00000000 00:00 0 
7f1bdc021000-7f1be0000000 ---p 00000000 00:00 0 
7f1be0000000-7f1be0021000 rw-p 00000000 00:00 0 
7f1be0021000-7f1be4000000 ---p 00000000 00:00 0 
7f1be4000000-7f1be4021000 rw-p 00000000 00:00 0 
7f1be4021000-7f1be8000000 ---p 00000000 00:00 0 
7f1be8000000-7f1be8021000 rw-p 00000000 00:00 0 
7f1be8021000-7f1bec000000 ---p 00000000 00:00 0 
7f1bec000000-7f1bec021000 rw-p 00000000 00:00 0 
7f1bec021000-7f1bf0000000 ---p 00000000 00:00 0 
7f1bf0000000-7f1bf145e000 rw-p 00000000 00:00 0 
7f1bf145e000-7f1bf4000000 ---p 00000000 00:00 0 
7f1bf4000000-7f1bf43e0000 rw-p 00000000 00:00 0 
7f1bf43e0000-7f1bf8000000 ---p 00000000 00:00 0 
7f1bf8000000-7f1bf8021000 rw-p 00000000 00:00 0 
7f1bf8021000-7f1bfc000000 ---p 00000000 00:00 0 
7f1bfc000000-7f1bfc021000 rw-p 00000000 00:00 0 
7f1bfc021000-7f1c00000000 ---p 00000000 00:00 0 
7f1c00000000-7f1c00021000 rw-p 00000000 00:00 0 
7f1c00021000-7f1c04000000 ---p 00000000 00:00 0 
7f1c04000000-7f1c04021000 rw-p 00000000 00:00 0 
7f1c04021000-7f1c08000000 ---p 00000000 00:00 0 
7f1c08000000-7f1c08021000 rw-p 00000000 00:00 0 
7f1c08021000-7f1c0c000000 ---p 00000000 00:00 0 
7f1c0c000000-7f1c0c068000 rw-p 00000000 00:00 0 
7f1c0c068000-7f1c10000000 ---p 00000000 00:00 0 
7f1c10000000-7f1c10021000 rw-p 00000000 00:00 0 
7f1c10021000-7f1c14000000 ---p 00000000 00:00 0 
7f1c14000000-7f1c14021000 rw-p 00000000 00:00 0 
7f1c14021000-7f1c18000000 ---p 00000000 00:00 0 
7f1c18000000-7f1c19caa000 rw-p 00000000 00:00 0 
7f1c19caa000-7f1c1c000000 ---p 00000000 00:00 0 
7f1c1c000000-7f1c1c9b8000 rw-p 00000000 00:00 0 
7f1c1c9b8000-7f1c20000000 ---p 00000000 00:00 0 
7f1c20000000-7f1c20021000 rw-p 00000000 00:00 0 
7f1c20021000-7f1c24000000 ---p 00000000 00:00 0 
7f1c24000000-7f1c25b54000 rw-p 00000000 00:00 0 
7f1c25b54000-7f1c28000000 ---p 00000000 00:00 0 
7f1c28000000-7f1c28021000 rw-p 00000000 00:00 0 
7f1c28021000-7f1c2c000000 ---p 00000000 00:00 0 
7f1c2c000000-7f1c2c021000 rw-p 00000000 00:00 0 
7f1c2c021000-7f1c30000000 ---p 00000000 00:00 0 
7f1c30000000-7f1c30021000 rw-p 00000000 00:00 0 
7f1c30021000-7f1c34000000 ---p 00000000 00:00 0 
7f1c34000000-7f1c342ba000 rw-p 00000000 00:00 0 
7f1c342ba000-7f1c38000000 ---p 00000000 00:00 0 
7f1c38000000-7f1c38021000 rw-p 00000000 00:00 0 
7f1c38021000-7f1c3c000000 ---p 00000000 00:00 0 
7f1c3c07c000-7f1c3c07f000 ---p 00000000 00:00 0 
7f1c3c07f000-7f1c3c17d000 rw-p 00000000 00:00 0 
7f1c3c17d000-7f1c3c180000 ---p 00000000 00:00 0 
7f1c3c180000-7f1c3c27e000 rw-p 00000000 00:00 0 
7f1c3c27e000-7f1c3c2f8000 r--s 01104000 08:01 2766991                    /home/peter/IDEs/android-studio/jre/lib/tools.jar
7f1c3c2f8000-7f1c3c4f8000 rw-p 00000000 00:00 0 
7f1c3c4f8000-7f1c3c6f8000 rw-p 00000000 00:00 0 
7f1c3c6f8000-7f1c3c6fb000 ---p 00000000 00:00 0 
7f1c3c6fb000-7f1c3c7f9000 rw-p 00000000 00:00 0 
7f1c3c7f9000-7f1c3c7fc000 ---p 00000000 00:00 0 
7f1c3c7fc000-7f1c3c8fa000 rw-p 00000000 00:00 0 
7f1c3c8fa000-7f1c3c8fd000 ---p 00000000 00:00 0 
7f1c3c8fd000-7f1c3cbfb000 rw-p 00000000 00:00 0 
7f1c3cbfb000-7f1c3cbfe000 ---p 00000000 00:00 0 
7f1c3cbfe000-7f1c3ccfc000 rw-p 00000000 00:00 0 
7f1c3ccfc000-7f1c3ccff000 ---p 00000000 00:00 0 
7f1c3ccff000-7f1c3cdfd000 rw-p 00000000 00:00 0 
7f1c3cdfd000-7f1c3ce00000 ---p 00000000 00:00 0 
7f1c3ce00000-7f1c3cefe000 rw-p 00000000 00:00 0 
7f1c3cefe000-7f1c3cf01000 ---p 00000000 00:00 0 
7f1c3cf01000-7f1c40000000 rw-p 00000000 00:00 0 
7f1c40000000-7f1c40032000 rw-p 00000000 00:00 0 
7f1c40032000-7f1c44000000 ---p 00000000 00:00 0 
7f1c44000000-7f1c48000000 rw-p 00000000 00:00 0 
7f1c48000000-7f1c48021000 rw-p 00000000 00:00 0 
7f1c48021000-7f1c4c000000 ---p 00000000 00:00 0 
7f1c4c024000-7f1c4c025000 r--s 00003000 08:01 3425143                    /home/peter/.gradle/caches/jars-8/1ad54ea8c4c6737c4e0184316ee99c8a/cp_proj.jar
7f1c4c025000-7f1c4c026000 r--s 00000000 08:01 3425058                    /home/peter/.gradle/caches/jars-8/c50bffaf6ff86efa05b2b6ed2bf5c05d/settings.jar
7f1c4c026000-7f1c4c029000 ---p 00000000 00:00 0 
7f1c4c029000-7f1c4c327000 rw-p 00000000 00:00 0 
7f1c4c327000-7f1c4c32a000 ---p 00000000 00:00 0 
7f1c4c32a000-7f1c4c428000 rw-p 00000000 00:00 0 
7f1c4c428000-7f1c4c42b000 ---p 00000000 00:00 0 
7f1c4c42b000-7f1c4c529000 rw-p 00000000 00:00 0 
7f1c4c529000-7f1c4c52c000 ---p 00000000 00:00 0 
7f1c4c52c000-7f1c4c62a000 rw-p 00000000 00:00 0 
7f1c4c62a000-7f1c4c631000 r--s 00000000 08:01 2758390                    /usr/lib/x86_64-linux-gnu/gconv/gconv-modules.cache
7f1c4c631000-7f1c4c634000 ---p 00000000 00:00 0 
7f1c4c634000-7f1c4c732000 rw-p 00000000 00:00 0 
7f1c4c732000-7f1c4c737000 r--s 000a3000 08:01 2767018                    /home/peter/IDEs/android-studio/jre/jre/lib/jsse.jar
7f1c4c737000-7f1c4c73a000 ---p 00000000 00:00 0 
7f1c4c73a000-7f1c4ca38000 rw-p 00000000 00:00 0 
7f1c4ca38000-7f1c4ca40000 r-xp 00000000 08:01 2767111                    /home/peter/IDEs/android-studio/jre/jre/lib/amd64/libmanagement.so
7f1c4ca40000-7f1c4ca41000 r--p 00007000 08:01 2767111                    /home/peter/IDEs/android-studio/jre/jre/lib/amd64/libmanagement.so
7f1c4ca41000-7f1c4ca42000 rw-p 00008000 08:01 2767111                    /home/peter/IDEs/android-studio/jre/jre/lib/amd64/libmanagement.so
7f1c4ca42000-7f1c4ca44000 r--s 00010000 08:01 2109450                    /home/peter/.gradle/wrapper/dists/gradle-6.5-bin/6nifqtx7604sqp1q6g8wikw7p/gradle-6.5/lib/plugins/gradle-tooling-api-builders-6.5.jar
7f1c4ca44000-7f1c4ca58000 r--s 0014c000 08:01 2109434                    /home/peter/.gradle/wrapper/dists/gradle-6.5-bin/6nifqtx7604sqp1q6g8wikw7p/gradle-6.5/lib/plugins/gradle-instant-execution-6.5.jar
7f1c4ca58000-7f1c4ca59000 r--s 00005000 08:01 2109426                    /home/peter/.gradle/wrapper/dists/gradle-6.5-bin/6nifqtx7604sqp1q6g8wikw7p/gradle-6.5/lib/plugins/gradle-build-profile-6.5.jar
7f1c4ca59000-7f1c4ca5b000 r--s 00003000 08:01 2109430                    /home/peter/.gradle/wrapper/dists/gradle-6.5-bin/6nifqtx7604sqp1q6g8wikw7p/gradle-6.5/lib/plugins/gradle-tooling-native-6.5.jar
7f1c4ca5b000-7f1c4ca5f000 r--s 00017000 08:01 2109435                    /home/peter/.gradle/wrapper/dists/gradle-6.5-bin/6nifqtx7604sqp1q6g8wikw7p/gradle-6.5/lib/plugins/gradle-testing-native-6.5.jar
7f1c4ca5f000-7f1c4ca60000 r--s 00001000 08:01 2109545                    /home/peter/.gradle/wrapper/dists/gradle-6.5-bin/6nifqtx7604sqp1q6g8wikw7p/gradle-6.5/lib/plugins/opentest4j-1.2.0.jar
7f1c4ca60000-7f1c4ca63000 r--s 0001b000 08:01 2109517                    /home/peter/.gradle/wrapper/dists/gradle-6.5-bin/6nifqtx7604sqp1q6g8wikw7p/gradle-6.5/lib/plugins/junit-platform-launcher-1.6.0.jar
7f1c4ca63000-7f1c4ca68000 r--s 00026000 08:01 2109515                    /home/peter/.gradle/wrapper/dists/gradle-6.5-bin/6nifqtx7604sqp1q6g8wikw7p/gradle-6.5/lib/plugins/junit-platform-engine-1.6.0.jar
7f1c4ca68000-7f1c4ca6a000 r--s 00016000 08:01 2109516                    /home/peter/.gradle/wrapper/dists/gradle-6.5-bin/6nifqtx7604sqp1q6g8wikw7p/gradle-6.5/lib/plugins/junit-platform-commons-1.6.0.jar
7f1c4ca6a000-7f1c4ca6b000 r--s 00000000 08:01 2109544                    /home/peter/.gradle/wrapper/dists/gradle-6.5-bin/6nifqtx7604sqp1q6g8wikw7p/gradle-6.5/lib/plugins/apiguardian-api-1.1.0.jar
7f1c4ca6b000-7f1c4ca6c000 r--s 00003000 08:01 2109449                    /home/peter/.gradle/wrapper/dists/gradle-6.5-bin/6nifqtx7604sqp1q6g8wikw7p/gradle-6.5/lib/plugins/gradle-testing-junit-platform-6.5.jar
7f1c4ca6c000-7f1c4ca6f000 r--s 00009000 08:01 2109444                    /home/peter/.gradle/wrapper/dists/gradle-6.5-bin/6nifqtx7604sqp1q6g8wikw7p/gradle-6.5/lib/plugins/gradle-signing-6.5.jar
7f1c4ca6f000-7f1c4ca71000 r--s 0000a000 08:01 2109319                    /home/peter/.gradle/wrapper/dists/gradle-6.5-bin/6nifqtx7604sqp1q6g8wikw7p/gradle-6.5/lib/plugins/gradle-scala-6.5.jar
7f1c4ca71000-7f1c4ca72000 r--s 00004000 08:01 2109469                    /home/peter/.gradle/wrapper/dists/gradle-6.5-bin/6nifqtx7604sqp1q6g8wikw7p/gradle-6.5/lib/plugins/gradle-resources-sftp-6.5.jar
7f1c4ca72000-7f1c4ca74000 r--s 00005000 08:01 2109504                    /home/peter/.gradle/wrapper/dists/gradle-6.5-bin/6nifqtx7604sqp1q6g8wikw7p/gradle-6.5/lib/plugins/jmespath-java-1.11.633.jar
7f1c4ca74000-7f1c4ca7e000 r--s 00081000 08:01 2109543                    /home/peter/.gradle/wrapper/dists/gradle-6.5-bin/6nifqtx7604sqp1q6g8wikw7p/gradle-6.5/lib/plugins/ion-java-1.0.2.jar
7f1c4ca7e000-7f1c4ca95000 r--s 000e1000 08:01 2109477                    /home/peter/.gradle/wrapper/dists/gradle-6.5-bin/6nifqtx7604sqp1q6g8wikw7p/gradle-6.5/lib/plugins/aws-java-sdk-s3-1.11.633.jar
7f1c4ca95000-7f1c4caa0000 r--s 00074000 08:01 2109478                    /home/peter/.gradle/wrapper/dists/gradle-6.5-bin/6nifqtx7604sqp1q6g8wikw7p/gradle-6.5/lib/plugins/aws-java-sdk-kms-1.11.633.jar
7f1c4caa0000-7f1c4cab7000 r--s 000d5000 08:01 2109479                    /home/peter/.gradle/wrapper/dists/gradle-6.5-bin/6nifqtx7604sqp1q6g8wikw7p/gradle-6.5/lib/plugins/aws-java-sdk-core-1.11.633.jar
7f1c4cab7000-7f1c4cab9000 r--s 00004000 08:01 2109466                    /home/peter/.gradle/wrapper/dists/gradle-6.5-bin/6nifqtx7604sqp1q6g8wikw7p/gradle-6.5/lib/plugins/gradle-resources-s3-6.5.jar
7f1c4cab9000-7f1c4cac9000 r--s 0008d000 08:01 2109508                    /home/peter/.gradle/wrapper/dists/gradle-6.5-bin/6nifqtx7604sqp1q6g8wikw7p/gradle-6.5/lib/plugins/joda-time-2.10.4.jar
7f1c4cac9000-7f1c4cade000 r--s 00142000 08:01 2109505                    /home/peter/.gradle/wrapper/dists/gradle-6.5-bin/6nifqtx7604sqp1q6g8wikw7p/gradle-6.5/lib/plugins/jackson-databind-2.10.2.jar
7f1c4cade000-7f1c4cae3000 r--s 00051000 08:01 2109506                    /home/peter/.gradle/wrapper/dists/gradle-6.5-bin/6nifqtx7604sqp1q6g8wikw7p/gradle-6.5/lib/plugins/jackson-core-2.10.2.jar
7f1c4cae3000-7f1c4cae6000 r--s 0000e000 08:01 2109507                    /home/peter/.gradle/wrapper/dists/gradle-6.5-bin/6nifqtx7604sqp1q6g8wikw7p/gradle-6.5/lib/plugins/jackson-annotations-2.10.2.jar
7f1c4cae6000-7f1c4cae9000 r--s 0000d000 08:01 2109480                    /home/peter/.gradle/wrapper/dists/gradle-6.5-bin/6nifqtx7604sqp1q6g8wikw7p/gradle-6.5/lib/plugins/google-oauth-client-1.25.0.jar
7f1c4cae9000-7f1c4caea000 r--s 00001000 08:01 2109481                    /home/peter/.gradle/wrapper/dists/gradle-6.5-bin/6nifqtx7604sqp1q6g8wikw7p/gradle-6.5/lib/plugins/google-http-client-jackson2-1.25.0.jar
7f1c4caea000-7f1c4caf4000 r--s 00056000 08:01 2109482                    /home/peter/.gradle/wrapper/dists/gradle-6.5-bin/6nifqtx7604sqp1q6g8wikw7p/gradle-6.5/lib/plugins/google-http-client-1.25.0.jar
7f1c4caf4000-7f1c4caf8000 r--s 0001d000 08:01 2109475                    /home/peter/.gradle/wrapper/dists/gradle-6.5-bin/6nifqtx7604sqp1q6g8wikw7p/gradle-6.5/lib/plugins/google-api-services-storage-v1-rev136-1.25.0.jar
7f1c4caf8000-7f1c4cafd000 r--s 0002d000 08:01 2109476                    /home/peter/.gradle/wrapper/dists/gradle-6.5-bin/6nifqtx7604sqp1q6g8wikw7p/gradle-6.5/lib/plugins/google-api-client-1.25.0.jar
7f1c4cafd000-7f1c4caff000 r--s 00003000 08:01 2109465                    /home/peter/.gradle/wrapper/dists/gradle-6.5-bin/6nifqtx7604sqp1q6g8wikw7p/gradle-6.5/lib/plugins/gradle-resources-gcs-6.5.jar
7f1c4caff000-7f1c4cb06000 r--s 00030000 08:01 2109441                    /home/peter/.gradle/wrapper/dists/gradle-6.5-bin/6nifqtx7604sqp1q6g8wikw7p/gradle-6.5/lib/plugins/gradle-platform-play-6.5.jar
7f1c4cb06000-7f1c4cb18000 r--s 00078000 08:01 2109455                    /home/peter/.gradle/wrapper/dists/gradle-6.5-bin/6nifqtx7604sqp1q6g8wikw7p/gradle-6.5/lib/plugins/gradle-platform-native-6.5.jar
7f1c4cb18000-7f1c4cb1b000 r--s 0000f000 08:01 2109448                    /home/peter/.gradle/wrapper/dists/gradle-6.5-bin/6nifqtx7604sqp1q6g8wikw7p/gradle-6.5/lib/plugins/gradle-language-scala-6.5.jar
7f1c4cb1b000-7f1c4cb27000 r--s 00053000 08:01 2109436                    /home/peter/.gradle/wrapper/dists/gradle-6.5-bin/6nifqtx7604sqp1q6g8wikw7p/gradle-6.5/lib/plugins/gradle-language-native-6.5.jar
7f1c4cb27000-7f1c4cb2e000 r--s 00035000 08:01 2109497                    /home/peter/.gradle/wrapper/dists/gradle-6.5-bin/6nifqtx7604sqp1q6g8wikw7p/gradle-6.5/lib/plugins/simple-4.1.21.jar
7f1c4cb2e000-7f1c4cb3b000 r--s 00125000 08:01 2109496                    /home/peter/.gradle/wrapper/dists/gradle-6.5-bin/6nifqtx7604sqp1q6g8wikw7p/gradle-6.5/lib/plugins/rhino-1.7.10.jar
7f1c4cb3b000-7f1c4cb3f000 r--s 00012000 08:01 2109443                    /home/peter/.gradle/wrapper/dists/gradle-6.5-bin/6nifqtx7604sqp1q6g8wikw7p/gradle-6.5/lib/plugins/gradle-javascript-6.5.jar
7f1c4cb3f000-7f1c4cb42000 r--s 00011000 08:01 2109440                    /home/peter/.gradle/wrapper/dists/gradle-6.5-bin/6nifqtx7604sqp1q6g8wikw7p/gradle-6.5/lib/plugins/gradle-jacoco-6.5.jar
7f1c4cb42000-7f1c4cb44000 r--s 00002000 08:01 2109429                    /home/peter/.gradle/wrapper/dists/gradle-6.5-bin/6nifqtx7604sqp1q6g8wikw7p/gradle-6.5/lib/plugins/gradle-ide-play-6.5.jar
7f1c4cb44000-7f1c4cb46000 r--s 00011000 08:01 2109495                    /home/peter/.gradle/wrapper/dists/gradle-6.5-bin/6nifqtx7604sqp1q6g8wikw7p/gradle-6.5/lib/plugins/dd-plist-1.21.jar
7f1c4cb46000-7f1c4cb4d000 r--s 00035000 08:01 2109428                    /home/peter/.gradle/wrapper/dists/gradle-6.5-bin/6nifqtx7604sqp1q6g8wikw7p/gradle-6.5/lib/plugins/gradle-ide-native-6.5.jar
7f1c4cb4d000-7f1c4cb58000 r--s 00064000 08:01 2109431                    /home/peter/.gradle/wrapper/dists/gradle-6.5-bin/6nifqtx7604sqp1q6g8wikw7p/gradle-6.5/lib/plugins/gradle-ide-6.5.jar
7f1c4cb58000-7f1c4cb5a000 r--s 00007000 08:01 2109432                    /home/peter/.gradle/wrapper/dists/gradle-6.5-bin/6nifqtx7604sqp1q6g8wikw7p/gradle-6.5/lib/plugins/gradle-ear-6.5.jar
7f1c4cb5a000-7f1c4cb5d000 r--s 00019000 08:01 2109427                    /home/peter/.gradle/wrapper/dists/gradle-6.5-bin/6nifqtx7604sqp1q6g8wikw7p/gradle-6.5/lib/plugins/gradle-code-quality-6.5.jar
7f1c4cb5d000-7f1c4cb5f000 r--s 0000b000 08:01 2109486                    /home/peter/.gradle/wrapper/dists/gradle-6.5-bin/6nifqtx7604sqp1q6g8wikw7p/gradle-6.5/lib/plugins/maven-plugin-api-3.0.5.jar
7f1c4cb5f000-7f1c4cb65000 r--s 0003f000 08:01 2109485                    /home/peter/.gradle/wrapper/dists/gradle-6.5-bin/6nifqtx7604sqp1q6g8wikw7p/gradle-6.5/lib/plugins/maven-compat-3.0.5.jar
7f1c4cb65000-7f1c4cb6e000 r--s 0003b000 08:01 2109425                    /home/peter/.gradle/wrapper/dists/gradle-6.5-bin/6nifqtx7604sqp1q6g8wikw7p/gradle-6.5/lib/plugins/gradle-build-init-6.5.jar
7f1c4cb6e000-7f1c4cb6f000 r--s 00003000 08:01 2109424                    /home/peter/.gradle/wrapper/dists/gradle-6.5-bin/6nifqtx7604sqp1q6g8wikw7p/gradle-6.5/lib/plugins/gradle-build-cache-http-6.5.jar
7f1c4cb6f000-7f1c4cb71000 r--s 00009000 08:01 2109423                    /home/peter/.gradle/wrapper/dists/gradle-6.5-bin/6nifqtx7604sqp1q6g8wikw7p/gradle-6.5/lib/plugins/gradle-antlr-6.5.jar
7f1c4cb71000-7f1c4cb74000 r--s 0001c000 08:01 2109433                    /home/peter/.gradle/wrapper/dists/gradle-6.5-bin/6nifqtx7604sqp1q6g8wikw7p/gradle-6.5/lib/plugins/gradle-kotlin-dsl-tooling-builders-6.5.jar
7f1c4cb74000-7f1c4cb78000 r--s 00021000 08:01 2109542                    /home/peter/.gradle/wrapper/dists/gradle-6.5-bin/6nifqtx7604sqp1q6g8wikw7p/gradle-6.5/lib/plugins/xbean-reflect-3.7.jar
7f1c4cb78000-7f1c4cb7a000 r--s 0000c000 08:01 2109540                    /home/peter/.gradle/wrapper/dists/gradle-6.5-bin/6nifqtx7604sqp1q6g8wikw7p/gradle-6.5/lib/plugins/wagon-provider-api-3.0.0.jar
7f1c4cb7a000-7f1c4cb7b000 r--s 00008000 08:01 2109474                    /home/peter/.gradle/wrapper/dists/gradle-6.5-bin/6nifqtx7604sqp1q6g8wikw7p/gradle-6.5/lib/plugins/wagon-http-shared-3.0.0.jar
7f1c4cb7b000-7f1c4cb7c000 r--s 00002000 08:01 2109473                    /home/peter/.gradle/wrapper/dists/gradle-6.5-bin/6nifqtx7604sqp1q6g8wikw7p/gradle-6.5/lib/plugins/wagon-http-3.0.0.jar
7f1c4cb7c000-7f1c4cb7d000 r--s 00002000 08:01 2109500                    /home/peter/.gradle/wrapper/dists/gradle-6.5-bin/6nifqtx7604sqp1q6g8wikw7p/gradle-6.5/lib/plugins/wagon-file-3.0.0.jar
7f1c4cb7d000-7f1c4cb80000 r--s 0000c000 08:01 2109499                    /home/peter/.gradle/wrapper/dists/gradle-6.5-bin/6nifqtx7604sqp1q6g8wikw7p/gradle-6.5/lib/plugins/pmaven-groovy-0.8-20100325.jar
7f1c4cb80000-7f1c4cb87000 r--s 00032000 08:01 2109484                    /home/peter/.gradle/wrapper/dists/gradle-6.5-bin/6nifqtx7604sqp1q6g8wikw7p/gradle-6.5/lib/plugins/plexus-container-default-1.7.1.jar
7f1c4cb87000-7f1c4cb8a000 r--s 0000a000 08:01 2109537                    /home/peter/.gradle/wrapper/dists/gradle-6.5-bin/6nifqtx7604sqp1q6g8wikw7p/gradle-6.5/lib/plugins/plexus-classworlds-2.5.1.jar
7f1c4cb8a000-7f1c4cb8c000 r--s 00006000 08:01 2109501                    /home/peter/.gradle/wrapper/dists/gradle-6.5-bin/6nifqtx7604sqp1q6g8wikw7p/gradle-6.5/lib/plugins/aether-connector-wagon-1.13.1.jar
7f1c4cb8c000-7f1c4cb93000 r--s 00030000 08:01 2109445                    /home/peter/.gradle/wrapper/dists/gradle-6.5-bin/6nifqtx7604sqp1q6g8wikw7p/gradle-6.5/lib/plugins/gradle-maven-6.5.jar
7f1c4cb93000-7f1c4cb95000 r--s 0000b000 08:01 2109460                    /home/peter/.gradle/wrapper/dists/gradle-6.5-bin/6nifqtx7604sqp1q6g8wikw7p/gradle-6.5/lib/plugins/gradle-publish-6.5.jar
7f1c4cb95000-7f1c4cb9e000 r--s 00089000 08:01 2109502                    /home/peter/.gradle/wrapper/dists/gradle-6.5-bin/6nifqtx7604sqp1q6g8wikw7p/gradle-6.5/lib/plugins/testng-6.3.1.jar
7f1c4cb9e000-7f1c4cba3000 r-xp 00000000 08:01 2373224                    /home/peter/.gradle/native/f6784746aeab05261644944871eae4fe03e0ef1612fff0a4a95f87b438bc6780/linux-amd64/libnative-platform.so
7f1c4cba3000-7f1c4cda3000 ---p 00005000 08:01 2373224                    /home/peter/.gradle/native/f6784746aeab05261644944871eae4fe03e0ef1612fff0a4a95f87b438bc6780/linux-amd64/libnative-platform.so
7f1c4cda3000-7f1c4cda4000 r--p 00005000 08:01 2373224                    /home/peter/.gradle/native/f6784746aeab05261644944871eae4fe03e0ef1612fff0a4a95f87b438bc6780/linux-amd64/libnative-platform.so
7f1c4cda4000-7f1c4cda5000 rw-p 00006000 08:01 2373224                    /home/peter/.gradle/native/f6784746aeab05261644944871eae4fe03e0ef1612fff0a4a95f87b438bc6780/linux-amd64/libnative-platform.so
7f1c4cda5000-7f1c4d000000 r--s 023fe000 08:01 2109367                    /home/peter/.gradle/wrapper/dists/gradle-6.5-bin/6nifqtx7604sqp1q6g8wikw7p/gradle-6.5/lib/kotlin-compiler-embeddable-1.3.72-patched-for-gradle-6.5.jar
7f1c4d000000-7f1c4d9e0000 rwxp 00000000 00:00 0 
7f1c4d9e0000-7f1c5c000000 ---p 00000000 00:00 0 
7f1c5c000000-7f1c5d242000 rw-p 00000000 00:00 0 
7f1c5d242000-7f1c60000000 ---p 00000000 00:00 0 
7f1c60000000-7f1c60001000 r--s 00004000 08:01 2109498                    /home/peter/.gradle/wrapper/dists/gradle-6.5-bin/6nifqtx7604sqp1q6g8wikw7p/gradle-6.5/lib/plugins/pmaven-common-0.8-20100325.jar
7f1c60001000-7f1c60007000 r--s 0003d000 08:01 2109503                    /home/peter/.gradle/wrapper/dists/gradle-6.5-bin/6nifqtx7604sqp1q6g8wikw7p/gradle-6.5/lib/plugins/snakeyaml-1.17.jar
7f1c60007000-7f1c60011000 r--s 00054000 08:01 2109514                    /home/peter/.gradle/wrapper/dists/gradle-6.5-bin/6nifqtx7604sqp1q6g8wikw7p/gradle-6.5/lib/plugins/junit-4.13.jar
7f1c60011000-7f1c60013000 r--s 0000f000 08:01 2109527                    /home/peter/.gradle/wrapper/dists/gradle-6.5-bin/6nifqtx7604sqp1q6g8wikw7p/gradle-6.5/lib/plugins/jcommander-1.72.jar
7f1c60013000-7f1c60015000 r--s 00009000 08:01 2109525                    /home/peter/.gradle/wrapper/dists/gradle-6.5-bin/6nifqtx7604sqp1q6g8wikw7p/gradle-6.5/lib/plugins/hamcrest-core-1.3.jar
7f1c60015000-7f1c6001a000 r--s 0005a000 08:01 2109518                    /home/peter/.gradle/wrapper/dists/gradle-6.5-bin/6nifqtx7604sqp1q6g8wikw7p/gradle-6.5/lib/plugins/bsh-2.0b6.jar
7f1c6001a000-7f1c6001e000 r--s 0001d000 08:01 2109451                    /home/peter/.gradle/wrapper/dists/gradle-6.5-bin/6nifqtx7604sqp1q6g8wikw7p/gradle-6.5/lib/plugins/gradle-testing-jvm-6.5.jar
7f1c6001e000-7f1c60026000 r--s 00035000 08:01 2109457                    /home/peter/.gradle/wrapper/dists/gradle-6.5-bin/6nifqtx7604sqp1q6g8wikw7p/gradle-6.5/lib/plugins/gradle-testing-base-6.5.jar
7f1c60026000-7f1c6002a000 r--s 0001d000 08:01 2109454                    /home/peter/.gradle/wrapper/dists/gradle-6.5-bin/6nifqtx7604sqp1q6g8wikw7p/gradle-6.5/lib/plugins/gradle-platform-jvm-6.5.jar
7f1c6002a000-7f1c6002c000 r--s 00006000 08:01 2109453                    /home/peter/.gradle/wrapper/dists/gradle-6.5-bin/6nifqtx7604sqp1q6g8wikw7p/gradle-6.5/lib/plugins/gradle-language-jvm-6.5.jar
7f1c6002c000-7f1c6002d000 r--s 00001000 08:01 2109366                    /home/peter/.gradle/wrapper/dists/gradle-6.5-bin/6nifqtx7604sqp1q6g8wikw7p/gradle-6.5/lib/gradle-java-compiler-plugin-6.5.jar
7f1c6002d000-7f1c60036000 r--s 00047000 08:01 2109452                    /home/peter/.gradle/wrapper/dists/gradle-6.5-bin/6nifqtx7604sqp1q6g8wikw7p/gradle-6.5/lib/plugins/gradle-language-java-6.5.jar
7f1c60036000-7f1c60038000 r--s 0000f000 08:01 2109447                    /home/peter/.gradle/wrapper/dists/gradle-6.5-bin/6nifqtx7604sqp1q6g8wikw7p/gradle-6.5/lib/plugins/gradle-language-groovy-6.5.jar
7f1c60038000-7f1c6003b000 r--s 0000f000 08:01 2109464                    /home/peter/.gradle/wrapper/dists/gradle-6.5-bin/6nifqtx7604sqp1q6g8wikw7p/gradle-6.5/lib/plugins/gradle-reporting-6.5.jar
7f1c6003b000-7f1c60042000 r--s 00029000 08:01 2109458                    /home/peter/.gradle/wrapper/dists/gradle-6.5-bin/6nifqtx7604sqp1q6g8wikw7p/gradle-6.5/lib/plugins/gradle-platform-base-6.5.jar
7f1c60042000-7f1c60044000 r--s 00006000 08:01 2109494                    /home/peter/.gradle/wrapper/dists/gradle-6.5-bin/6nifqtx7604sqp1q6g8wikw7p/gradle-6.5/lib/plugins/jatl-0.2.3.jar
7f1c60044000-7f1c6004a000 r--s 0003a000 08:01 2109456                    /home/peter/.gradle/wrapper/dists/gradle-6.5-bin/6nifqtx7604sqp1q6g8wikw7p/gradle-6.5/lib/plugins/gradle-diagnostics-6.5.jar
7f1c6004a000-7f1c60050000 r--s 00042000 08:01 2109442                    /home/peter/.gradle/wrapper/dists/gradle-6.5-bin/6nifqtx7604sqp1q6g8wikw7p/gradle-6.5/lib/plugins/gradle-plugins-6.5.jar
7f1c60050000-7f1c60053000 r--s 00015000 08:01 2109439                    /home/peter/.gradle/wrapper/dists/gradle-6.5-bin/6nifqtx7604sqp1q6g8wikw7p/gradle-6.5/lib/plugins/gradle-ivy-6.5.jar
7f1c60053000-7f1c60056000 r--s 00012000 08:01 2109438                    /home/peter/.gradle/wrapper/dists/gradle-6.5-bin/6nifqtx7604sqp1q6g8wikw7p/gradle-6.5/lib/plugins/gradle-plugin-development-6.5.jar
7f1c60056000-7f1c6005a000 r--s 00024000 08:01 2109437                    /home/peter/.gradle/wrapper/dists/gradle-6.5-bin/6nifqtx7604sqp1q6g8wikw7p/gradle-6.5/lib/plugins/gradle-kotlin-dsl-provider-plugins-6.5.jar
7f1c6005a000-7f1c6005e000 r--s 0003c000 08:01 2109541                    /home/peter/.gradle/wrapper/dists/gradle-6.5-bin/6nifqtx7604sqp1q6g8wikw7p/gradle-6.5/lib/plugins/plexus-utils-3.1.0.jar
7f1c6005e000-7f1c6005f000 r--s 00006000 08:01 2109535                    /home/peter/.gradle/wrapper/dists/gradle-6.5-bin/6nifqtx7604sqp1q6g8wikw7p/gradle-6.5/lib/plugins/plexus-sec-dispatcher-1.3.jar
7f1c6005f000-7f1c60061000 r--s 0000d000 08:01 2109539                    /home/peter/.gradle/wrapper/dists/gradle-6.5-bin/6nifqtx7604sqp1q6g8wikw7p/gradle-6.5/lib/plugins/plexus-interpolation-1.14.jar
7f1c60061000-7f1c60063000 r--s 00000000 08:01 2109538                    /home/peter/.gradle/wrapper/dists/gradle-6.5-bin/6nifqtx7604sqp1q6g8wikw7p/gradle-6.5/lib/plugins/plexus-component-annotations-1.5.5.jar
7f1c60063000-7f1c60065000 r--s 00002000 08:01 2109536                    /home/peter/.gradle/wrapper/dists/gradle-6.5-bin/6nifqtx7604sqp1q6g8wikw7p/gradle-6.5/lib/plugins/plexus-cipher-1.7.jar
7f1c60065000-7f1c60068000 r--s 00008000 08:01 2109533                    /home/peter/.gradle/wrapper/dists/gradle-6.5-bin/6nifqtx7604sqp1q6g8wikw7p/gradle-6.5/lib/plugins/maven-settings-builder-3.0.5.jar
7f1c60068000-7f1c6006a000 r--s 0000a000 08:01 2109534                    /home/peter/.gradle/wrapper/dists/gradle-6.5-bin/6nifqtx7604sqp1q6g8wikw7p/gradle-6.5/lib/plugins/maven-settings-3.0.5.jar
7f1c6006a000-7f1c6006c000 r--s 00006000 08:01 2109532                    /home/peter/.gradle/wrapper/dists/gradle-6.5-bin/6nifqtx7604sqp1q6g8wikw7p/gradle-6.5/lib/plugins/maven-repository-metadata-3.0.5.jar
7f1c6006c000-7f1c60070000 r--s 00021000 08:01 2109530                    /home/peter/.gradle/wrapper/dists/gradle-6.5-bin/6nifqtx7604sqp1q6g8wikw7p/gradle-6.5/lib/plugins/maven-model-builder-3.0.5.jar
7f1c60070000-7f1c60072000 r--s 00026000 08:01 2109531                    /home/peter/.gradle/wrapper/dists/gradle-6.5-bin/6nifqtx7604sqp1q6g8wikw7p/gradle-6.5/lib/plugins/maven-model-3.0.5.jar
7f1c60072000-7f1c6007e000 r--s 0007d000 08:01 2109490                    /home/peter/.gradle/wrapper/dists/gradle-6.5-bin/6nifqtx7604sqp1q6g8wikw7p/gradle-6.5/lib/plugins/maven-core-3.0.5.jar
7f1c6007e000-7f1c60080000 r--s 0000b000 08:01 2109529                    /home/peter/.gradle/wrapper/dists/gradle-6.5-bin/6nifqtx7604sqp1q6g8wikw7p/gradle-6.5/lib/plugins/maven-artifact-3.0.5.jar
7f1c60080000-7f1c60082000 r--s 0000c000 08:01 2109520                    /home/peter/.gradle/wrapper/dists/gradle-6.5-bin/6nifqtx7604sqp1q6g8wikw7p/gradle-6.5/lib/plugins/maven-aether-provider-3.0.5.jar
7f1c60082000-7f1c60097000 r--s 00116000 08:01 2109489                    /home/peter/.gradle/wrapper/dists/gradle-6.5-bin/6nifqtx7604sqp1q6g8wikw7p/gradle-6.5/lib/plugins/ivy-2.3.0.jar
7f1c60097000-7f1c6009c000 r--s 00036000 08:01 2109488                    /home/peter/.gradle/wrapper/dists/gradle-6.5-bin/6nifqtx7604sqp1q6g8wikw7p/gradle-6.5/lib/plugins/gson-2.8.5.jar
7f1c6009c000-7f1c6009d000 r--s 00014000 08:01 2109487                    /home/peter/.gradle/wrapper/dists/gradle-6.5-bin/6nifqtx7604sqp1q6g8wikw7p/gradle-6.5/lib/plugins/asm-util-7.3.1.jar
7f1c6009d000-7f1c600a1000 r--s 0001c000 08:01 2109522                    /home/peter/.gradle/wrapper/dists/gradle-6.5-bin/6nifqtx7604sqp1q6g8wikw7p/gradle-6.5/lib/plugins/aether-util-1.13.1.jar
7f1c600a1000-7f1c600a2000 r--s 00003000 08:01 2109523                    /home/peter/.gradle/wrapper/dists/gradle-6.5-bin/6nifqtx7604sqp1q6g8wikw7p/gradle-6.5/lib/plugins/aether-spi-1.13.1.jar
7f1c600a2000-7f1c600a5000 r--s 0001d000 08:01 2109521                    /home/peter/.gradle/wrapper/dists/gradle-6.5-bin/6nifqtx7604sqp1q6g8wikw7p/gradle-6.5/lib/plugins/aether-impl-1.13.1.jar
7f1c600a5000-7f1c600a8000 r--s 00013000 08:01 2109524                    /home/peter/.gradle/wrapper/dists/gradle-6.5-bin/6nifqtx7604sqp1q6g8wikw7p/gradle-6.5/lib/plugins/aether-api-1.13.1.jar
7f1c600a8000-7f1c600e2000 r--s 00231000 08:01 2109462                    /home/peter/.gradle/wrapper/dists/gradle-6.5-bin/6nifqtx7604sqp1q6g8wikw7p/gradle-6.5/lib/plugins/gradle-dependency-management-6.5.jar
7f1c600e2000-7f1c600e3000 r--s 00000000 08:01 2109368                    /home/peter/.gradle/wrapper/dists/gradle-6.5-bin/6nifqtx7604sqp1q6g8wikw7p/gradle-6.5/lib/gradle-runtime-api-info-6.5.jar
7f1c600e3000-7f1c600e6000 r--s 0000d000 08:01 2109463                    /home/peter/.gradle/wrapper/dists/gradle-6.5-bin/6nifqtx7604sqp1q6g8wikw7p/gradle-6.5/lib/plugins/gradle-composite-builds-6.5.jar
7f1c600e6000-7f1c6010b000 r--s 00281000 08:01 2109472                    /home/peter/.gradle/wrapper/dists/gradle-6.5-bin/6nifqtx7604sqp1q6g8wikw7p/gradle-6.5/lib/plugins/org.eclipse.jgit-5.5.0.201909110433-r.jar
7f1c6010b000-7f1c6010d000 r--s 00010000 08:01 2109528                    /home/peter/.gradle/wrapper/dists/gradle-6.5-bin/6nifqtx7604sqp1q6g8wikw7p/gradle-6.5/lib/plugins/jzlib-1.1.3.jar
7f1c6010d000-7f1c60111000 r--s 00041000 08:01 2109513                    /home/peter/.gradle/wrapper/dists/gradle-6.5-bin/6nifqtx7604sqp1q6g8wikw7p/gradle-6.5/lib/plugins/jsch-0.1.55.jar
7f1c60111000-7f1c60125000 r--s 000c0000 08:01 2109492                    /home/peter/.gradle/wrapper/dists/gradle-6.5-bin/6nifqtx7604sqp1q6g8wikw7p/gradle-6.5/lib/plugins/bcpkix-jdk15on-1.61.jar
7f1c60125000-7f1c60128000 r--s 0000c000 08:01 2109461                    /home/peter/.gradle/wrapper/dists/gradle-6.5-bin/6nifqtx7604sqp1q6g8wikw7p/gradle-6.5/lib/plugins/gradle-version-control-6.5.jar
7f1c60128000-7f1c60129000 r--s 00000000 08:01 2109365                    /home/peter/.gradle/wrapper/dists/gradle-6.5-bin/6nifqtx7604sqp1q6g8wikw7p/gradle-6.5/lib/gradle-installation-beacon-6.5.jar
7f1c60129000-7f1c6018a000 r--s 0042c000 08:01 2109493                    /home/peter/.gradle/wrapper/dists/gradle-6.5-bin/6nifqtx7604sqp1q6g8wikw7p/gradle-6.5/lib/plugins/bcprov-jdk15on-1.64.jar
7f1c6018a000-7f1c60192000 r--s 00049000 08:01 2109491                    /home/peter/.gradle/wrapper/dists/gradle-6.5-bin/6nifqtx7604sqp1q6g8wikw7p/gradle-6.5/lib/plugins/bcpg-jdk15on-1.64.jar
7f1c60192000-7f1c60194000 r--s 00009000 08:01 2109467                    /home/peter/.gradle/wrapper/dists/gradle-6.5-bin/6nifqtx7604sqp1q6g8wikw7p/gradle-6.5/lib/plugins/gradle-security-6.5.jar
7f1c60194000-7f1c601ad000 r--s 0013a000 08:01 2109511                    /home/peter/.gradle/wrapper/dists/gradle-6.5-bin/6nifqtx7604sqp1q6g8wikw7p/gradle-6.5/lib/plugins/xercesImpl-2.12.0.jar
7f1c601ad000-7f1c601af000 r--s 0001d000 08:01 2109510                    /home/peter/.gradle/wrapper/dists/gradle-6.5-bin/6nifqtx7604sqp1q6g8wikw7p/gradle-6.5/lib/plugins/nekohtml-1.9.22.jar
7f1c601af000-7f1c601b5000 r--s 0005b000 08:01 2109509                    /home/peter/.gradle/wrapper/dists/gradle-6.5-bin/6nifqtx7604sqp1q6g8wikw7p/gradle-6.5/lib/plugins/jcifs-1.3.17.jar
7f1c601b5000-7f1c601bd000 r--s 00049000 08:01 2109526                    /home/peter/.gradle/wrapper/dists/gradle-6.5-bin/6nifqtx7604sqp1q6g8wikw7p/gradle-6.5/lib/plugins/httpcore-4.4.12.jar
7f1c601bd000-7f1c601ca000 r--s 000b1000 08:01 2109483                    /home/peter/.gradle/wrapper/dists/gradle-6.5-bin/6nifqtx7604sqp1q6g8wikw7p/gradle-6.5/lib/plugins/httpclient-4.5.10.jar
7f1c601ca000-7f1c601d1000 r--s 0004e000 08:01 2109519                    /home/peter/.gradle/wrapper/dists/gradle-6.5-bin/6nifqtx7604sqp1q6g8wikw7p/gradle-6.5/lib/plugins/commons-codec-1.13.jar
7f1c601d1000-7f1c601d3000 r--s 0000f000 08:01 2109468                    /home/peter/.gradle/wrapper/dists/gradle-6.5-bin/6nifqtx7604sqp1q6g8wikw7p/gradle-6.5/lib/plugins/gradle-resources-http-6.5.jar
7f1c601d3000-7f1c601d6000 r--s 0000b000 08:01 2109459                    /home/peter/.gradle/wrapper/dists/gradle-6.5-bin/6nifqtx7604sqp1q6g8wikw7p/gradle-6.5/lib/plugins/gradle-plugin-use-6.5.jar
7f1c601d6000-7f1c601da000 r--s 0001d000 08:01 2109471                    /home/peter/.gradle/wrapper/dists/gradle-6.5-bin/6nifqtx7604sqp1q6g8wikw7p/gradle-6.5/lib/plugins/gradle-workers-6.5.jar
7f1c601da000-7f1c601dd000 r--s 00008000 08:01 2109332                    /home/peter/.gradle/wrapper/dists/gradle-6.5-bin/6nifqtx7604sqp1q6g8wikw7p/gradle-6.5/lib/gradle-build-events-6.5.jar
7f1c601dd000-7f1c601e8000 r--s 00081000 08:01 2109393                    /home/peter/.gradle/wrapper/dists/gradle-6.5-bin/6nifqtx7604sqp1q6g8wikw7p/gradle-6.5/lib/trove4j-1.0.20181211.jar
7f1c601e8000-7f1c601ea000 r--s 00009000 08:01 2109391                    /home/peter/.gradle/wrapper/dists/gradle-6.5-bin/6nifqtx7604sqp1q6g8wikw7p/gradle-6.5/lib/kotlin-script-runtime-1.3.72.jar
7f1c601ea000-7f1c60224000 r--s 00284000 08:01 2109387                    /home/peter/.gradle/wrapper/dists/gradle-6.5-bin/6nifqtx7604sqp1q6g8wikw7p/gradle-6.5/lib/kotlin-reflect-1.3.72.jar
7f1c60224000-7f1c6023b000 r--s 00108000 08:01 2109392                    /home/peter/.gradle/wrapper/dists/gradle-6.5-bin/6nifqtx7604sqp1q6g8wikw7p/gradle-6.5/lib/kotlin-daemon-embeddable-1.3.72.jar
7f1c6023b000-7f1c6023c000 r--s 00007000 08:01 2109362                    /home/peter/.gradle/wrapper/dists/gradle-6.5-bin/6nifqtx7604sqp1q6g8wikw7p/gradle-6.5/lib/gradle-wrapper-6.5.jar
7f1c6023c000-7f1c6024c000 r--s 00050000 08:01 2109334                    /home/peter/.gradle/wrapper/dists/gradle-6.5-bin/6nifqtx7604sqp1q6g8wikw7p/gradle-6.5/lib/gradle-tooling-api-6.5.jar
7f1c6024c000-7f1c6024d000 r--s 00000000 08:01 2109359                    /home/peter/.gradle/wrapper/dists/gradle-6.5-bin/6nifqtx7604sqp1q6g8wikw7p/gradle-6.5/lib/gradle-kotlin-dsl-tooling-models-6.5.jar
7f1c6024d000-7f1c6025d000 r--s 0026b000 08:01 2109400                    /home/peter/.gradle/wrapper/dists/gradle-6.5-bin/6nifqtx7604sqp1q6g8wikw7p/gradle-6.5/lib/kotlinx-metadata-jvm-0.1.0.jar
7f1c6025d000-7f1c6025e000 r--s 00003000 08:01 2109388                    /home/peter/.gradle/wrapper/dists/gradle-6.5-bin/6nifqtx7604sqp1q6g8wikw7p/gradle-6.5/lib/kotlin-stdlib-jdk8-1.3.72.jar
7f1c6025e000-7f1c6025f000 r--s 00000000 08:01 2109389                    /home/peter/.gradle/wrapper/dists/gradle-6.5-bin/6nifqtx7604sqp1q6g8wikw7p/gradle-6.5/lib/kotlin-stdlib-jdk7-1.3.72.jar
7f1c6025f000-7f1c60262000 r--s 00019000 08:01 2109396                    /home/peter/.gradle/wrapper/dists/gradle-6.5-bin/6nifqtx7604sqp1q6g8wikw7p/gradle-6.5/lib/kotlin-scripting-jvm-host-embeddable-1.3.72.jar
7f1c60262000-7f1c60266000 r--s 00027000 08:01 2109395                    /home/peter/.gradle/wrapper/dists/gradle-6.5-bin/6nifqtx7604sqp1q6g8wikw7p/gradle-6.5/lib/kotlin-scripting-jvm-1.3.72.jar
7f1c60266000-7f1c6026c000 r--s 00045000 08:01 2109398                    /home/peter/.gradle/wrapper/dists/gradle-6.5-bin/6nifqtx7604sqp1q6g8wikw7p/gradle-6.5/lib/kotlin-scripting-compiler-impl-embeddable-1.3.72.jar
7f1c6026c000-7f1c60274000 r--s 0004b000 08:01 2109397                    /home/peter/.gradle/wrapper/dists/gradle-6.5-bin/6nifqtx7604sqp1q6g8wikw7p/gradle-6.5/lib/kotlin-scripting-compiler-embeddable-1.3.72.jar
7f1c60274000-7f1c60279000 r--s 00026000 08:01 2109394                    /home/peter/.gradle/wrapper/dists/gradle-6.5-bin/6nifqtx7604sqp1q6g8wikw7p/gradle-6.5/lib/kotlin-scripting-common-1.3.72.jar
7f1c60279000-7f1c6027a000 r--s 00002000 08:01 2109399                    /home/peter/.gradle/wrapper/dists/gradle-6.5-bin/6nifqtx7604sqp1q6g8wikw7p/gradle-6.5/lib/kotlin-sam-with-receiver-compiler-plugin-1.3.72.jar
7f1c6027a000-7f1c60293000 r--s 0013f000 08:01 2109333                    /home/peter/.gradle/wrapper/dists/gradle-6.5-bin/6nifqtx7604sqp1q6g8wikw7p/gradle-6.5/lib/gradle-kotlin-dsl-6.5.jar
7f1c60293000-7f1c60295000 r--s 00005000 08:01 2109345                    /home/peter/.gradle/wrapper/dists/gradle-6.5-bin/6nifqtx7604sqp1q6g8wikw7p/gradle-6.5/lib/gradle-worker-processes-6.5.jar
7f1c60295000-7f1c60297000 r--s 00005000 08:01 2109360                    /home/peter/.gradle/wrapper/dists/gradle-6.5-bin/6nifqtx7604sqp1q6g8wikw7p/gradle-6.5/lib/gradle-normalization-java-6.5.jar
7f1c60297000-7f1c60299000 r--s 00007000 08:01 2109339                    /home/peter/.gradle/wrapper/dists/gradle-6.5-bin/6nifqtx7604sqp1q6g8wikw7p/gradle-6.5/lib/gradle-model-groovy-6.5.jar
7f1c60299000-7f1c6029b000 r--s 00000000 08:01 2109343                    /home/peter/.gradle/wrapper/dists/gradle-6.5-bin/6nifqtx7604sqp1q6g8wikw7p/gradle-6.5/lib/gradle-jvm-services-6.5.jar
7f1c6029b000-7f1c6029d000 r--s 0000a000 08:01 2109355                    /home/peter/.gradle/wrapper/dists/gradle-6.5-bin/6nifqtx7604sqp1q6g8wikw7p/gradle-6.5/lib/gradle-file-watching-6.5.jar
7f1c6029d000-7f1c602a2000 r--s 00023000 08:01 2109338                    /home/peter/.gradle/wrapper/dists/gradle-6.5-bin/6nifqtx7604sqp1q6g8wikw7p/gradle-6.5/lib/gradle-file-collections-6.5.jar
7f1c602a2000-7f1c602aa000 r--s 00024000 08:01 2109409                    /home/peter/.gradle/wrapper/dists/gradle-6.5-bin/6nifqtx7604sqp1q6g8wikw7p/gradle-6.5/lib/kotlin-stdlib-common-1.3.72.jar
7f1c602aa000-7f1c602be000 r--s 0013d000 08:01 2109390                    /home/peter/.gradle/wrapper/dists/gradle-6.5-bin/6nifqtx7604sqp1q6g8wikw7p/gradle-6.5/lib/kotlin-stdlib-1.3.72.jar
7f1c602be000-7f1c602c0000 r--s 00003000 08:01 2109405                    /home/peter/.gradle/wrapper/dists/gradle-6.5-bin/6nifqtx7604sqp1q6g8wikw7p/gradle-6.5/lib/annotations-13.0.jar
7f1c602c0000-7f1c602d9000 r--s 000eb000 08:01 2109340                    /home/peter/.gradle/wrapper/dists/gradle-6.5-bin/6nifqtx7604sqp1q6g8wikw7p/gradle-6.5/lib/gradle-model-core-6.5.jar
7f1c602d9000-7f1c602e0000 r--s 0002d000 08:01 2109336                    /home/peter/.gradle/wrapper/dists/gradle-6.5-bin/6nifqtx7604sqp1q6g8wikw7p/gradle-6.5/lib/gradle-execution-6.5.jar
7f1c602e0000-7f1c602e1000 r--s 00005000 08:01 2109364                    /home/peter/.gradle/wrapper/dists/gradle-6.5-bin/6nifqtx7604sqp1q6g8wikw7p/gradle-6.5/lib/gradle-docs-6.5.jar
7f1c602e1000-7f1c602e3000 r--s 00004000 08:01 2109352                    /home/peter/.gradle/wrapper/dists/gradle-6.5-bin/6nifqtx7604sqp1q6g8wikw7p/gradle-6.5/lib/gradle-build-cache-packaging-6.5.jar
7f1c602e3000-7f1c602e7000 r--s 0001c000 08:01 2109356                    /home/peter/.gradle/wrapper/dists/gradle-6.5-bin/6nifqtx7604sqp1q6g8wikw7p/gradle-6.5/lib/gradle-snapshots-6.5.jar
7f1c602e7000-7f1c602e9000 r--s 00006000 08:01 2109347                    /home/peter/.gradle/wrapper/dists/gradle-6.5-bin/6nifqtx7604sqp1q6g8wikw7p/gradle-6.5/lib/gradle-process-services-6.5.jar
7f1c602e9000-7f1c602ed000 r--s 00016000 08:01 2109348                    /home/peter/.gradle/wrapper/dists/gradle-6.5-bin/6nifqtx7604sqp1q6g8wikw7p/gradle-6.5/lib/gradle-resources-6.5.jar
7f1c602ed000-7f1c602f5000 r--s 00036000 08:01 2109344                    /home/peter/.gradle/wrapper/dists/gradle-6.5-bin/6nifqtx7604sqp1q6g8wikw7p/gradle-6.5/lib/gradle-persistent-cache-6.5.jar
7f1c602f5000-7f1c602f8000 r--s 0000d000 08:01 2109350                    /home/peter/.gradle/wrapper/dists/gradle-6.5-bin/6nifqtx7604sqp1q6g8wikw7p/gradle-6.5/lib/gradle-native-6.5.jar
7f1c602f8000-7f1c602fa000 r--s 0000c000 08:01 2109404                    /home/peter/.gradle/wrapper/dists/gradle-6.5-bin/6nifqtx7604sqp1q6g8wikw7p/gradle-6.5/lib/objenesis-2.6.jar
7f1c602fa000-7f1c602fc000 r--s 00000000 08:01 2109407                    /home/peter/.gradle/wrapper/dists/gradle-6.5-bin/6nifqtx7604sqp1q6g8wikw7p/gradle-6.5/lib/minlog-1.2.jar
7f1c602fc000-7f1c60302000 r--s 0004d000 08:01 2109403                    /home/peter/.gradle/wrapper/dists/gradle-6.5-bin/6nifqtx7604sqp1q6g8wikw7p/gradle-6.5/lib/kryo-2.24.0.jar
7f1c60302000-7f1c60308000 r--s 0006d000 08:01 2109402                    /home/peter/.gradle/wrapper/dists/gradle-6.5-bin/6nifqtx7604sqp1q6g8wikw7p/gradle-6.5/lib/fastutil-8.3.0-min.jar
7f1c60308000-7f1c6030f000 r--s 00031000 08:01 2109349                    /home/peter/.gradle/wrapper/dists/gradle-6.5-bin/6nifqtx7604sqp1q6g8wikw7p/gradle-6.5/lib/gradle-messaging-6.5.jar
7f1c6030f000-7f1c60311000 r--s 00005000 08:01 2109363                    /home/peter/.gradle/wrapper/dists/gradle-6.5-bin/6nifqtx7604sqp1q6g8wikw7p/gradle-6.5/lib/gradle-cli-6.5.jar
7f1c60311000-7f1c60312000 r--s 00004000 08:01 2109354                    /home/peter/.gradle/wrapper/dists/gradle-6.5-bin/6nifqtx7604sqp1q6g8wikw7p/gradle-6.5/lib/gradle-build-option-6.5.jar
7f1c60312000-7f1c60314000 r--s 00004000 08:01 2109372                    /home/peter/.gradle/wrapper/dists/gradle-6.5-bin/6nifqtx7604sqp1q6g8wikw7p/gradle-6.5/lib/log4j-over-slf4j-1.7.28.jar
7f1c60314000-7f1c60316000 r--s 00000000 08:01 2109371                    /home/peter/.gradle/wrapper/dists/gradle-6.5-bin/6nifqtx7604sqp1q6g8wikw7p/gradle-6.5/lib/jul-to-slf4j-1.7.28.jar
7f1c60316000-7f1c60318000 r--s 00003000 08:01 2109370                    /home/peter/.gradle/wrapper/dists/gradle-6.5-bin/6nifqtx7604sqp1q6g8wikw7p/gradle-6.5/lib/jcl-over-slf4j-1.7.28.jar
7f1c60318000-7f1c6031c000 r--s 00043000 08:01 2109401                    /home/peter/.gradle/wrapper/dists/gradle-6.5-bin/6nifqtx7604sqp1q6g8wikw7p/gradle-6.5/lib/jansi-1.18.jar
7f1c6031c000-7f1c60325000 r--s 0003c000 08:01 2109346                    /home/peter/.gradle/wrapper/dists/gradle-6.5-bin/6nifqtx7604sqp1q6g8wikw7p/gradle-6.5/lib/gradle-logging-6.5.jar
7f1c60325000-7f1c60327000 r--s 00009000 08:01 2109357                    /home/peter/.gradle/wrapper/dists/gradle-6.5-bin/6nifqtx7604sqp1q6g8wikw7p/gradle-6.5/lib/gradle-files-6.5.jar
7f1c60327000-7f1c60329000 r--s 00001000 08:01 2109353                    /home/peter/.gradle/wrapper/dists/gradle-6.5-bin/6nifqtx7604sqp1q6g8wikw7p/gradle-6.5/lib/gradle-build-cache-base-6.5.jar
7f1c60329000-7f1c6032d000 r--s 0000c000 08:01 2109337                    /home/peter/.gradle/wrapper/dists/gradle-6.5-bin/6nifqtx7604sqp1q6g8wikw7p/gradle-6.5/lib/gradle-build-cache-6.5.jar
7f1c6032d000-7f1c6032e000 r--s 00006000 08:01 2109342                    /home/peter/.gradle/wrapper/dists/gradle-6.5-bin/6nifqtx7604sqp1q6g8wikw7p/gradle-6.5/lib/gradle-base-services-groovy-6.5.jar
7f1c6032e000-7f1c60337000 r--s 0002d000 08:01 2109386                    /home/peter/.gradle/wrapper/dists/gradle-6.5-bin/6nifqtx7604sqp1q6g8wikw7p/gradle-6.5/lib/xml-apis-1.4.01.jar
7f1c60337000-7f1c60338000 r--s 00078000 08:01 2109417                    /home/peter/.gradle/wrapper/dists/gradle-6.5-bin/6nifqtx7604sqp1q6g8wikw7p/gradle-6.5/lib/native-platform-windows-i386-min-0.22-milestone-3.jar
7f1c60338000-7f1c60339000 r--s 00078000 08:01 2109416                    /home/peter/.gradle/wrapper/dists/gradle-6.5-bin/6nifqtx7604sqp1q6g8wikw7p/gradle-6.5/lib/native-platform-windows-i386-0.22-milestone-3.jar
7f1c60339000-7f1c6033b000 r--s 00092000 08:01 2109415                    /home/peter/.gradle/wrapper/dists/gradle-6.5-bin/6nifqtx7604sqp1q6g8wikw7p/gradle-6.5/lib/native-platform-windows-amd64-min-0.22-milestone-3.jar
7f1c6033b000-7f1c6033c000 r--s 00093000 08:01 2109414                    /home/peter/.gradle/wrapper/dists/gradle-6.5-bin/6nifqtx7604sqp1q6g8wikw7p/gradle-6.5/lib/native-platform-windows-amd64-0.22-milestone-3.jar
7f1c6033c000-7f1c6033d000 r--s 00017000 08:01 2109413                    /home/peter/.gradle/wrapper/dists/gradle-6.5-bin/6nifqtx7604sqp1q6g8wikw7p/gradle-6.5/lib/native-platform-osx-amd64-0.22-milestone-3.jar
7f1c6033d000-7f1c6033e000 r--s 00001000 08:01 2109421                    /home/peter/.gradle/wrapper/dists/gradle-6.5-bin/6nifqtx7604sqp1q6g8wikw7p/gradle-6.5/lib/native-platform-linux-amd64-ncurses6-0.22-milestone-3.jar
7f1c6033e000-7f1c60340000 r--s 00001000 08:01 2109420                    /home/peter/.gradle/wrapper/dists/gradle-6.5-bin/6nifqtx7604sqp1q6g8wikw7p/gradle-6.5/lib/native-platform-linux-amd64-ncurses5-0.22-milestone-3.jar
7f1c60340000-7f1c60341000 r--s 0005b000 08:01 2109412                    /home/peter/.gradle/wrapper/dists/gradle-6.5-bin/6nifqtx7604sqp1q6g8wikw7p/gradle-6.5/lib/native-platform-linux-amd64-0.22-milestone-3.jar
7f1c60341000-7f1c60342000 r--s 00002000 08:01 2109419                    /home/peter/.gradle/wrapper/dists/gradle-6.5-bin/6nifqtx7604sqp1q6g8wikw7p/gradle-6.5/lib/native-platform-linux-aarch64-ncurses6-0.22-milestone-3.jar
7f1c60342000-7f1c60344000 r--s 00001000 08:01 2109418                    /home/peter/.gradle/wrapper/dists/gradle-6.5-bin/6nifqtx7604sqp1q6g8wikw7p/gradle-6.5/lib/native-platform-linux-aarch64-ncurses5-0.22-milestone-3.jar
7f1c60344000-7f1c60346000 r--s 00059000 08:01 2109411                    /home/peter/.gradle/wrapper/dists/gradle-6.5-bin/6nifqtx7604sqp1q6g8wikw7p/gradle-6.5/lib/native-platform-linux-aarch64-0.22-milestone-3.jar
7f1c60346000-7f1c60347000 r--s 00004000 08:01 2109410                    /home/peter/.gradle/wrapper/dists/gradle-6.5-bin/6nifqtx7604sqp1q6g8wikw7p/gradle-6.5/lib/native-platform-freebsd-amd64-libcpp-0.22-milestone-3.jar
7f1c60347000-7f1c6034c000 r--s 0001f000 08:01 2109385                    /home/peter/.gradle/wrapper/dists/gradle-6.5-bin/6nifqtx7604sqp1q6g8wikw7p/gradle-6.5/lib/native-platform-0.22-milestone-3.jar
7f1c6034c000-7f1c6034d000 r--s 00000000 08:01 2109382                    /home/peter/.gradle/wrapper/dists/gradle-6.5-bin/6nifqtx7604sqp1q6g8wikw7p/gradle-6.5/lib/javax.inject-1.jar
7f1c6034d000-7f1c60359000 r--s 0008b000 08:01 2109383                    /home/peter/.gradle/wrapper/dists/gradle-6.5-bin/6nifqtx7604sqp1q6g8wikw7p/gradle-6.5/lib/commons-compress-1.19.jar
7f1c60359000-7f1c6035b000 r--s 0000b000 08:01 2109379                    /home/peter/.gradle/wrapper/dists/gradle-6.5-bin/6nifqtx7604sqp1q6g8wikw7p/gradle-6.5/lib/asm-tree-7.3.1.jar
7f1c6035b000-7f1c6035d000 r--s 00010000 08:01 2109377                    /home/peter/.gradle/wrapper/dists/gradle-6.5-bin/6nifqtx7604sqp1q6g8wikw7p/gradle-6.5/lib/asm-commons-7.3.1.jar
7f1c6035d000-7f1c6035f000 r--s 00007000 08:01 2109378                    /home/peter/.gradle/wrapper/dists/gradle-6.5-bin/6nifqtx7604sqp1q6g8wikw7p/gradle-6.5/lib/asm-analysis-7.3.1.jar
7f1c6035f000-7f1c60361000 r--s 00003000 08:01 2109358                    /home/peter/.gradle/wrapper/dists/gradle-6.5-bin/6nifqtx7604sqp1q6g8wikw7p/gradle-6.5/lib/gradle-hashing-6.5.jar
7f1c60361000-7f1c60363000 r--s 00003000 08:01 2109369                    /home/peter/.gradle/wrapper/dists/gradle-6.5-bin/6nifqtx7604sqp1q6g8wikw7p/gradle-6.5/lib/jsr305-3.0.2.jar
7f1c60363000-7f1c60365000 r--s 00009000 08:01 2109373                    /home/peter/.gradle/wrapper/dists/gradle-6.5-bin/6nifqtx7604sqp1q6g8wikw7p/gradle-6.5/lib/slf4j-api-1.7.28.jar
7f1c60365000-7f1c60395000 r--s 0024c000 08:01 2109374                    /home/peter/.gradle/wrapper/dists/gradle-6.5-bin/6nifqtx7604sqp1q6g8wikw7p/gradle-6.5/lib/guava-27.1-android.jar
7f1c60395000-7f1c60415000 r--s 00782000 08:01 2109381                    /home/peter/.gradle/wrapper/dists/gradle-6.5-bin/6nifqtx7604sqp1q6g8wikw7p/gradle-6.5/lib/groovy-all-1.3-2.5.11.jar
7f1c60415000-7f1c6041a000 r--s 00041000 08:01 2109375                    /home/peter/.gradle/wrapper/dists/gradle-6.5-bin/6nifqtx7604sqp1q6g8wikw7p/gradle-6.5/lib/commons-lang-2.6.jar
7f1c6041a000-7f1c6043a000 r--s 00204000 08:01 2109384                    /home/peter/.gradle/wrapper/dists/gradle-6.5-bin/6nifqtx7604sqp1q6g8wikw7p/gradle-6.5/lib/ant-1.10.7.jar
7f1c6043a000-7f1c60477000 r--s 0021d000 08:01 2109335                    /home/peter/.gradle/wrapper/dists/gradle-6.5-bin/6nifqtx7604sqp1q6g8wikw7p/gradle-6.5/lib/gradle-core-6.5.jar
7f1c60477000-7f1c60486000 r--s 00047000 08:01 2109341                    /home/peter/.gradle/wrapper/dists/gradle-6.5-bin/6nifqtx7604sqp1q6g8wikw7p/gradle-6.5/lib/gradle-core-api-6.5.jar
7f1c60486000-7f1c60493000 r--s 00063000 08:01 2109351                    /home/peter/.gradle/wrapper/dists/gradle-6.5-bin/6nifqtx7604sqp1q6g8wikw7p/gradle-6.5/lib/gradle-base-services-6.5.jar
7f1c60493000-7f1c604aa000 r-xp 00000000 08:01 2767091                    /home/peter/IDEs/android-studio/jre/jre/lib/amd64/libnet.so
7f1c604aa000-7f1c604ab000 r--p 00016000 08:01 2767091                    /home/peter/IDEs/android-studio/jre/jre/lib/amd64/libnet.so
7f1c604ab000-7f1c604ac000 rw-p 00017000 08:01 2767091                    /home/peter/IDEs/android-studio/jre/jre/lib/amd64/libnet.so
7f1c604ac000-7f1c604bc000 r-xp 00000000 08:01 2767079                    /home/peter/IDEs/android-studio/jre/jre/lib/amd64/libnio.so
7f1c604bc000-7f1c604bd000 ---p 00010000 08:01 2767079                    /home/peter/IDEs/android-studio/jre/jre/lib/amd64/libnio.so
7f1c604bd000-7f1c604be000 r--p 00010000 08:01 2767079                    /home/peter/IDEs/android-studio/jre/jre/lib/amd64/libnio.so
7f1c604be000-7f1c604bf000 rw-p 00011000 08:01 2767079                    /home/peter/IDEs/android-studio/jre/jre/lib/amd64/libnio.so
7f1c604bf000-7f1c604c0000 ---p 00000000 00:00 0 
7f1c604c0000-7f1c605c0000 rw-p 00000000 00:00 0 
7f1c605c0000-7f1c605c3000 ---p 00000000 00:00 0 
7f1c605c3000-7f1c606c1000 rw-p 00000000 00:00 0 
7f1c606c1000-7f1c606c2000 ---p 00000000 00:00 0 
7f1c606c2000-7f1c606c5000 ---p 00000000 00:00 0 
7f1c606c5000-7f1c607c2000 rw-p 00000000 00:00 0 
7f1c607c2000-7f1c607c3000 ---p 00000000 00:00 0 
7f1c607c3000-7f1c607c6000 ---p 00000000 00:00 0 
7f1c607c6000-7f1c608c3000 rw-p 00000000 00:00 0 
7f1c608c3000-7f1c608c4000 ---p 00000000 00:00 0 
7f1c608c4000-7f1c608c7000 ---p 00000000 00:00 0 
7f1c608c7000-7f1c609c4000 rw-p 00000000 00:00 0 
7f1c609c4000-7f1c609c7000 ---p 00000000 00:00 0 
7f1c609c7000-7f1c60ac5000 rw-p 00000000 00:00 0 
7f1c60ac5000-7f1c60daa000 r--p 00000000 08:01 2236915                    /usr/lib/locale/locale-archive
7f1c60daa000-7f1c60dad000 ---p 00000000 00:00 0 
7f1c60dad000-7f1c60eab000 rw-p 00000000 00:00 0 
7f1c60eab000-7f1c60eae000 ---p 00000000 00:00 0 
7f1c60eae000-7f1c60fac000 rw-p 00000000 00:00 0 
7f1c60fac000-7f1c60fad000 ---p 00000000 00:00 0 
7f1c60fad000-7f1c620af000 rw-p 00000000 00:00 0 
7f1c620af000-7f1c62282000 r--s 03cdf000 08:01 2767060                    /home/peter/IDEs/android-studio/jre/jre/lib/rt.jar
7f1c62282000-7f1c62fa3000 rw-p 00000000 00:00 0 
7f1c62fa3000-7f1c62fa4000 ---p 00000000 00:00 0 
7f1c62fa4000-7f1c630a4000 rw-p 00000000 00:00 0 
7f1c630a4000-7f1c630a5000 ---p 00000000 00:00 0 
7f1c630a5000-7f1c631a5000 rw-p 00000000 00:00 0 
7f1c631a5000-7f1c631a6000 ---p 00000000 00:00 0 
7f1c631a6000-7f1c632a6000 rw-p 00000000 00:00 0 
7f1c632a6000-7f1c632a7000 ---p 00000000 00:00 0 
7f1c632a7000-7f1c633c6000 rw-p 00000000 00:00 0 
7f1c633c6000-7f1c63652000 ---p 00000000 00:00 0 
7f1c63652000-7f1c63671000 rw-p 00000000 00:00 0 
7f1c63671000-7f1c638fc000 ---p 00000000 00:00 0 
7f1c638fc000-7f1c63959000 rw-p 00000000 00:00 0 
7f1c63959000-7f1c63a52000 ---p 00000000 00:00 0 
7f1c63a52000-7f1c63a7b000 rw-p 00000000 00:00 0 
7f1c63a7b000-7f1c63e13000 ---p 00000000 00:00 0 
7f1c63e13000-7f1c63e2e000 r-xp 00000000 08:01 2767106                    /home/peter/IDEs/android-studio/jre/jre/lib/amd64/libzip.so
7f1c63e2e000-7f1c63e2f000 r--p 0001a000 08:01 2767106                    /home/peter/IDEs/android-studio/jre/jre/lib/amd64/libzip.so
7f1c63e2f000-7f1c63e30000 rw-p 0001b000 08:01 2767106                    /home/peter/IDEs/android-studio/jre/jre/lib/amd64/libzip.so
7f1c63e30000-7f1c63e33000 r--p 00000000 08:01 2760381                    /usr/lib/x86_64-linux-gnu/libnss_files-2.28.so
7f1c63e33000-7f1c63e3a000 r-xp 00003000 08:01 2760381                    /usr/lib/x86_64-linux-gnu/libnss_files-2.28.so
7f1c63e3a000-7f1c63e3c000 r--p 0000a000 08:01 2760381                    /usr/lib/x86_64-linux-gnu/libnss_files-2.28.so
7f1c63e3c000-7f1c63e3d000 ---p 0000c000 08:01 2760381                    /usr/lib/x86_64-linux-gnu/libnss_files-2.28.so
7f1c63e3d000-7f1c63e3e000 r--p 0000c000 08:01 2760381                    /usr/lib/x86_64-linux-gnu/libnss_files-2.28.so
7f1c63e3e000-7f1c63e3f000 rw-p 0000d000 08:01 2760381                    /usr/lib/x86_64-linux-gnu/libnss_files-2.28.so
7f1c63e3f000-7f1c63e45000 rw-p 00000000 00:00 0 
7f1c63e45000-7f1c63e46000 r--s 00000000 08:01 2109361                    /home/peter/.gradle/wrapper/dists/gradle-6.5-bin/6nifqtx7604sqp1q6g8wikw7p/gradle-6.5/lib/gradle-base-annotations-6.5.jar
7f1c63e46000-7f1c63e4a000 r--s 00031000 08:01 2109376                    /home/peter/.gradle/wrapper/dists/gradle-6.5-bin/6nifqtx7604sqp1q6g8wikw7p/gradle-6.5/lib/commons-io-2.6.jar
7f1c63e4a000-7f1c63e56000 r--s 00068000 08:01 2109330                    /home/peter/.gradle/wrapper/dists/gradle-6.5-bin/6nifqtx7604sqp1q6g8wikw7p/gradle-6.5/lib/gradle-launcher-6.5.jar
7f1c63e56000-7f1c63e5e000 rw-s 00000000 08:01 536467                     /tmp/hsperfdata_peter/16595
7f1c63e5e000-7f1c63e86000 r-xp 00000000 08:01 2767074                    /home/peter/IDEs/android-studio/jre/jre/lib/amd64/libjava.so
7f1c63e86000-7f1c63e87000 r--p 00027000 08:01 2767074                    /home/peter/IDEs/android-studio/jre/jre/lib/amd64/libjava.so
7f1c63e87000-7f1c63e89000 rw-p 00028000 08:01 2767074                    /home/peter/IDEs/android-studio/jre/jre/lib/amd64/libjava.so
7f1c63e89000-7f1c63e8b000 r--p 00000000 08:01 2760611                    /usr/lib/x86_64-linux-gnu/librt-2.28.so
7f1c63e8b000-7f1c63e8f000 r-xp 00002000 08:01 2760611                    /usr/lib/x86_64-linux-gnu/librt-2.28.so
7f1c63e8f000-7f1c63e91000 r--p 00006000 08:01 2760611                    /usr/lib/x86_64-linux-gnu/librt-2.28.so
7f1c63e91000-7f1c63e92000 r--p 00007000 08:01 2760611                    /usr/lib/x86_64-linux-gnu/librt-2.28.so
7f1c63e92000-7f1c63e93000 rw-p 00008000 08:01 2760611                    /usr/lib/x86_64-linux-gnu/librt-2.28.so
7f1c63e93000-7f1c63e94000 ---p 00000000 00:00 0 
7f1c63e94000-7f1c63e97000 ---p 00000000 00:00 0 
7f1c63e97000-7f1c63f94000 rw-p 00000000 00:00 0 
7f1c63f94000-7f1c63fa1000 r--p 00000000 08:01 2760225                    /usr/lib/x86_64-linux-gnu/libm-2.28.so
7f1c63fa1000-7f1c64040000 r-xp 0000d000 08:01 2760225                    /usr/lib/x86_64-linux-gnu/libm-2.28.so
7f1c64040000-7f1c64115000 r--p 000ac000 08:01 2760225                    /usr/lib/x86_64-linux-gnu/libm-2.28.so
7f1c64115000-7f1c64116000 r--p 00180000 08:01 2760225                    /usr/lib/x86_64-linux-gnu/libm-2.28.so
7f1c64116000-7f1c64117000 rw-p 00181000 08:01 2760225                    /usr/lib/x86_64-linux-gnu/libm-2.28.so
7f1c64117000-7f1c64d46000 r-xp 00000000 08:01 2767101                    /home/peter/IDEs/android-studio/jre/jre/lib/amd64/server/libjvm.so
7f1c64d46000-7f1c64dee000 r--p 00c2e000 08:01 2767101                    /home/peter/IDEs/android-studio/jre/jre/lib/amd64/server/libjvm.so
7f1c64dee000-7f1c64e17000 rw-p 00cd6000 08:01 2767101                    /home/peter/IDEs/android-studio/jre/jre/lib/amd64/server/libjvm.so
7f1c64e17000-7f1c64e5d000 rw-p 00000000 00:00 0 
7f1c64e5d000-7f1c64e7f000 r--p 00000000 08:01 2759494                    /usr/lib/x86_64-linux-gnu/libc-2.28.so
7f1c64e7f000-7f1c64fc7000 r-xp 00022000 08:01 2759494                    /usr/lib/x86_64-linux-gnu/libc-2.28.so
7f1c64fc7000-7f1c65013000 r--p 0016a000 08:01 2759494                    /usr/lib/x86_64-linux-gnu/libc-2.28.so
7f1c65013000-7f1c65014000 ---p 001b6000 08:01 2759494                    /usr/lib/x86_64-linux-gnu/libc-2.28.so
7f1c65014000-7f1c65018000 r--p 001b6000 08:01 2759494                    /usr/lib/x86_64-linux-gnu/libc-2.28.so
7f1c65018000-7f1c6501a000 rw-p 001ba000 08:01 2759494                    /usr/lib/x86_64-linux-gnu/libc-2.28.so
7f1c6501a000-7f1c6501e000 rw-p 00000000 00:00 0 
7f1c6501e000-7f1c6501f000 r--p 00000000 08:01 2759626                    /usr/lib/x86_64-linux-gnu/libdl-2.28.so
7f1c6501f000-7f1c65020000 r-xp 00001000 08:01 2759626                    /usr/lib/x86_64-linux-gnu/libdl-2.28.so
7f1c65020000-7f1c65021000 r--p 00002000 08:01 2759626                    /usr/lib/x86_64-linux-gnu/libdl-2.28.so
7f1c65021000-7f1c65022000 r--p 00002000 08:01 2759626                    /usr/lib/x86_64-linux-gnu/libdl-2.28.so
7f1c65022000-7f1c65023000 rw-p 00003000 08:01 2759626                    /usr/lib/x86_64-linux-gnu/libdl-2.28.so
7f1c65023000-7f1c65039000 r-xp 00000000 08:01 2766996                    /home/peter/IDEs/android-studio/jre/lib/amd64/jli/libjli.so
7f1c65039000-7f1c6503a000 r--p 00015000 08:01 2766996                    /home/peter/IDEs/android-studio/jre/lib/amd64/jli/libjli.so
7f1c6503a000-7f1c6503b000 rw-p 00016000 08:01 2766996                    /home/peter/IDEs/android-studio/jre/lib/amd64/jli/libjli.so
7f1c6503b000-7f1c65041000 r--p 00000000 08:01 2760550                    /usr/lib/x86_64-linux-gnu/libpthread-2.28.so
7f1c65041000-7f1c65050000 r-xp 00006000 08:01 2760550                    /usr/lib/x86_64-linux-gnu/libpthread-2.28.so
7f1c65050000-7f1c65056000 r--p 00015000 08:01 2760550                    /usr/lib/x86_64-linux-gnu/libpthread-2.28.so
7f1c65056000-7f1c65057000 r--p 0001a000 08:01 2760550                    /usr/lib/x86_64-linux-gnu/libpthread-2.28.so
7f1c65057000-7f1c65058000 rw-p 0001b000 08:01 2760550                    /usr/lib/x86_64-linux-gnu/libpthread-2.28.so
7f1c65058000-7f1c6505e000 rw-p 00000000 00:00 0 
7f1c6505e000-7f1c65060000 r--s 00000000 08:01 2109408                    /home/peter/.gradle/wrapper/dists/gradle-6.5-bin/6nifqtx7604sqp1q6g8wikw7p/gradle-6.5/lib/failureaccess-1.0.1.jar
7f1c65060000-7f1c65062000 r--s 0001c000 08:01 2109380                    /home/peter/.gradle/wrapper/dists/gradle-6.5-bin/6nifqtx7604sqp1q6g8wikw7p/gradle-6.5/lib/asm-7.3.1.jar
7f1c65062000-7f1c65063000 r--s 00004000 08:01 2109406                    /home/peter/.gradle/wrapper/dists/gradle-6.5-bin/6nifqtx7604sqp1q6g8wikw7p/gradle-6.5/lib/ant-launcher-1.10.7.jar
7f1c65063000-7f1c65065000 r--s 00001000 08:01 2109331                    /home/peter/.gradle/wrapper/dists/gradle-6.5-bin/6nifqtx7604sqp1q6g8wikw7p/gradle-6.5/lib/gradle-bootstrap-6.5.jar
7f1c65065000-7f1c65066000 rw-p 00000000 00:00 0 
7f1c65066000-7f1c65067000 ---p 00000000 00:00 0 
7f1c65067000-7f1c65074000 r-xp 00000000 08:01 2767088                    /home/peter/IDEs/android-studio/jre/jre/lib/amd64/libverify.so
7f1c65074000-7f1c65076000 r--p 0000c000 08:01 2767088                    /home/peter/IDEs/android-studio/jre/jre/lib/amd64/libverify.so
7f1c65076000-7f1c65077000 rw-p 0000e000 08:01 2767088                    /home/peter/IDEs/android-studio/jre/jre/lib/amd64/libverify.so
7f1c65077000-7f1c65078000 r--p 00000000 08:01 2758833                    /usr/lib/x86_64-linux-gnu/ld-2.28.so
7f1c65078000-7f1c65096000 r-xp 00001000 08:01 2758833                    /usr/lib/x86_64-linux-gnu/ld-2.28.so
7f1c65096000-7f1c6509e000 r--p 0001f000 08:01 2758833                    /usr/lib/x86_64-linux-gnu/ld-2.28.so
7f1c6509e000-7f1c6509f000 r--p 00026000 08:01 2758833                    /usr/lib/x86_64-linux-gnu/ld-2.28.so
7f1c6509f000-7f1c650a0000 rw-p 00027000 08:01 2758833                    /usr/lib/x86_64-linux-gnu/ld-2.28.so
7f1c650a0000-7f1c650a1000 rw-p 00000000 00:00 0 
7ffd55c7c000-7ffd55c9d000 rw-p 00000000 00:00 0                          [stack]
7ffd55ddf000-7ffd55de2000 r--p 00000000 00:00 0                          [vvar]
7ffd55de2000-7ffd55de4000 r-xp 00000000 00:00 0                          [vdso]

VM Arguments:
jvm_args: -Xmx2048m -Dfile.encoding=UTF-8 -Duser.country=US -Duser.language=en -Duser.variant 
java_command: org.gradle.launcher.daemon.bootstrap.GradleDaemon 6.5
java_class_path (initial): /home/peter/.gradle/wrapper/dists/gradle-6.5-bin/6nifqtx7604sqp1q6g8wikw7p/gradle-6.5/lib/gradle-launcher-6.5.jar
Launcher Type: SUN_STANDARD

Environment Variables:
PATH=/usr/local/bin:/usr/bin:/bin:/usr/local/games:/usr/games
SHELL=/usr/bin/fish
DISPLAY=:0

Signal Handlers:
SIGSEGV: [libjvm.so+0xa13c80], sa_mask[0]=11111111011111111101111111111110, sa_flags=SA_RESTART|SA_SIGINFO
SIGBUS: [libjvm.so+0xa13c80], sa_mask[0]=11111111011111111101111111111110, sa_flags=SA_RESTART|SA_SIGINFO
SIGFPE: [libjvm.so+0x874670], sa_mask[0]=11111111011111111101111111111110, sa_flags=SA_RESTART|SA_SIGINFO
SIGPIPE: [libjvm.so+0x874670], sa_mask[0]=11111111011111111101111111111110, sa_flags=SA_RESTART|SA_SIGINFO
SIGXFSZ: [libjvm.so+0x874670], sa_mask[0]=11111111011111111101111111111110, sa_flags=SA_RESTART|SA_SIGINFO
SIGILL: [libjvm.so+0x874670], sa_mask[0]=11111111011111111101111111111110, sa_flags=SA_RESTART|SA_SIGINFO
SIGUSR1: SIG_DFL, sa_mask[0]=00000000000000000000000000000000, sa_flags=none
SIGUSR2: [libjvm.so+0x874540], sa_mask[0]=00100000000000000000000000000000, sa_flags=SA_RESTART|SA_SIGINFO
SIGHUP: [libjvm.so+0x874730], sa_mask[0]=11111111011111111101111111111110, sa_flags=SA_RESTART|SA_SIGINFO
SIGINT: [libjvm.so+0x874730], sa_mask[0]=11111111011111111101111111111110, sa_flags=SA_RESTART|SA_SIGINFO
SIGTERM: [libjvm.so+0x874730], sa_mask[0]=11111111011111111101111111111110, sa_flags=SA_RESTART|SA_SIGINFO
SIGQUIT: [libjvm.so+0x874730], sa_mask[0]=11111111011111111101111111111110, sa_flags=SA_RESTART|SA_SIGINFO


---------------  S Y S T E M  ---------------

OS:PRETTY_NAME="Debian GNU/Linux 10 (buster)"
NAME="Debian GNU/Linux"
VERSION_ID="10"
VERSION="10 (buster)"
VERSION_CODENAME=buster
ID=debian
HOME_URL="https://www.debian.org/"
SUPPORT_URL="https://www.debian.org/support"
BUG_REPORT_URL="https://bugs.debian.org/"

uname:Linux 4.19.0-14-amd64 #1 SMP Debian 4.19.171-2 (2021-01-30) x86_64
libc:glibc 2.28 NPTL 2.28 
rlimit: STACK 8192k, CORE 0k, NPROC 31755, NOFILE 1048576, AS infinity
load average:0.99 0.89 0.95

/proc/meminfo:
MemTotal:        8169936 kB
MemFree:          114804 kB
MemAvailable:      10788 kB
Buffers:             636 kB
Cached:           222688 kB
SwapCached:            0 kB
Active:          7611924 kB
Inactive:         216500 kB
Active(anon):    7607144 kB
Inactive(anon):   211132 kB
Active(file):       4780 kB
Inactive(file):     5368 kB
Unevictable:          80 kB
Mlocked:              80 kB
SwapTotal:             0 kB
SwapFree:              0 kB
Dirty:               232 kB
Writeback:             0 kB
AnonPages:       7605648 kB
Mapped:           212840 kB
Shmem:            212708 kB
Slab:             106732 kB
SReclaimable:      51704 kB
SUnreclaim:        55028 kB
KernelStack:       12416 kB
PageTables:        33640 kB
NFS_Unstable:          0 kB
Bounce:                0 kB
WritebackTmp:          0 kB
CommitLimit:     4084968 kB
Committed_AS:    8852048 kB
VmallocTotal:   34359738367 kB
VmallocUsed:           0 kB
VmallocChunk:          0 kB
Percpu:             1440 kB
HardwareCorrupted:     0 kB
AnonHugePages:   4777984 kB
ShmemHugePages:        0 kB
ShmemPmdMapped:        0 kB
HugePages_Total:       0
HugePages_Free:        0
HugePages_Rsvd:        0
HugePages_Surp:        0
Hugepagesize:       2048 kB
Hugetlb:               0 kB
DirectMap4k:      133056 kB
DirectMap2M:     8255488 kB

container (cgroup) information:
container_type: cgroupv1
cpu_cpuset_cpus: 0-3
cpu_memory_nodes: 0
active_processor_count: 4
cpu_quota: -1
cpu_period: 100000
cpu_shares: -1
memory_limit_in_bytes: -1
memory_and_swap_limit_in_bytes: -2
memory_soft_limit_in_bytes: -1
memory_usage_in_bytes: 7864340480
memory_max_usage_in_bytes: 7913930752


CPU:total 4 (initial active 4) (4 cores per cpu, 1 threads per core) family 6 model 158 stepping 10, cmov, cx8, fxsr, mmx, sse, sse2, sse3, ssse3, sse4.1, sse4.2, popcnt, avx, avx2, aes, clmul, 3dnowpref, lzcnt, tsc, tscinvbit

/proc/cpuinfo:
processor	: 0
vendor_id	: GenuineIntel
cpu family	: 6
model		: 158
model name	: Intel(R) Core(TM) i5-8300H CPU @ 2.30GHz
stepping	: 10
cpu MHz		: 2303.998
cache size	: 8192 KB
physical id	: 0
siblings	: 4
core id		: 0
cpu cores	: 4
apicid		: 0
initial apicid	: 0
fpu		: yes
fpu_exception	: yes
cpuid level	: 22
wp		: yes
flags		: fpu vme de pse tsc msr pae mce cx8 apic sep mtrr pge mca cmov pat pse36 clflush mmx fxsr sse sse2 ht syscall nx rdtscp lm constant_tsc rep_good nopl xtopology nonstop_tsc cpuid tsc_known_freq pni pclmulqdq ssse3 cx16 pcid sse4_1 sse4_2 x2apic movbe popcnt aes xsave avx rdrand hypervisor lahf_lm abm 3dnowprefetch invpcid_single pti fsgsbase avx2 invpcid rdseed clflushopt md_clear flush_l1d
bugs		: cpu_meltdown spectre_v1 spectre_v2 spec_store_bypass l1tf mds swapgs itlb_multihit srbds
bogomips	: 4607.99
clflush size	: 64
cache_alignment	: 64
address sizes	: 39 bits physical, 48 bits virtual
power management:

processor	: 1
vendor_id	: GenuineIntel
cpu family	: 6
model		: 158
model name	: Intel(R) Core(TM) i5-8300H CPU @ 2.30GHz
stepping	: 10
cpu MHz		: 2303.998
cache size	: 8192 KB
physical id	: 0
siblings	: 4
core id		: 1
cpu cores	: 4
apicid		: 1
initial apicid	: 1
fpu		: yes
fpu_exception	: yes
cpuid level	: 22
wp		: yes
flags		: fpu vme de pse tsc msr pae mce cx8 apic sep mtrr pge mca cmov pat pse36 clflush mmx fxsr sse sse2 ht syscall nx rdtscp lm constant_tsc rep_good nopl xtopology nonstop_tsc cpuid tsc_known_freq pni pclmulqdq ssse3 cx16 pcid sse4_1 sse4_2 x2apic movbe popcnt aes xsave avx rdrand hypervisor lahf_lm abm 3dnowprefetch invpcid_single pti fsgsbase avx2 invpcid rdseed clflushopt md_clear flush_l1d
bugs		: cpu_meltdown spectre_v1 spectre_v2 spec_store_bypass l1tf mds swapgs itlb_multihit srbds
bogomips	: 4607.99
clflush size	: 64
cache_alignment	: 64
address sizes	: 39 bits physical, 48 bits virtual
power management:

processor	: 2
vendor_id	: GenuineIntel
cpu family	: 6
model		: 158
model name	: Intel(R) Core(TM) i5-8300H CPU @ 2.30GHz
stepping	: 10
cpu MHz		: 2303.998
cache size	: 8192 KB
physical id	: 0
siblings	: 4
core id		: 2
cpu cores	: 4
apicid		: 2
initial apicid	: 2
fpu		: yes
fpu_exception	: yes
cpuid level	: 22
wp		: yes
flags		: fpu vme de pse tsc msr pae mce cx8 apic sep mtrr pge mca cmov pat pse36 clflush mmx fxsr sse sse2 ht syscall nx rdtscp lm constant_tsc rep_good nopl xtopology nonstop_tsc cpuid tsc_known_freq pni pclmulqdq ssse3 cx16 pcid sse4_1 sse4_2 x2apic movbe popcnt aes xsave avx rdrand hypervisor lahf_lm abm 3dnowprefetch invpcid_single pti fsgsbase avx2 invpcid rdseed clflushopt md_clear flush_l1d
bugs		: cpu_meltdown spectre_v1 spectre_v2 spec_store_bypass l1tf mds swapgs itlb_multihit srbds
bogomips	: 4607.99
clflush size	: 64
cache_alignment	: 64
address sizes	: 39 bits physical, 48 bits virtual
power management:

processor	: 3
vendor_id	: GenuineIntel
cpu family	: 6
model		: 158
model name	: Intel(R) Core(TM) i5-8300H CPU @ 2.30GHz
stepping	: 10
cpu MHz		: 2303.998
cache size	: 8192 KB
physical id	: 0
siblings	: 4
core id		: 3
cpu cores	: 4
apicid		: 3
initial apicid	: 3
fpu		: yes
fpu_exception	: yes
cpuid level	: 22
wp		: yes
flags		: fpu vme de pse tsc msr pae mce cx8 apic sep mtrr pge mca cmov pat pse36 clflush mmx fxsr sse sse2 ht syscall nx rdtscp lm constant_tsc rep_good nopl xtopology nonstop_tsc cpuid tsc_known_freq pni pclmulqdq ssse3 cx16 pcid sse4_1 sse4_2 x2apic movbe popcnt aes xsave avx rdrand hypervisor lahf_lm abm 3dnowprefetch invpcid_single pti fsgsbase avx2 invpcid rdseed clflushopt md_clear flush_l1d
bugs		: cpu_meltdown spectre_v1 spectre_v2 spec_store_bypass l1tf mds swapgs itlb_multihit srbds
bogomips	: 4607.99
clflush size	: 64
cache_alignment	: 64
address sizes	: 39 bits physical, 48 bits virtual
power management:



Memory: 4k page, physical 8169936k(114804k free), swap 0k(0k free)

vm_info: OpenJDK 64-Bit Server VM (25.242-b3-6222593) for linux-amd64 JRE (1.8.0_242-release-1644-b3-6222593), built by "android-build" with gcc 4.8

time: Sun Mar 14 18:59:59 2021
timezone: CST
elapsed time: 4 seconds (0d 0h 0m 4s)

